<?xml version="1.0" encoding="UTF-8"?>
<testsuite name="net.javaguides.sms.service.impl.StudentServiceImplDiffblueTest" tests="6" skipped="0" failures="0" errors="0" timestamp="2023-11-03T09:49:38" hostname="ALIPL3204" time="0.024">
  <properties/>
  <testcase name="testSaveStudent" classname="net.javaguides.sms.service.impl.StudentServiceImplDiffblueTest" time="0.003"/>
  <testcase name="testUpdateStudent" classname="net.javaguides.sms.service.impl.StudentServiceImplDiffblueTest" time="0.003"/>
  <testcase name="testGetAllStudents" classname="net.javaguides.sms.service.impl.StudentServiceImplDiffblueTest" time="0.002"/>
  <testcase name="testDeleteStudentById" classname="net.javaguides.sms.service.impl.StudentServiceImplDiffblueTest" time="0.002"/>
  <testcase name="testGetStudentById" classname="net.javaguides.sms.service.impl.StudentServiceImplDiffblueTest" time="0.002"/>
  <testcase name="testGetStudentById2" classname="net.javaguides.sms.service.impl.StudentServiceImplDiffblueTest" time="0.004"/>
  <system-out><![CDATA[15:19:38.720 [Test worker] DEBUG org.springframework.test.context.junit4.SpringJUnit4ClassRunner - SpringJUnit4ClassRunner constructor called with [class net.javaguides.sms.service.impl.StudentServiceImplDiffblueTest]
15:19:38.720 [Test worker] DEBUG org.springframework.test.context.BootstrapUtils - Instantiating CacheAwareContextLoaderDelegate from class [org.springframework.test.context.cache.DefaultCacheAwareContextLoaderDelegate]
15:19:38.720 [Test worker] DEBUG org.springframework.test.context.BootstrapUtils - Instantiating BootstrapContext using constructor [public org.springframework.test.context.support.DefaultBootstrapContext(java.lang.Class,org.springframework.test.context.CacheAwareContextLoaderDelegate)]
15:19:38.720 [Test worker] DEBUG org.springframework.test.context.BootstrapUtils - Instantiating TestContextBootstrapper for test class [net.javaguides.sms.service.impl.StudentServiceImplDiffblueTest] from class [org.springframework.test.context.support.DefaultTestContextBootstrapper]
15:19:38.720 [Test worker] DEBUG org.springframework.test.context.support.AbstractDelegatingSmartContextLoader - Delegating to AnnotationConfigContextLoader to process context configuration [ContextConfigurationAttributes@61874b9d declaringClass = 'net.javaguides.sms.service.impl.StudentServiceImplDiffblueTest', classes = '{class net.javaguides.sms.service.impl.StudentServiceImpl}', locations = '{}', inheritLocations = true, initializers = '{}', inheritInitializers = true, name = [null], contextLoaderClass = 'org.springframework.test.context.ContextLoader'].
15:19:38.720 [Test worker] DEBUG org.springframework.test.context.support.ActiveProfilesUtils - Could not find an 'annotation declaring class' for annotation type [org.springframework.test.context.ActiveProfiles] and class [net.javaguides.sms.service.impl.StudentServiceImplDiffblueTest]
15:19:38.720 [Test worker] DEBUG org.springframework.test.context.support.DefaultTestContextBootstrapper - @TestExecutionListeners is not present for class [net.javaguides.sms.service.impl.StudentServiceImplDiffblueTest]: using defaults.
15:19:38.720 [Test worker] INFO org.springframework.test.context.support.DefaultTestContextBootstrapper - Loaded default TestExecutionListener class names from location [META-INF/spring.factories]: [org.springframework.boot.test.autoconfigure.restdocs.RestDocsTestExecutionListener, org.springframework.boot.test.autoconfigure.web.client.MockRestServiceServerResetTestExecutionListener, org.springframework.boot.test.autoconfigure.web.servlet.MockMvcPrintOnlyOnFailureTestExecutionListener, org.springframework.boot.test.autoconfigure.web.servlet.WebDriverTestExecutionListener, org.springframework.boot.test.autoconfigure.webservices.client.MockWebServiceServerTestExecutionListener, org.springframework.boot.test.mock.mockito.MockitoTestExecutionListener, org.springframework.boot.test.mock.mockito.ResetMocksTestExecutionListener, org.springframework.test.context.web.ServletTestExecutionListener, org.springframework.test.context.support.DirtiesContextBeforeModesTestExecutionListener, org.springframework.test.context.event.ApplicationEventsTestExecutionListener, org.springframework.test.context.support.DependencyInjectionTestExecutionListener, org.springframework.test.context.support.DirtiesContextTestExecutionListener, org.springframework.test.context.transaction.TransactionalTestExecutionListener, org.springframework.test.context.jdbc.SqlScriptsTestExecutionListener, org.springframework.test.context.event.EventPublishingTestExecutionListener]
15:19:38.720 [Test worker] INFO org.springframework.test.context.support.DefaultTestContextBootstrapper - Using TestExecutionListeners: [org.springframework.test.context.web.ServletTestExecutionListener@d611f1c, org.springframework.test.context.support.DirtiesContextBeforeModesTestExecutionListener@4f2d014a, org.springframework.test.context.event.ApplicationEventsTestExecutionListener@51fc862e, org.springframework.boot.test.mock.mockito.MockitoTestExecutionListener@a7cf42f, org.springframework.test.context.support.DependencyInjectionTestExecutionListener@fe09383, org.springframework.test.context.support.DirtiesContextTestExecutionListener@28e0e464, org.springframework.test.context.transaction.TransactionalTestExecutionListener@1d98daa0, org.springframework.test.context.jdbc.SqlScriptsTestExecutionListener@70a898b0, org.springframework.test.context.event.EventPublishingTestExecutionListener@7bdf61ad, org.springframework.boot.test.autoconfigure.restdocs.RestDocsTestExecutionListener@54336976, org.springframework.boot.test.autoconfigure.web.client.MockRestServiceServerResetTestExecutionListener@f25f48a, org.springframework.boot.test.autoconfigure.web.servlet.MockMvcPrintOnlyOnFailureTestExecutionListener@3b7c80c6, org.springframework.boot.test.autoconfigure.web.servlet.WebDriverTestExecutionListener@3b2e5c0d, org.springframework.boot.test.autoconfigure.webservices.client.MockWebServiceServerTestExecutionListener@7499eac7, org.springframework.boot.test.mock.mockito.ResetMocksTestExecutionListener@5438c17a]
15:19:38.720 [Test worker] DEBUG org.springframework.test.annotation.ProfileValueUtils - Retrieved @ProfileValueSourceConfiguration [null] for test class [net.javaguides.sms.service.impl.StudentServiceImplDiffblueTest]
15:19:38.720 [Test worker] DEBUG org.springframework.test.annotation.ProfileValueUtils - Retrieved ProfileValueSource type [class org.springframework.test.annotation.SystemProfileValueSource] for class [net.javaguides.sms.service.impl.StudentServiceImplDiffblueTest]
15:19:38.720 [Test worker] DEBUG org.springframework.test.annotation.ProfileValueUtils - Retrieved @ProfileValueSourceConfiguration [null] for test class [net.javaguides.sms.service.impl.StudentServiceImplDiffblueTest]
15:19:38.720 [Test worker] DEBUG org.springframework.test.annotation.ProfileValueUtils - Retrieved ProfileValueSource type [class org.springframework.test.annotation.SystemProfileValueSource] for class [net.javaguides.sms.service.impl.StudentServiceImplDiffblueTest]
15:19:38.720 [Test worker] DEBUG org.springframework.test.annotation.ProfileValueUtils - Retrieved @ProfileValueSourceConfiguration [null] for test class [net.javaguides.sms.service.impl.StudentServiceImplDiffblueTest]
15:19:38.720 [Test worker] DEBUG org.springframework.test.annotation.ProfileValueUtils - Retrieved ProfileValueSource type [class org.springframework.test.annotation.SystemProfileValueSource] for class [net.javaguides.sms.service.impl.StudentServiceImplDiffblueTest]
15:19:38.720 [Test worker] DEBUG org.springframework.test.annotation.ProfileValueUtils - Retrieved @ProfileValueSourceConfiguration [null] for test class [net.javaguides.sms.service.impl.StudentServiceImplDiffblueTest]
15:19:38.720 [Test worker] DEBUG org.springframework.test.annotation.ProfileValueUtils - Retrieved ProfileValueSource type [class org.springframework.test.annotation.SystemProfileValueSource] for class [net.javaguides.sms.service.impl.StudentServiceImplDiffblueTest]
15:19:38.720 [Test worker] DEBUG org.springframework.test.context.support.AbstractDirtiesContextTestExecutionListener - Before test class: context [DefaultTestContext@b9d018b testClass = StudentServiceImplDiffblueTest, testInstance = [null], testMethod = [null], testException = [null], mergedContextConfiguration = [MergedContextConfiguration@429aeac1 testClass = StudentServiceImplDiffblueTest, locations = '{}', classes = '{class net.javaguides.sms.service.impl.StudentServiceImpl}', contextInitializerClasses = '[]', activeProfiles = '{}', propertySourceLocations = '{}', propertySourceProperties = '{}', contextCustomizers = set[org.springframework.boot.test.autoconfigure.actuate.metrics.MetricsExportContextCustomizerFactory$DisableMetricExportContextCustomizer@3b79fd76, org.springframework.boot.test.autoconfigure.properties.PropertyMappingContextCustomizer@0, org.springframework.boot.test.autoconfigure.web.servlet.WebDriverContextCustomizerFactory$Customizer@14008db3, org.springframework.boot.test.context.filter.ExcludeFilterContextCustomizer@45ac5f9b, org.springframework.boot.test.json.DuplicateJsonObjectContextCustomizerFactory$DuplicateJsonObjectContextCustomizer@68034211, org.springframework.boot.test.mock.mockito.MockitoContextCustomizer@42cb8a60], contextLoader = 'org.springframework.test.context.support.DelegatingSmartContextLoader', parent = [null]], attributes = map[[empty]]], class annotated with @DirtiesContext [false] with mode [null].
15:19:38.720 [Test worker] DEBUG org.springframework.test.annotation.ProfileValueUtils - Retrieved @ProfileValueSourceConfiguration [null] for test class [net.javaguides.sms.service.impl.StudentServiceImplDiffblueTest]
15:19:38.720 [Test worker] DEBUG org.springframework.test.annotation.ProfileValueUtils - Retrieved ProfileValueSource type [class org.springframework.test.annotation.SystemProfileValueSource] for class [net.javaguides.sms.service.impl.StudentServiceImplDiffblueTest]
15:19:38.720 [Test worker] DEBUG org.springframework.test.context.support.AbstractDelegatingSmartContextLoader - Delegating to AnnotationConfigContextLoader to load context from [MergedContextConfiguration@429aeac1 testClass = StudentServiceImplDiffblueTest, locations = '{}', classes = '{class net.javaguides.sms.service.impl.StudentServiceImpl}', contextInitializerClasses = '[]', activeProfiles = '{}', propertySourceLocations = '{}', propertySourceProperties = '{}', contextCustomizers = set[org.springframework.boot.test.autoconfigure.actuate.metrics.MetricsExportContextCustomizerFactory$DisableMetricExportContextCustomizer@3b79fd76, org.springframework.boot.test.autoconfigure.properties.PropertyMappingContextCustomizer@0, org.springframework.boot.test.autoconfigure.web.servlet.WebDriverContextCustomizerFactory$Customizer@14008db3, org.springframework.boot.test.context.filter.ExcludeFilterContextCustomizer@45ac5f9b, org.springframework.boot.test.json.DuplicateJsonObjectContextCustomizerFactory$DuplicateJsonObjectContextCustomizer@68034211, org.springframework.boot.test.mock.mockito.MockitoContextCustomizer@42cb8a60], contextLoader = 'org.springframework.test.context.support.DelegatingSmartContextLoader', parent = [null]].
15:19:38.720 [Test worker] DEBUG org.springframework.test.context.support.AbstractGenericContextLoader - Loading ApplicationContext for merged context configuration [[MergedContextConfiguration@429aeac1 testClass = StudentServiceImplDiffblueTest, locations = '{}', classes = '{class net.javaguides.sms.service.impl.StudentServiceImpl}', contextInitializerClasses = '[]', activeProfiles = '{}', propertySourceLocations = '{}', propertySourceProperties = '{}', contextCustomizers = set[org.springframework.boot.test.autoconfigure.actuate.metrics.MetricsExportContextCustomizerFactory$DisableMetricExportContextCustomizer@3b79fd76, org.springframework.boot.test.autoconfigure.properties.PropertyMappingContextCustomizer@0, org.springframework.boot.test.autoconfigure.web.servlet.WebDriverContextCustomizerFactory$Customizer@14008db3, org.springframework.boot.test.context.filter.ExcludeFilterContextCustomizer@45ac5f9b, org.springframework.boot.test.json.DuplicateJsonObjectContextCustomizerFactory$DuplicateJsonObjectContextCustomizer@68034211, org.springframework.boot.test.mock.mockito.MockitoContextCustomizer@42cb8a60], contextLoader = 'org.springframework.test.context.support.DelegatingSmartContextLoader', parent = [null]]].
15:19:38.720 [Test worker] DEBUG org.springframework.core.env.StandardEnvironment - Activating profiles []
15:19:38.720 [Test worker] DEBUG org.springframework.test.context.support.AnnotationConfigContextLoader - Registering component classes: {class net.javaguides.sms.service.impl.StudentServiceImpl}
15:19:38.734 [Test worker] DEBUG org.springframework.context.support.GenericApplicationContext - Refreshing org.springframework.context.support.GenericApplicationContext@79eeff87
15:19:38.734 [Test worker] DEBUG org.springframework.beans.factory.support.DefaultListableBeanFactory - Creating shared instance of singleton bean 'org.springframework.context.annotation.internalConfigurationAnnotationProcessor'
15:19:38.734 [Test worker] DEBUG org.springframework.beans.factory.support.DefaultListableBeanFactory - Creating shared instance of singleton bean 'org.springframework.boot.test.mock.mockito.MockitoPostProcessor'
15:19:38.736 [Test worker] DEBUG org.springframework.beans.factory.support.DefaultListableBeanFactory - Creating shared instance of singleton bean 'org.springframework.context.event.internalEventListenerProcessor'
15:19:38.736 [Test worker] DEBUG org.springframework.beans.factory.support.DefaultListableBeanFactory - Creating shared instance of singleton bean 'org.springframework.context.event.internalEventListenerFactory'
15:19:38.736 [Test worker] DEBUG org.springframework.beans.factory.support.DefaultListableBeanFactory - Creating shared instance of singleton bean 'org.springframework.context.annotation.internalAutowiredAnnotationProcessor'
15:19:38.736 [Test worker] DEBUG org.springframework.beans.factory.support.DefaultListableBeanFactory - Creating shared instance of singleton bean 'org.springframework.context.annotation.internalCommonAnnotationProcessor'
15:19:38.736 [Test worker] DEBUG org.springframework.beans.factory.support.DefaultListableBeanFactory - Creating shared instance of singleton bean 'org.springframework.context.annotation.internalPersistenceAnnotationProcessor'
15:19:38.736 [Test worker] DEBUG org.springframework.beans.factory.support.DefaultListableBeanFactory - Creating shared instance of singleton bean 'org.springframework.boot.test.mock.mockito.MockitoPostProcessor$SpyPostProcessor'
15:19:38.736 [Test worker] DEBUG org.springframework.beans.factory.support.DefaultListableBeanFactory - Creating shared instance of singleton bean 'studentServiceImpl'
15:19:38.736 [Test worker] DEBUG org.springframework.beans.factory.support.DefaultListableBeanFactory - Autowiring by type from bean name 'studentServiceImpl' via constructor to bean named 'net.javaguides.sms.repository.StudentRepository#0'
15:19:38.736 [Test worker] DEBUG org.springframework.test.context.cache.DefaultCacheAwareContextLoaderDelegate - Storing ApplicationContext [2045706119] in cache under key [[MergedContextConfiguration@429aeac1 testClass = StudentServiceImplDiffblueTest, locations = '{}', classes = '{class net.javaguides.sms.service.impl.StudentServiceImpl}', contextInitializerClasses = '[]', activeProfiles = '{}', propertySourceLocations = '{}', propertySourceProperties = '{}', contextCustomizers = set[org.springframework.boot.test.autoconfigure.actuate.metrics.MetricsExportContextCustomizerFactory$DisableMetricExportContextCustomizer@3b79fd76, org.springframework.boot.test.autoconfigure.properties.PropertyMappingContextCustomizer@0, org.springframework.boot.test.autoconfigure.web.servlet.WebDriverContextCustomizerFactory$Customizer@14008db3, org.springframework.boot.test.context.filter.ExcludeFilterContextCustomizer@45ac5f9b, org.springframework.boot.test.json.DuplicateJsonObjectContextCustomizerFactory$DuplicateJsonObjectContextCustomizer@68034211, org.springframework.boot.test.mock.mockito.MockitoContextCustomizer@42cb8a60], contextLoader = 'org.springframework.test.context.support.DelegatingSmartContextLoader', parent = [null]]]
15:19:38.736 [Test worker] DEBUG org.springframework.test.context.cache - Spring test ApplicationContext cache statistics: [DefaultContextCache@5e5073ab size = 2, maxSize = 32, parentContextCount = 0, hitCount = 194, missCount = 2]
15:19:38.736 [Test worker] DEBUG org.springframework.test.context.support.DependencyInjectionTestExecutionListener - Performing dependency injection for test context [[DefaultTestContext@b9d018b testClass = StudentServiceImplDiffblueTest, testInstance = net.javaguides.sms.service.impl.StudentServiceImplDiffblueTest@1dad01fe, testMethod = [null], testException = [null], mergedContextConfiguration = [MergedContextConfiguration@429aeac1 testClass = StudentServiceImplDiffblueTest, locations = '{}', classes = '{class net.javaguides.sms.service.impl.StudentServiceImpl}', contextInitializerClasses = '[]', activeProfiles = '{}', propertySourceLocations = '{}', propertySourceProperties = '{}', contextCustomizers = set[org.springframework.boot.test.autoconfigure.actuate.metrics.MetricsExportContextCustomizerFactory$DisableMetricExportContextCustomizer@3b79fd76, org.springframework.boot.test.autoconfigure.properties.PropertyMappingContextCustomizer@0, org.springframework.boot.test.autoconfigure.web.servlet.WebDriverContextCustomizerFactory$Customizer@14008db3, org.springframework.boot.test.context.filter.ExcludeFilterContextCustomizer@45ac5f9b, org.springframework.boot.test.json.DuplicateJsonObjectContextCustomizerFactory$DuplicateJsonObjectContextCustomizer@68034211, org.springframework.boot.test.mock.mockito.MockitoContextCustomizer@42cb8a60], contextLoader = 'org.springframework.test.context.support.DelegatingSmartContextLoader', parent = [null]], attributes = map['org.springframework.test.context.event.ApplicationEventsTestExecutionListener.recordApplicationEvents' -> false]]].
15:19:38.736 [Test worker] DEBUG org.springframework.test.context.cache.DefaultCacheAwareContextLoaderDelegate - Retrieved ApplicationContext [2045706119] from cache with key [[MergedContextConfiguration@429aeac1 testClass = StudentServiceImplDiffblueTest, locations = '{}', classes = '{class net.javaguides.sms.service.impl.StudentServiceImpl}', contextInitializerClasses = '[]', activeProfiles = '{}', propertySourceLocations = '{}', propertySourceProperties = '{}', contextCustomizers = set[org.springframework.boot.test.autoconfigure.actuate.metrics.MetricsExportContextCustomizerFactory$DisableMetricExportContextCustomizer@3b79fd76, org.springframework.boot.test.autoconfigure.properties.PropertyMappingContextCustomizer@0, org.springframework.boot.test.autoconfigure.web.servlet.WebDriverContextCustomizerFactory$Customizer@14008db3, org.springframework.boot.test.context.filter.ExcludeFilterContextCustomizer@45ac5f9b, org.springframework.boot.test.json.DuplicateJsonObjectContextCustomizerFactory$DuplicateJsonObjectContextCustomizer@68034211, org.springframework.boot.test.mock.mockito.MockitoContextCustomizer@42cb8a60], contextLoader = 'org.springframework.test.context.support.DelegatingSmartContextLoader', parent = [null]]]
15:19:38.736 [Test worker] DEBUG org.springframework.test.context.cache - Spring test ApplicationContext cache statistics: [DefaultContextCache@5e5073ab size = 2, maxSize = 32, parentContextCount = 0, hitCount = 195, missCount = 2]
15:19:38.736 [Test worker] DEBUG org.springframework.test.context.cache.DefaultCacheAwareContextLoaderDelegate - Retrieved ApplicationContext [2045706119] from cache with key [[MergedContextConfiguration@429aeac1 testClass = StudentServiceImplDiffblueTest, locations = '{}', classes = '{class net.javaguides.sms.service.impl.StudentServiceImpl}', contextInitializerClasses = '[]', activeProfiles = '{}', propertySourceLocations = '{}', propertySourceProperties = '{}', contextCustomizers = set[org.springframework.boot.test.autoconfigure.actuate.metrics.MetricsExportContextCustomizerFactory$DisableMetricExportContextCustomizer@3b79fd76, org.springframework.boot.test.autoconfigure.properties.PropertyMappingContextCustomizer@0, org.springframework.boot.test.autoconfigure.web.servlet.WebDriverContextCustomizerFactory$Customizer@14008db3, org.springframework.boot.test.context.filter.ExcludeFilterContextCustomizer@45ac5f9b, org.springframework.boot.test.json.DuplicateJsonObjectContextCustomizerFactory$DuplicateJsonObjectContextCustomizer@68034211, org.springframework.boot.test.mock.mockito.MockitoContextCustomizer@42cb8a60], contextLoader = 'org.springframework.test.context.support.DelegatingSmartContextLoader', parent = [null]]]
15:19:38.736 [Test worker] DEBUG org.springframework.test.context.cache - Spring test ApplicationContext cache statistics: [DefaultContextCache@5e5073ab size = 2, maxSize = 32, parentContextCount = 0, hitCount = 196, missCount = 2]
15:19:38.736 [Test worker] DEBUG org.springframework.test.context.support.AbstractDirtiesContextTestExecutionListener - Before test method: context [DefaultTestContext@b9d018b testClass = StudentServiceImplDiffblueTest, testInstance = net.javaguides.sms.service.impl.StudentServiceImplDiffblueTest@1dad01fe, testMethod = testSaveStudent@StudentServiceImplDiffblueTest, testException = [null], mergedContextConfiguration = [MergedContextConfiguration@429aeac1 testClass = StudentServiceImplDiffblueTest, locations = '{}', classes = '{class net.javaguides.sms.service.impl.StudentServiceImpl}', contextInitializerClasses = '[]', activeProfiles = '{}', propertySourceLocations = '{}', propertySourceProperties = '{}', contextCustomizers = set[org.springframework.boot.test.autoconfigure.actuate.metrics.MetricsExportContextCustomizerFactory$DisableMetricExportContextCustomizer@3b79fd76, org.springframework.boot.test.autoconfigure.properties.PropertyMappingContextCustomizer@0, org.springframework.boot.test.autoconfigure.web.servlet.WebDriverContextCustomizerFactory$Customizer@14008db3, org.springframework.boot.test.context.filter.ExcludeFilterContextCustomizer@45ac5f9b, org.springframework.boot.test.json.DuplicateJsonObjectContextCustomizerFactory$DuplicateJsonObjectContextCustomizer@68034211, org.springframework.boot.test.mock.mockito.MockitoContextCustomizer@42cb8a60], contextLoader = 'org.springframework.test.context.support.DelegatingSmartContextLoader', parent = [null]], attributes = map['org.springframework.test.context.event.ApplicationEventsTestExecutionListener.recordApplicationEvents' -> false]], class annotated with @DirtiesContext [false] with mode [null], method annotated with @DirtiesContext [false] with mode [null].
15:19:38.736 [Test worker] DEBUG org.springframework.test.context.cache.DefaultCacheAwareContextLoaderDelegate - Retrieved ApplicationContext [2045706119] from cache with key [[MergedContextConfiguration@429aeac1 testClass = StudentServiceImplDiffblueTest, locations = '{}', classes = '{class net.javaguides.sms.service.impl.StudentServiceImpl}', contextInitializerClasses = '[]', activeProfiles = '{}', propertySourceLocations = '{}', propertySourceProperties = '{}', contextCustomizers = set[org.springframework.boot.test.autoconfigure.actuate.metrics.MetricsExportContextCustomizerFactory$DisableMetricExportContextCustomizer@3b79fd76, org.springframework.boot.test.autoconfigure.properties.PropertyMappingContextCustomizer@0, org.springframework.boot.test.autoconfigure.web.servlet.WebDriverContextCustomizerFactory$Customizer@14008db3, org.springframework.boot.test.context.filter.ExcludeFilterContextCustomizer@45ac5f9b, org.springframework.boot.test.json.DuplicateJsonObjectContextCustomizerFactory$DuplicateJsonObjectContextCustomizer@68034211, org.springframework.boot.test.mock.mockito.MockitoContextCustomizer@42cb8a60], contextLoader = 'org.springframework.test.context.support.DelegatingSmartContextLoader', parent = [null]]]
15:19:38.736 [Test worker] DEBUG org.springframework.test.context.cache - Spring test ApplicationContext cache statistics: [DefaultContextCache@5e5073ab size = 2, maxSize = 32, parentContextCount = 0, hitCount = 197, missCount = 2]
15:19:38.736 [Test worker] DEBUG org.springframework.test.context.cache.DefaultCacheAwareContextLoaderDelegate - Retrieved ApplicationContext [2045706119] from cache with key [[MergedContextConfiguration@429aeac1 testClass = StudentServiceImplDiffblueTest, locations = '{}', classes = '{class net.javaguides.sms.service.impl.StudentServiceImpl}', contextInitializerClasses = '[]', activeProfiles = '{}', propertySourceLocations = '{}', propertySourceProperties = '{}', contextCustomizers = set[org.springframework.boot.test.autoconfigure.actuate.metrics.MetricsExportContextCustomizerFactory$DisableMetricExportContextCustomizer@3b79fd76, org.springframework.boot.test.autoconfigure.properties.PropertyMappingContextCustomizer@0, org.springframework.boot.test.autoconfigure.web.servlet.WebDriverContextCustomizerFactory$Customizer@14008db3, org.springframework.boot.test.context.filter.ExcludeFilterContextCustomizer@45ac5f9b, org.springframework.boot.test.json.DuplicateJsonObjectContextCustomizerFactory$DuplicateJsonObjectContextCustomizer@68034211, org.springframework.boot.test.mock.mockito.MockitoContextCustomizer@42cb8a60], contextLoader = 'org.springframework.test.context.support.DelegatingSmartContextLoader', parent = [null]]]
15:19:38.736 [Test worker] DEBUG org.springframework.test.context.cache - Spring test ApplicationContext cache statistics: [DefaultContextCache@5e5073ab size = 2, maxSize = 32, parentContextCount = 0, hitCount = 198, missCount = 2]
15:19:38.736 [Test worker] DEBUG org.springframework.test.context.cache.DefaultCacheAwareContextLoaderDelegate - Retrieved ApplicationContext [2045706119] from cache with key [[MergedContextConfiguration@429aeac1 testClass = StudentServiceImplDiffblueTest, locations = '{}', classes = '{class net.javaguides.sms.service.impl.StudentServiceImpl}', contextInitializerClasses = '[]', activeProfiles = '{}', propertySourceLocations = '{}', propertySourceProperties = '{}', contextCustomizers = set[org.springframework.boot.test.autoconfigure.actuate.metrics.MetricsExportContextCustomizerFactory$DisableMetricExportContextCustomizer@3b79fd76, org.springframework.boot.test.autoconfigure.properties.PropertyMappingContextCustomizer@0, org.springframework.boot.test.autoconfigure.web.servlet.WebDriverContextCustomizerFactory$Customizer@14008db3, org.springframework.boot.test.context.filter.ExcludeFilterContextCustomizer@45ac5f9b, org.springframework.boot.test.json.DuplicateJsonObjectContextCustomizerFactory$DuplicateJsonObjectContextCustomizer@68034211, org.springframework.boot.test.mock.mockito.MockitoContextCustomizer@42cb8a60], contextLoader = 'org.springframework.test.context.support.DelegatingSmartContextLoader', parent = [null]]]
15:19:38.736 [Test worker] DEBUG org.springframework.test.context.cache - Spring test ApplicationContext cache statistics: [DefaultContextCache@5e5073ab size = 2, maxSize = 32, parentContextCount = 0, hitCount = 199, missCount = 2]
15:19:38.736 [Test worker] DEBUG org.springframework.test.context.cache.DefaultCacheAwareContextLoaderDelegate - Retrieved ApplicationContext [2045706119] from cache with key [[MergedContextConfiguration@429aeac1 testClass = StudentServiceImplDiffblueTest, locations = '{}', classes = '{class net.javaguides.sms.service.impl.StudentServiceImpl}', contextInitializerClasses = '[]', activeProfiles = '{}', propertySourceLocations = '{}', propertySourceProperties = '{}', contextCustomizers = set[org.springframework.boot.test.autoconfigure.actuate.metrics.MetricsExportContextCustomizerFactory$DisableMetricExportContextCustomizer@3b79fd76, org.springframework.boot.test.autoconfigure.properties.PropertyMappingContextCustomizer@0, org.springframework.boot.test.autoconfigure.web.servlet.WebDriverContextCustomizerFactory$Customizer@14008db3, org.springframework.boot.test.context.filter.ExcludeFilterContextCustomizer@45ac5f9b, org.springframework.boot.test.json.DuplicateJsonObjectContextCustomizerFactory$DuplicateJsonObjectContextCustomizer@68034211, org.springframework.boot.test.mock.mockito.MockitoContextCustomizer@42cb8a60], contextLoader = 'org.springframework.test.context.support.DelegatingSmartContextLoader', parent = [null]]]
15:19:38.736 [Test worker] DEBUG org.springframework.test.context.cache - Spring test ApplicationContext cache statistics: [DefaultContextCache@5e5073ab size = 2, maxSize = 32, parentContextCount = 0, hitCount = 200, missCount = 2]
15:19:38.736 [Test worker] DEBUG org.springframework.test.context.cache.DefaultCacheAwareContextLoaderDelegate - Retrieved ApplicationContext [2045706119] from cache with key [[MergedContextConfiguration@429aeac1 testClass = StudentServiceImplDiffblueTest, locations = '{}', classes = '{class net.javaguides.sms.service.impl.StudentServiceImpl}', contextInitializerClasses = '[]', activeProfiles = '{}', propertySourceLocations = '{}', propertySourceProperties = '{}', contextCustomizers = set[org.springframework.boot.test.autoconfigure.actuate.metrics.MetricsExportContextCustomizerFactory$DisableMetricExportContextCustomizer@3b79fd76, org.springframework.boot.test.autoconfigure.properties.PropertyMappingContextCustomizer@0, org.springframework.boot.test.autoconfigure.web.servlet.WebDriverContextCustomizerFactory$Customizer@14008db3, org.springframework.boot.test.context.filter.ExcludeFilterContextCustomizer@45ac5f9b, org.springframework.boot.test.json.DuplicateJsonObjectContextCustomizerFactory$DuplicateJsonObjectContextCustomizer@68034211, org.springframework.boot.test.mock.mockito.MockitoContextCustomizer@42cb8a60], contextLoader = 'org.springframework.test.context.support.DelegatingSmartContextLoader', parent = [null]]]
15:19:38.736 [Test worker] DEBUG org.springframework.test.context.cache - Spring test ApplicationContext cache statistics: [DefaultContextCache@5e5073ab size = 2, maxSize = 32, parentContextCount = 0, hitCount = 201, missCount = 2]
15:19:38.736 [Test worker] DEBUG org.springframework.test.context.cache.DefaultCacheAwareContextLoaderDelegate - Retrieved ApplicationContext [2045706119] from cache with key [[MergedContextConfiguration@429aeac1 testClass = StudentServiceImplDiffblueTest, locations = '{}', classes = '{class net.javaguides.sms.service.impl.StudentServiceImpl}', contextInitializerClasses = '[]', activeProfiles = '{}', propertySourceLocations = '{}', propertySourceProperties = '{}', contextCustomizers = set[org.springframework.boot.test.autoconfigure.actuate.metrics.MetricsExportContextCustomizerFactory$DisableMetricExportContextCustomizer@3b79fd76, org.springframework.boot.test.autoconfigure.properties.PropertyMappingContextCustomizer@0, org.springframework.boot.test.autoconfigure.web.servlet.WebDriverContextCustomizerFactory$Customizer@14008db3, org.springframework.boot.test.context.filter.ExcludeFilterContextCustomizer@45ac5f9b, org.springframework.boot.test.json.DuplicateJsonObjectContextCustomizerFactory$DuplicateJsonObjectContextCustomizer@68034211, org.springframework.boot.test.mock.mockito.MockitoContextCustomizer@42cb8a60], contextLoader = 'org.springframework.test.context.support.DelegatingSmartContextLoader', parent = [null]]]
15:19:38.736 [Test worker] DEBUG org.springframework.test.context.cache - Spring test ApplicationContext cache statistics: [DefaultContextCache@5e5073ab size = 2, maxSize = 32, parentContextCount = 0, hitCount = 202, missCount = 2]
15:19:38.736 [Test worker] DEBUG org.springframework.test.context.cache.DefaultCacheAwareContextLoaderDelegate - Retrieved ApplicationContext [2045706119] from cache with key [[MergedContextConfiguration@429aeac1 testClass = StudentServiceImplDiffblueTest, locations = '{}', classes = '{class net.javaguides.sms.service.impl.StudentServiceImpl}', contextInitializerClasses = '[]', activeProfiles = '{}', propertySourceLocations = '{}', propertySourceProperties = '{}', contextCustomizers = set[org.springframework.boot.test.autoconfigure.actuate.metrics.MetricsExportContextCustomizerFactory$DisableMetricExportContextCustomizer@3b79fd76, org.springframework.boot.test.autoconfigure.properties.PropertyMappingContextCustomizer@0, org.springframework.boot.test.autoconfigure.web.servlet.WebDriverContextCustomizerFactory$Customizer@14008db3, org.springframework.boot.test.context.filter.ExcludeFilterContextCustomizer@45ac5f9b, org.springframework.boot.test.json.DuplicateJsonObjectContextCustomizerFactory$DuplicateJsonObjectContextCustomizer@68034211, org.springframework.boot.test.mock.mockito.MockitoContextCustomizer@42cb8a60], contextLoader = 'org.springframework.test.context.support.DelegatingSmartContextLoader', parent = [null]]]
15:19:38.736 [Test worker] DEBUG org.springframework.test.context.cache - Spring test ApplicationContext cache statistics: [DefaultContextCache@5e5073ab size = 2, maxSize = 32, parentContextCount = 0, hitCount = 203, missCount = 2]
15:19:38.736 [Test worker] DEBUG org.springframework.test.context.cache.DefaultCacheAwareContextLoaderDelegate - Retrieved ApplicationContext [2045706119] from cache with key [[MergedContextConfiguration@429aeac1 testClass = StudentServiceImplDiffblueTest, locations = '{}', classes = '{class net.javaguides.sms.service.impl.StudentServiceImpl}', contextInitializerClasses = '[]', activeProfiles = '{}', propertySourceLocations = '{}', propertySourceProperties = '{}', contextCustomizers = set[org.springframework.boot.test.autoconfigure.actuate.metrics.MetricsExportContextCustomizerFactory$DisableMetricExportContextCustomizer@3b79fd76, org.springframework.boot.test.autoconfigure.properties.PropertyMappingContextCustomizer@0, org.springframework.boot.test.autoconfigure.web.servlet.WebDriverContextCustomizerFactory$Customizer@14008db3, org.springframework.boot.test.context.filter.ExcludeFilterContextCustomizer@45ac5f9b, org.springframework.boot.test.json.DuplicateJsonObjectContextCustomizerFactory$DuplicateJsonObjectContextCustomizer@68034211, org.springframework.boot.test.mock.mockito.MockitoContextCustomizer@42cb8a60], contextLoader = 'org.springframework.test.context.support.DelegatingSmartContextLoader', parent = [null]]]
15:19:38.736 [Test worker] DEBUG org.springframework.test.context.cache - Spring test ApplicationContext cache statistics: [DefaultContextCache@5e5073ab size = 2, maxSize = 32, parentContextCount = 0, hitCount = 204, missCount = 2]
15:19:38.736 [Test worker] DEBUG org.springframework.test.context.cache.DefaultCacheAwareContextLoaderDelegate - Retrieved ApplicationContext [2045706119] from cache with key [[MergedContextConfiguration@429aeac1 testClass = StudentServiceImplDiffblueTest, locations = '{}', classes = '{class net.javaguides.sms.service.impl.StudentServiceImpl}', contextInitializerClasses = '[]', activeProfiles = '{}', propertySourceLocations = '{}', propertySourceProperties = '{}', contextCustomizers = set[org.springframework.boot.test.autoconfigure.actuate.metrics.MetricsExportContextCustomizerFactory$DisableMetricExportContextCustomizer@3b79fd76, org.springframework.boot.test.autoconfigure.properties.PropertyMappingContextCustomizer@0, org.springframework.boot.test.autoconfigure.web.servlet.WebDriverContextCustomizerFactory$Customizer@14008db3, org.springframework.boot.test.context.filter.ExcludeFilterContextCustomizer@45ac5f9b, org.springframework.boot.test.json.DuplicateJsonObjectContextCustomizerFactory$DuplicateJsonObjectContextCustomizer@68034211, org.springframework.boot.test.mock.mockito.MockitoContextCustomizer@42cb8a60], contextLoader = 'org.springframework.test.context.support.DelegatingSmartContextLoader', parent = [null]]]
15:19:38.736 [Test worker] DEBUG org.springframework.test.context.cache - Spring test ApplicationContext cache statistics: [DefaultContextCache@5e5073ab size = 2, maxSize = 32, parentContextCount = 0, hitCount = 205, missCount = 2]
15:19:38.736 [Test worker] DEBUG org.springframework.test.context.support.AbstractDirtiesContextTestExecutionListener - After test method: context [DefaultTestContext@b9d018b testClass = StudentServiceImplDiffblueTest, testInstance = net.javaguides.sms.service.impl.StudentServiceImplDiffblueTest@1dad01fe, testMethod = testSaveStudent@StudentServiceImplDiffblueTest, testException = [null], mergedContextConfiguration = [MergedContextConfiguration@429aeac1 testClass = StudentServiceImplDiffblueTest, locations = '{}', classes = '{class net.javaguides.sms.service.impl.StudentServiceImpl}', contextInitializerClasses = '[]', activeProfiles = '{}', propertySourceLocations = '{}', propertySourceProperties = '{}', contextCustomizers = set[org.springframework.boot.test.autoconfigure.actuate.metrics.MetricsExportContextCustomizerFactory$DisableMetricExportContextCustomizer@3b79fd76, org.springframework.boot.test.autoconfigure.properties.PropertyMappingContextCustomizer@0, org.springframework.boot.test.autoconfigure.web.servlet.WebDriverContextCustomizerFactory$Customizer@14008db3, org.springframework.boot.test.context.filter.ExcludeFilterContextCustomizer@45ac5f9b, org.springframework.boot.test.json.DuplicateJsonObjectContextCustomizerFactory$DuplicateJsonObjectContextCustomizer@68034211, org.springframework.boot.test.mock.mockito.MockitoContextCustomizer@42cb8a60], contextLoader = 'org.springframework.test.context.support.DelegatingSmartContextLoader', parent = [null]], attributes = map['org.springframework.test.context.event.ApplicationEventsTestExecutionListener.recordApplicationEvents' -> false]], class annotated with @DirtiesContext [false] with mode [null], method annotated with @DirtiesContext [false] with mode [null].
15:19:38.736 [Test worker] DEBUG org.springframework.test.annotation.ProfileValueUtils - Retrieved @ProfileValueSourceConfiguration [null] for test class [net.javaguides.sms.service.impl.StudentServiceImplDiffblueTest]
15:19:38.736 [Test worker] DEBUG org.springframework.test.annotation.ProfileValueUtils - Retrieved ProfileValueSource type [class org.springframework.test.annotation.SystemProfileValueSource] for class [net.javaguides.sms.service.impl.StudentServiceImplDiffblueTest]
15:19:38.736 [Test worker] DEBUG org.springframework.test.context.cache.DefaultCacheAwareContextLoaderDelegate - Retrieved ApplicationContext [2045706119] from cache with key [[MergedContextConfiguration@429aeac1 testClass = StudentServiceImplDiffblueTest, locations = '{}', classes = '{class net.javaguides.sms.service.impl.StudentServiceImpl}', contextInitializerClasses = '[]', activeProfiles = '{}', propertySourceLocations = '{}', propertySourceProperties = '{}', contextCustomizers = set[org.springframework.boot.test.autoconfigure.actuate.metrics.MetricsExportContextCustomizerFactory$DisableMetricExportContextCustomizer@3b79fd76, org.springframework.boot.test.autoconfigure.properties.PropertyMappingContextCustomizer@0, org.springframework.boot.test.autoconfigure.web.servlet.WebDriverContextCustomizerFactory$Customizer@14008db3, org.springframework.boot.test.context.filter.ExcludeFilterContextCustomizer@45ac5f9b, org.springframework.boot.test.json.DuplicateJsonObjectContextCustomizerFactory$DuplicateJsonObjectContextCustomizer@68034211, org.springframework.boot.test.mock.mockito.MockitoContextCustomizer@42cb8a60], contextLoader = 'org.springframework.test.context.support.DelegatingSmartContextLoader', parent = [null]]]
15:19:38.736 [Test worker] DEBUG org.springframework.test.context.cache - Spring test ApplicationContext cache statistics: [DefaultContextCache@5e5073ab size = 2, maxSize = 32, parentContextCount = 0, hitCount = 206, missCount = 2]
15:19:38.736 [Test worker] DEBUG org.springframework.test.context.support.DependencyInjectionTestExecutionListener - Performing dependency injection for test context [[DefaultTestContext@b9d018b testClass = StudentServiceImplDiffblueTest, testInstance = net.javaguides.sms.service.impl.StudentServiceImplDiffblueTest@481558ce, testMethod = [null], testException = [null], mergedContextConfiguration = [MergedContextConfiguration@429aeac1 testClass = StudentServiceImplDiffblueTest, locations = '{}', classes = '{class net.javaguides.sms.service.impl.StudentServiceImpl}', contextInitializerClasses = '[]', activeProfiles = '{}', propertySourceLocations = '{}', propertySourceProperties = '{}', contextCustomizers = set[org.springframework.boot.test.autoconfigure.actuate.metrics.MetricsExportContextCustomizerFactory$DisableMetricExportContextCustomizer@3b79fd76, org.springframework.boot.test.autoconfigure.properties.PropertyMappingContextCustomizer@0, org.springframework.boot.test.autoconfigure.web.servlet.WebDriverContextCustomizerFactory$Customizer@14008db3, org.springframework.boot.test.context.filter.ExcludeFilterContextCustomizer@45ac5f9b, org.springframework.boot.test.json.DuplicateJsonObjectContextCustomizerFactory$DuplicateJsonObjectContextCustomizer@68034211, org.springframework.boot.test.mock.mockito.MockitoContextCustomizer@42cb8a60], contextLoader = 'org.springframework.test.context.support.DelegatingSmartContextLoader', parent = [null]], attributes = map['org.springframework.test.context.event.ApplicationEventsTestExecutionListener.recordApplicationEvents' -> false]]].
15:19:38.736 [Test worker] DEBUG org.springframework.test.context.cache.DefaultCacheAwareContextLoaderDelegate - Retrieved ApplicationContext [2045706119] from cache with key [[MergedContextConfiguration@429aeac1 testClass = StudentServiceImplDiffblueTest, locations = '{}', classes = '{class net.javaguides.sms.service.impl.StudentServiceImpl}', contextInitializerClasses = '[]', activeProfiles = '{}', propertySourceLocations = '{}', propertySourceProperties = '{}', contextCustomizers = set[org.springframework.boot.test.autoconfigure.actuate.metrics.MetricsExportContextCustomizerFactory$DisableMetricExportContextCustomizer@3b79fd76, org.springframework.boot.test.autoconfigure.properties.PropertyMappingContextCustomizer@0, org.springframework.boot.test.autoconfigure.web.servlet.WebDriverContextCustomizerFactory$Customizer@14008db3, org.springframework.boot.test.context.filter.ExcludeFilterContextCustomizer@45ac5f9b, org.springframework.boot.test.json.DuplicateJsonObjectContextCustomizerFactory$DuplicateJsonObjectContextCustomizer@68034211, org.springframework.boot.test.mock.mockito.MockitoContextCustomizer@42cb8a60], contextLoader = 'org.springframework.test.context.support.DelegatingSmartContextLoader', parent = [null]]]
15:19:38.736 [Test worker] DEBUG org.springframework.test.context.cache - Spring test ApplicationContext cache statistics: [DefaultContextCache@5e5073ab size = 2, maxSize = 32, parentContextCount = 0, hitCount = 207, missCount = 2]
15:19:38.736 [Test worker] DEBUG org.springframework.test.context.cache.DefaultCacheAwareContextLoaderDelegate - Retrieved ApplicationContext [2045706119] from cache with key [[MergedContextConfiguration@429aeac1 testClass = StudentServiceImplDiffblueTest, locations = '{}', classes = '{class net.javaguides.sms.service.impl.StudentServiceImpl}', contextInitializerClasses = '[]', activeProfiles = '{}', propertySourceLocations = '{}', propertySourceProperties = '{}', contextCustomizers = set[org.springframework.boot.test.autoconfigure.actuate.metrics.MetricsExportContextCustomizerFactory$DisableMetricExportContextCustomizer@3b79fd76, org.springframework.boot.test.autoconfigure.properties.PropertyMappingContextCustomizer@0, org.springframework.boot.test.autoconfigure.web.servlet.WebDriverContextCustomizerFactory$Customizer@14008db3, org.springframework.boot.test.context.filter.ExcludeFilterContextCustomizer@45ac5f9b, org.springframework.boot.test.json.DuplicateJsonObjectContextCustomizerFactory$DuplicateJsonObjectContextCustomizer@68034211, org.springframework.boot.test.mock.mockito.MockitoContextCustomizer@42cb8a60], contextLoader = 'org.springframework.test.context.support.DelegatingSmartContextLoader', parent = [null]]]
15:19:38.736 [Test worker] DEBUG org.springframework.test.context.cache - Spring test ApplicationContext cache statistics: [DefaultContextCache@5e5073ab size = 2, maxSize = 32, parentContextCount = 0, hitCount = 208, missCount = 2]
15:19:38.736 [Test worker] DEBUG org.springframework.test.context.support.AbstractDirtiesContextTestExecutionListener - Before test method: context [DefaultTestContext@b9d018b testClass = StudentServiceImplDiffblueTest, testInstance = net.javaguides.sms.service.impl.StudentServiceImplDiffblueTest@481558ce, testMethod = testUpdateStudent@StudentServiceImplDiffblueTest, testException = [null], mergedContextConfiguration = [MergedContextConfiguration@429aeac1 testClass = StudentServiceImplDiffblueTest, locations = '{}', classes = '{class net.javaguides.sms.service.impl.StudentServiceImpl}', contextInitializerClasses = '[]', activeProfiles = '{}', propertySourceLocations = '{}', propertySourceProperties = '{}', contextCustomizers = set[org.springframework.boot.test.autoconfigure.actuate.metrics.MetricsExportContextCustomizerFactory$DisableMetricExportContextCustomizer@3b79fd76, org.springframework.boot.test.autoconfigure.properties.PropertyMappingContextCustomizer@0, org.springframework.boot.test.autoconfigure.web.servlet.WebDriverContextCustomizerFactory$Customizer@14008db3, org.springframework.boot.test.context.filter.ExcludeFilterContextCustomizer@45ac5f9b, org.springframework.boot.test.json.DuplicateJsonObjectContextCustomizerFactory$DuplicateJsonObjectContextCustomizer@68034211, org.springframework.boot.test.mock.mockito.MockitoContextCustomizer@42cb8a60], contextLoader = 'org.springframework.test.context.support.DelegatingSmartContextLoader', parent = [null]], attributes = map['org.springframework.test.context.event.ApplicationEventsTestExecutionListener.recordApplicationEvents' -> false]], class annotated with @DirtiesContext [false] with mode [null], method annotated with @DirtiesContext [false] with mode [null].
15:19:38.736 [Test worker] DEBUG org.springframework.test.context.cache.DefaultCacheAwareContextLoaderDelegate - Retrieved ApplicationContext [2045706119] from cache with key [[MergedContextConfiguration@429aeac1 testClass = StudentServiceImplDiffblueTest, locations = '{}', classes = '{class net.javaguides.sms.service.impl.StudentServiceImpl}', contextInitializerClasses = '[]', activeProfiles = '{}', propertySourceLocations = '{}', propertySourceProperties = '{}', contextCustomizers = set[org.springframework.boot.test.autoconfigure.actuate.metrics.MetricsExportContextCustomizerFactory$DisableMetricExportContextCustomizer@3b79fd76, org.springframework.boot.test.autoconfigure.properties.PropertyMappingContextCustomizer@0, org.springframework.boot.test.autoconfigure.web.servlet.WebDriverContextCustomizerFactory$Customizer@14008db3, org.springframework.boot.test.context.filter.ExcludeFilterContextCustomizer@45ac5f9b, org.springframework.boot.test.json.DuplicateJsonObjectContextCustomizerFactory$DuplicateJsonObjectContextCustomizer@68034211, org.springframework.boot.test.mock.mockito.MockitoContextCustomizer@42cb8a60], contextLoader = 'org.springframework.test.context.support.DelegatingSmartContextLoader', parent = [null]]]
15:19:38.736 [Test worker] DEBUG org.springframework.test.context.cache - Spring test ApplicationContext cache statistics: [DefaultContextCache@5e5073ab size = 2, maxSize = 32, parentContextCount = 0, hitCount = 209, missCount = 2]
15:19:38.751 [Test worker] DEBUG org.springframework.test.context.cache.DefaultCacheAwareContextLoaderDelegate - Retrieved ApplicationContext [2045706119] from cache with key [[MergedContextConfiguration@429aeac1 testClass = StudentServiceImplDiffblueTest, locations = '{}', classes = '{class net.javaguides.sms.service.impl.StudentServiceImpl}', contextInitializerClasses = '[]', activeProfiles = '{}', propertySourceLocations = '{}', propertySourceProperties = '{}', contextCustomizers = set[org.springframework.boot.test.autoconfigure.actuate.metrics.MetricsExportContextCustomizerFactory$DisableMetricExportContextCustomizer@3b79fd76, org.springframework.boot.test.autoconfigure.properties.PropertyMappingContextCustomizer@0, org.springframework.boot.test.autoconfigure.web.servlet.WebDriverContextCustomizerFactory$Customizer@14008db3, org.springframework.boot.test.context.filter.ExcludeFilterContextCustomizer@45ac5f9b, org.springframework.boot.test.json.DuplicateJsonObjectContextCustomizerFactory$DuplicateJsonObjectContextCustomizer@68034211, org.springframework.boot.test.mock.mockito.MockitoContextCustomizer@42cb8a60], contextLoader = 'org.springframework.test.context.support.DelegatingSmartContextLoader', parent = [null]]]
15:19:38.751 [Test worker] DEBUG org.springframework.test.context.cache - Spring test ApplicationContext cache statistics: [DefaultContextCache@5e5073ab size = 2, maxSize = 32, parentContextCount = 0, hitCount = 210, missCount = 2]
15:19:38.751 [Test worker] DEBUG org.springframework.test.context.cache.DefaultCacheAwareContextLoaderDelegate - Retrieved ApplicationContext [2045706119] from cache with key [[MergedContextConfiguration@429aeac1 testClass = StudentServiceImplDiffblueTest, locations = '{}', classes = '{class net.javaguides.sms.service.impl.StudentServiceImpl}', contextInitializerClasses = '[]', activeProfiles = '{}', propertySourceLocations = '{}', propertySourceProperties = '{}', contextCustomizers = set[org.springframework.boot.test.autoconfigure.actuate.metrics.MetricsExportContextCustomizerFactory$DisableMetricExportContextCustomizer@3b79fd76, org.springframework.boot.test.autoconfigure.properties.PropertyMappingContextCustomizer@0, org.springframework.boot.test.autoconfigure.web.servlet.WebDriverContextCustomizerFactory$Customizer@14008db3, org.springframework.boot.test.context.filter.ExcludeFilterContextCustomizer@45ac5f9b, org.springframework.boot.test.json.DuplicateJsonObjectContextCustomizerFactory$DuplicateJsonObjectContextCustomizer@68034211, org.springframework.boot.test.mock.mockito.MockitoContextCustomizer@42cb8a60], contextLoader = 'org.springframework.test.context.support.DelegatingSmartContextLoader', parent = [null]]]
15:19:38.751 [Test worker] DEBUG org.springframework.test.context.cache - Spring test ApplicationContext cache statistics: [DefaultContextCache@5e5073ab size = 2, maxSize = 32, parentContextCount = 0, hitCount = 211, missCount = 2]
15:19:38.751 [Test worker] DEBUG org.springframework.test.context.cache.DefaultCacheAwareContextLoaderDelegate - Retrieved ApplicationContext [2045706119] from cache with key [[MergedContextConfiguration@429aeac1 testClass = StudentServiceImplDiffblueTest, locations = '{}', classes = '{class net.javaguides.sms.service.impl.StudentServiceImpl}', contextInitializerClasses = '[]', activeProfiles = '{}', propertySourceLocations = '{}', propertySourceProperties = '{}', contextCustomizers = set[org.springframework.boot.test.autoconfigure.actuate.metrics.MetricsExportContextCustomizerFactory$DisableMetricExportContextCustomizer@3b79fd76, org.springframework.boot.test.autoconfigure.properties.PropertyMappingContextCustomizer@0, org.springframework.boot.test.autoconfigure.web.servlet.WebDriverContextCustomizerFactory$Customizer@14008db3, org.springframework.boot.test.context.filter.ExcludeFilterContextCustomizer@45ac5f9b, org.springframework.boot.test.json.DuplicateJsonObjectContextCustomizerFactory$DuplicateJsonObjectContextCustomizer@68034211, org.springframework.boot.test.mock.mockito.MockitoContextCustomizer@42cb8a60], contextLoader = 'org.springframework.test.context.support.DelegatingSmartContextLoader', parent = [null]]]
15:19:38.751 [Test worker] DEBUG org.springframework.test.context.cache - Spring test ApplicationContext cache statistics: [DefaultContextCache@5e5073ab size = 2, maxSize = 32, parentContextCount = 0, hitCount = 212, missCount = 2]
15:19:38.751 [Test worker] DEBUG org.springframework.test.context.cache.DefaultCacheAwareContextLoaderDelegate - Retrieved ApplicationContext [2045706119] from cache with key [[MergedContextConfiguration@429aeac1 testClass = StudentServiceImplDiffblueTest, locations = '{}', classes = '{class net.javaguides.sms.service.impl.StudentServiceImpl}', contextInitializerClasses = '[]', activeProfiles = '{}', propertySourceLocations = '{}', propertySourceProperties = '{}', contextCustomizers = set[org.springframework.boot.test.autoconfigure.actuate.metrics.MetricsExportContextCustomizerFactory$DisableMetricExportContextCustomizer@3b79fd76, org.springframework.boot.test.autoconfigure.properties.PropertyMappingContextCustomizer@0, org.springframework.boot.test.autoconfigure.web.servlet.WebDriverContextCustomizerFactory$Customizer@14008db3, org.springframework.boot.test.context.filter.ExcludeFilterContextCustomizer@45ac5f9b, org.springframework.boot.test.json.DuplicateJsonObjectContextCustomizerFactory$DuplicateJsonObjectContextCustomizer@68034211, org.springframework.boot.test.mock.mockito.MockitoContextCustomizer@42cb8a60], contextLoader = 'org.springframework.test.context.support.DelegatingSmartContextLoader', parent = [null]]]
15:19:38.751 [Test worker] DEBUG org.springframework.test.context.cache - Spring test ApplicationContext cache statistics: [DefaultContextCache@5e5073ab size = 2, maxSize = 32, parentContextCount = 0, hitCount = 213, missCount = 2]
15:19:38.751 [Test worker] DEBUG org.springframework.test.context.cache.DefaultCacheAwareContextLoaderDelegate - Retrieved ApplicationContext [2045706119] from cache with key [[MergedContextConfiguration@429aeac1 testClass = StudentServiceImplDiffblueTest, locations = '{}', classes = '{class net.javaguides.sms.service.impl.StudentServiceImpl}', contextInitializerClasses = '[]', activeProfiles = '{}', propertySourceLocations = '{}', propertySourceProperties = '{}', contextCustomizers = set[org.springframework.boot.test.autoconfigure.actuate.metrics.MetricsExportContextCustomizerFactory$DisableMetricExportContextCustomizer@3b79fd76, org.springframework.boot.test.autoconfigure.properties.PropertyMappingContextCustomizer@0, org.springframework.boot.test.autoconfigure.web.servlet.WebDriverContextCustomizerFactory$Customizer@14008db3, org.springframework.boot.test.context.filter.ExcludeFilterContextCustomizer@45ac5f9b, org.springframework.boot.test.json.DuplicateJsonObjectContextCustomizerFactory$DuplicateJsonObjectContextCustomizer@68034211, org.springframework.boot.test.mock.mockito.MockitoContextCustomizer@42cb8a60], contextLoader = 'org.springframework.test.context.support.DelegatingSmartContextLoader', parent = [null]]]
15:19:38.751 [Test worker] DEBUG org.springframework.test.context.cache - Spring test ApplicationContext cache statistics: [DefaultContextCache@5e5073ab size = 2, maxSize = 32, parentContextCount = 0, hitCount = 214, missCount = 2]
15:19:38.751 [Test worker] DEBUG org.springframework.test.context.cache.DefaultCacheAwareContextLoaderDelegate - Retrieved ApplicationContext [2045706119] from cache with key [[MergedContextConfiguration@429aeac1 testClass = StudentServiceImplDiffblueTest, locations = '{}', classes = '{class net.javaguides.sms.service.impl.StudentServiceImpl}', contextInitializerClasses = '[]', activeProfiles = '{}', propertySourceLocations = '{}', propertySourceProperties = '{}', contextCustomizers = set[org.springframework.boot.test.autoconfigure.actuate.metrics.MetricsExportContextCustomizerFactory$DisableMetricExportContextCustomizer@3b79fd76, org.springframework.boot.test.autoconfigure.properties.PropertyMappingContextCustomizer@0, org.springframework.boot.test.autoconfigure.web.servlet.WebDriverContextCustomizerFactory$Customizer@14008db3, org.springframework.boot.test.context.filter.ExcludeFilterContextCustomizer@45ac5f9b, org.springframework.boot.test.json.DuplicateJsonObjectContextCustomizerFactory$DuplicateJsonObjectContextCustomizer@68034211, org.springframework.boot.test.mock.mockito.MockitoContextCustomizer@42cb8a60], contextLoader = 'org.springframework.test.context.support.DelegatingSmartContextLoader', parent = [null]]]
15:19:38.751 [Test worker] DEBUG org.springframework.test.context.cache - Spring test ApplicationContext cache statistics: [DefaultContextCache@5e5073ab size = 2, maxSize = 32, parentContextCount = 0, hitCount = 215, missCount = 2]
15:19:38.751 [Test worker] DEBUG org.springframework.test.context.cache.DefaultCacheAwareContextLoaderDelegate - Retrieved ApplicationContext [2045706119] from cache with key [[MergedContextConfiguration@429aeac1 testClass = StudentServiceImplDiffblueTest, locations = '{}', classes = '{class net.javaguides.sms.service.impl.StudentServiceImpl}', contextInitializerClasses = '[]', activeProfiles = '{}', propertySourceLocations = '{}', propertySourceProperties = '{}', contextCustomizers = set[org.springframework.boot.test.autoconfigure.actuate.metrics.MetricsExportContextCustomizerFactory$DisableMetricExportContextCustomizer@3b79fd76, org.springframework.boot.test.autoconfigure.properties.PropertyMappingContextCustomizer@0, org.springframework.boot.test.autoconfigure.web.servlet.WebDriverContextCustomizerFactory$Customizer@14008db3, org.springframework.boot.test.context.filter.ExcludeFilterContextCustomizer@45ac5f9b, org.springframework.boot.test.json.DuplicateJsonObjectContextCustomizerFactory$DuplicateJsonObjectContextCustomizer@68034211, org.springframework.boot.test.mock.mockito.MockitoContextCustomizer@42cb8a60], contextLoader = 'org.springframework.test.context.support.DelegatingSmartContextLoader', parent = [null]]]
15:19:38.751 [Test worker] DEBUG org.springframework.test.context.cache - Spring test ApplicationContext cache statistics: [DefaultContextCache@5e5073ab size = 2, maxSize = 32, parentContextCount = 0, hitCount = 216, missCount = 2]
15:19:38.751 [Test worker] DEBUG org.springframework.test.context.cache.DefaultCacheAwareContextLoaderDelegate - Retrieved ApplicationContext [2045706119] from cache with key [[MergedContextConfiguration@429aeac1 testClass = StudentServiceImplDiffblueTest, locations = '{}', classes = '{class net.javaguides.sms.service.impl.StudentServiceImpl}', contextInitializerClasses = '[]', activeProfiles = '{}', propertySourceLocations = '{}', propertySourceProperties = '{}', contextCustomizers = set[org.springframework.boot.test.autoconfigure.actuate.metrics.MetricsExportContextCustomizerFactory$DisableMetricExportContextCustomizer@3b79fd76, org.springframework.boot.test.autoconfigure.properties.PropertyMappingContextCustomizer@0, org.springframework.boot.test.autoconfigure.web.servlet.WebDriverContextCustomizerFactory$Customizer@14008db3, org.springframework.boot.test.context.filter.ExcludeFilterContextCustomizer@45ac5f9b, org.springframework.boot.test.json.DuplicateJsonObjectContextCustomizerFactory$DuplicateJsonObjectContextCustomizer@68034211, org.springframework.boot.test.mock.mockito.MockitoContextCustomizer@42cb8a60], contextLoader = 'org.springframework.test.context.support.DelegatingSmartContextLoader', parent = [null]]]
15:19:38.751 [Test worker] DEBUG org.springframework.test.context.cache - Spring test ApplicationContext cache statistics: [DefaultContextCache@5e5073ab size = 2, maxSize = 32, parentContextCount = 0, hitCount = 217, missCount = 2]
15:19:38.751 [Test worker] DEBUG org.springframework.test.context.support.AbstractDirtiesContextTestExecutionListener - After test method: context [DefaultTestContext@b9d018b testClass = StudentServiceImplDiffblueTest, testInstance = net.javaguides.sms.service.impl.StudentServiceImplDiffblueTest@481558ce, testMethod = testUpdateStudent@StudentServiceImplDiffblueTest, testException = [null], mergedContextConfiguration = [MergedContextConfiguration@429aeac1 testClass = StudentServiceImplDiffblueTest, locations = '{}', classes = '{class net.javaguides.sms.service.impl.StudentServiceImpl}', contextInitializerClasses = '[]', activeProfiles = '{}', propertySourceLocations = '{}', propertySourceProperties = '{}', contextCustomizers = set[org.springframework.boot.test.autoconfigure.actuate.metrics.MetricsExportContextCustomizerFactory$DisableMetricExportContextCustomizer@3b79fd76, org.springframework.boot.test.autoconfigure.properties.PropertyMappingContextCustomizer@0, org.springframework.boot.test.autoconfigure.web.servlet.WebDriverContextCustomizerFactory$Customizer@14008db3, org.springframework.boot.test.context.filter.ExcludeFilterContextCustomizer@45ac5f9b, org.springframework.boot.test.json.DuplicateJsonObjectContextCustomizerFactory$DuplicateJsonObjectContextCustomizer@68034211, org.springframework.boot.test.mock.mockito.MockitoContextCustomizer@42cb8a60], contextLoader = 'org.springframework.test.context.support.DelegatingSmartContextLoader', parent = [null]], attributes = map['org.springframework.test.context.event.ApplicationEventsTestExecutionListener.recordApplicationEvents' -> false]], class annotated with @DirtiesContext [false] with mode [null], method annotated with @DirtiesContext [false] with mode [null].
15:19:38.751 [Test worker] DEBUG org.springframework.test.annotation.ProfileValueUtils - Retrieved @ProfileValueSourceConfiguration [null] for test class [net.javaguides.sms.service.impl.StudentServiceImplDiffblueTest]
15:19:38.751 [Test worker] DEBUG org.springframework.test.annotation.ProfileValueUtils - Retrieved ProfileValueSource type [class org.springframework.test.annotation.SystemProfileValueSource] for class [net.javaguides.sms.service.impl.StudentServiceImplDiffblueTest]
15:19:38.751 [Test worker] DEBUG org.springframework.test.context.cache.DefaultCacheAwareContextLoaderDelegate - Retrieved ApplicationContext [2045706119] from cache with key [[MergedContextConfiguration@429aeac1 testClass = StudentServiceImplDiffblueTest, locations = '{}', classes = '{class net.javaguides.sms.service.impl.StudentServiceImpl}', contextInitializerClasses = '[]', activeProfiles = '{}', propertySourceLocations = '{}', propertySourceProperties = '{}', contextCustomizers = set[org.springframework.boot.test.autoconfigure.actuate.metrics.MetricsExportContextCustomizerFactory$DisableMetricExportContextCustomizer@3b79fd76, org.springframework.boot.test.autoconfigure.properties.PropertyMappingContextCustomizer@0, org.springframework.boot.test.autoconfigure.web.servlet.WebDriverContextCustomizerFactory$Customizer@14008db3, org.springframework.boot.test.context.filter.ExcludeFilterContextCustomizer@45ac5f9b, org.springframework.boot.test.json.DuplicateJsonObjectContextCustomizerFactory$DuplicateJsonObjectContextCustomizer@68034211, org.springframework.boot.test.mock.mockito.MockitoContextCustomizer@42cb8a60], contextLoader = 'org.springframework.test.context.support.DelegatingSmartContextLoader', parent = [null]]]
15:19:38.751 [Test worker] DEBUG org.springframework.test.context.cache - Spring test ApplicationContext cache statistics: [DefaultContextCache@5e5073ab size = 2, maxSize = 32, parentContextCount = 0, hitCount = 218, missCount = 2]
15:19:38.751 [Test worker] DEBUG org.springframework.test.context.support.DependencyInjectionTestExecutionListener - Performing dependency injection for test context [[DefaultTestContext@b9d018b testClass = StudentServiceImplDiffblueTest, testInstance = net.javaguides.sms.service.impl.StudentServiceImplDiffblueTest@2668c286, testMethod = [null], testException = [null], mergedContextConfiguration = [MergedContextConfiguration@429aeac1 testClass = StudentServiceImplDiffblueTest, locations = '{}', classes = '{class net.javaguides.sms.service.impl.StudentServiceImpl}', contextInitializerClasses = '[]', activeProfiles = '{}', propertySourceLocations = '{}', propertySourceProperties = '{}', contextCustomizers = set[org.springframework.boot.test.autoconfigure.actuate.metrics.MetricsExportContextCustomizerFactory$DisableMetricExportContextCustomizer@3b79fd76, org.springframework.boot.test.autoconfigure.properties.PropertyMappingContextCustomizer@0, org.springframework.boot.test.autoconfigure.web.servlet.WebDriverContextCustomizerFactory$Customizer@14008db3, org.springframework.boot.test.context.filter.ExcludeFilterContextCustomizer@45ac5f9b, org.springframework.boot.test.json.DuplicateJsonObjectContextCustomizerFactory$DuplicateJsonObjectContextCustomizer@68034211, org.springframework.boot.test.mock.mockito.MockitoContextCustomizer@42cb8a60], contextLoader = 'org.springframework.test.context.support.DelegatingSmartContextLoader', parent = [null]], attributes = map['org.springframework.test.context.event.ApplicationEventsTestExecutionListener.recordApplicationEvents' -> false]]].
15:19:38.751 [Test worker] DEBUG org.springframework.test.context.cache.DefaultCacheAwareContextLoaderDelegate - Retrieved ApplicationContext [2045706119] from cache with key [[MergedContextConfiguration@429aeac1 testClass = StudentServiceImplDiffblueTest, locations = '{}', classes = '{class net.javaguides.sms.service.impl.StudentServiceImpl}', contextInitializerClasses = '[]', activeProfiles = '{}', propertySourceLocations = '{}', propertySourceProperties = '{}', contextCustomizers = set[org.springframework.boot.test.autoconfigure.actuate.metrics.MetricsExportContextCustomizerFactory$DisableMetricExportContextCustomizer@3b79fd76, org.springframework.boot.test.autoconfigure.properties.PropertyMappingContextCustomizer@0, org.springframework.boot.test.autoconfigure.web.servlet.WebDriverContextCustomizerFactory$Customizer@14008db3, org.springframework.boot.test.context.filter.ExcludeFilterContextCustomizer@45ac5f9b, org.springframework.boot.test.json.DuplicateJsonObjectContextCustomizerFactory$DuplicateJsonObjectContextCustomizer@68034211, org.springframework.boot.test.mock.mockito.MockitoContextCustomizer@42cb8a60], contextLoader = 'org.springframework.test.context.support.DelegatingSmartContextLoader', parent = [null]]]
15:19:38.751 [Test worker] DEBUG org.springframework.test.context.cache - Spring test ApplicationContext cache statistics: [DefaultContextCache@5e5073ab size = 2, maxSize = 32, parentContextCount = 0, hitCount = 219, missCount = 2]
15:19:38.751 [Test worker] DEBUG org.springframework.test.context.cache.DefaultCacheAwareContextLoaderDelegate - Retrieved ApplicationContext [2045706119] from cache with key [[MergedContextConfiguration@429aeac1 testClass = StudentServiceImplDiffblueTest, locations = '{}', classes = '{class net.javaguides.sms.service.impl.StudentServiceImpl}', contextInitializerClasses = '[]', activeProfiles = '{}', propertySourceLocations = '{}', propertySourceProperties = '{}', contextCustomizers = set[org.springframework.boot.test.autoconfigure.actuate.metrics.MetricsExportContextCustomizerFactory$DisableMetricExportContextCustomizer@3b79fd76, org.springframework.boot.test.autoconfigure.properties.PropertyMappingContextCustomizer@0, org.springframework.boot.test.autoconfigure.web.servlet.WebDriverContextCustomizerFactory$Customizer@14008db3, org.springframework.boot.test.context.filter.ExcludeFilterContextCustomizer@45ac5f9b, org.springframework.boot.test.json.DuplicateJsonObjectContextCustomizerFactory$DuplicateJsonObjectContextCustomizer@68034211, org.springframework.boot.test.mock.mockito.MockitoContextCustomizer@42cb8a60], contextLoader = 'org.springframework.test.context.support.DelegatingSmartContextLoader', parent = [null]]]
15:19:38.751 [Test worker] DEBUG org.springframework.test.context.cache - Spring test ApplicationContext cache statistics: [DefaultContextCache@5e5073ab size = 2, maxSize = 32, parentContextCount = 0, hitCount = 220, missCount = 2]
15:19:38.751 [Test worker] DEBUG org.springframework.test.context.support.AbstractDirtiesContextTestExecutionListener - Before test method: context [DefaultTestContext@b9d018b testClass = StudentServiceImplDiffblueTest, testInstance = net.javaguides.sms.service.impl.StudentServiceImplDiffblueTest@2668c286, testMethod = testGetAllStudents@StudentServiceImplDiffblueTest, testException = [null], mergedContextConfiguration = [MergedContextConfiguration@429aeac1 testClass = StudentServiceImplDiffblueTest, locations = '{}', classes = '{class net.javaguides.sms.service.impl.StudentServiceImpl}', contextInitializerClasses = '[]', activeProfiles = '{}', propertySourceLocations = '{}', propertySourceProperties = '{}', contextCustomizers = set[org.springframework.boot.test.autoconfigure.actuate.metrics.MetricsExportContextCustomizerFactory$DisableMetricExportContextCustomizer@3b79fd76, org.springframework.boot.test.autoconfigure.properties.PropertyMappingContextCustomizer@0, org.springframework.boot.test.autoconfigure.web.servlet.WebDriverContextCustomizerFactory$Customizer@14008db3, org.springframework.boot.test.context.filter.ExcludeFilterContextCustomizer@45ac5f9b, org.springframework.boot.test.json.DuplicateJsonObjectContextCustomizerFactory$DuplicateJsonObjectContextCustomizer@68034211, org.springframework.boot.test.mock.mockito.MockitoContextCustomizer@42cb8a60], contextLoader = 'org.springframework.test.context.support.DelegatingSmartContextLoader', parent = [null]], attributes = map['org.springframework.test.context.event.ApplicationEventsTestExecutionListener.recordApplicationEvents' -> false]], class annotated with @DirtiesContext [false] with mode [null], method annotated with @DirtiesContext [false] with mode [null].
15:19:38.751 [Test worker] DEBUG org.springframework.test.context.cache.DefaultCacheAwareContextLoaderDelegate - Retrieved ApplicationContext [2045706119] from cache with key [[MergedContextConfiguration@429aeac1 testClass = StudentServiceImplDiffblueTest, locations = '{}', classes = '{class net.javaguides.sms.service.impl.StudentServiceImpl}', contextInitializerClasses = '[]', activeProfiles = '{}', propertySourceLocations = '{}', propertySourceProperties = '{}', contextCustomizers = set[org.springframework.boot.test.autoconfigure.actuate.metrics.MetricsExportContextCustomizerFactory$DisableMetricExportContextCustomizer@3b79fd76, org.springframework.boot.test.autoconfigure.properties.PropertyMappingContextCustomizer@0, org.springframework.boot.test.autoconfigure.web.servlet.WebDriverContextCustomizerFactory$Customizer@14008db3, org.springframework.boot.test.context.filter.ExcludeFilterContextCustomizer@45ac5f9b, org.springframework.boot.test.json.DuplicateJsonObjectContextCustomizerFactory$DuplicateJsonObjectContextCustomizer@68034211, org.springframework.boot.test.mock.mockito.MockitoContextCustomizer@42cb8a60], contextLoader = 'org.springframework.test.context.support.DelegatingSmartContextLoader', parent = [null]]]
15:19:38.751 [Test worker] DEBUG org.springframework.test.context.cache - Spring test ApplicationContext cache statistics: [DefaultContextCache@5e5073ab size = 2, maxSize = 32, parentContextCount = 0, hitCount = 221, missCount = 2]
15:19:38.751 [Test worker] DEBUG org.springframework.test.context.cache.DefaultCacheAwareContextLoaderDelegate - Retrieved ApplicationContext [2045706119] from cache with key [[MergedContextConfiguration@429aeac1 testClass = StudentServiceImplDiffblueTest, locations = '{}', classes = '{class net.javaguides.sms.service.impl.StudentServiceImpl}', contextInitializerClasses = '[]', activeProfiles = '{}', propertySourceLocations = '{}', propertySourceProperties = '{}', contextCustomizers = set[org.springframework.boot.test.autoconfigure.actuate.metrics.MetricsExportContextCustomizerFactory$DisableMetricExportContextCustomizer@3b79fd76, org.springframework.boot.test.autoconfigure.properties.PropertyMappingContextCustomizer@0, org.springframework.boot.test.autoconfigure.web.servlet.WebDriverContextCustomizerFactory$Customizer@14008db3, org.springframework.boot.test.context.filter.ExcludeFilterContextCustomizer@45ac5f9b, org.springframework.boot.test.json.DuplicateJsonObjectContextCustomizerFactory$DuplicateJsonObjectContextCustomizer@68034211, org.springframework.boot.test.mock.mockito.MockitoContextCustomizer@42cb8a60], contextLoader = 'org.springframework.test.context.support.DelegatingSmartContextLoader', parent = [null]]]
15:19:38.751 [Test worker] DEBUG org.springframework.test.context.cache - Spring test ApplicationContext cache statistics: [DefaultContextCache@5e5073ab size = 2, maxSize = 32, parentContextCount = 0, hitCount = 222, missCount = 2]
15:19:38.751 [Test worker] DEBUG org.springframework.test.context.cache.DefaultCacheAwareContextLoaderDelegate - Retrieved ApplicationContext [2045706119] from cache with key [[MergedContextConfiguration@429aeac1 testClass = StudentServiceImplDiffblueTest, locations = '{}', classes = '{class net.javaguides.sms.service.impl.StudentServiceImpl}', contextInitializerClasses = '[]', activeProfiles = '{}', propertySourceLocations = '{}', propertySourceProperties = '{}', contextCustomizers = set[org.springframework.boot.test.autoconfigure.actuate.metrics.MetricsExportContextCustomizerFactory$DisableMetricExportContextCustomizer@3b79fd76, org.springframework.boot.test.autoconfigure.properties.PropertyMappingContextCustomizer@0, org.springframework.boot.test.autoconfigure.web.servlet.WebDriverContextCustomizerFactory$Customizer@14008db3, org.springframework.boot.test.context.filter.ExcludeFilterContextCustomizer@45ac5f9b, org.springframework.boot.test.json.DuplicateJsonObjectContextCustomizerFactory$DuplicateJsonObjectContextCustomizer@68034211, org.springframework.boot.test.mock.mockito.MockitoContextCustomizer@42cb8a60], contextLoader = 'org.springframework.test.context.support.DelegatingSmartContextLoader', parent = [null]]]
15:19:38.751 [Test worker] DEBUG org.springframework.test.context.cache - Spring test ApplicationContext cache statistics: [DefaultContextCache@5e5073ab size = 2, maxSize = 32, parentContextCount = 0, hitCount = 223, missCount = 2]
15:19:38.751 [Test worker] DEBUG org.springframework.test.context.cache.DefaultCacheAwareContextLoaderDelegate - Retrieved ApplicationContext [2045706119] from cache with key [[MergedContextConfiguration@429aeac1 testClass = StudentServiceImplDiffblueTest, locations = '{}', classes = '{class net.javaguides.sms.service.impl.StudentServiceImpl}', contextInitializerClasses = '[]', activeProfiles = '{}', propertySourceLocations = '{}', propertySourceProperties = '{}', contextCustomizers = set[org.springframework.boot.test.autoconfigure.actuate.metrics.MetricsExportContextCustomizerFactory$DisableMetricExportContextCustomizer@3b79fd76, org.springframework.boot.test.autoconfigure.properties.PropertyMappingContextCustomizer@0, org.springframework.boot.test.autoconfigure.web.servlet.WebDriverContextCustomizerFactory$Customizer@14008db3, org.springframework.boot.test.context.filter.ExcludeFilterContextCustomizer@45ac5f9b, org.springframework.boot.test.json.DuplicateJsonObjectContextCustomizerFactory$DuplicateJsonObjectContextCustomizer@68034211, org.springframework.boot.test.mock.mockito.MockitoContextCustomizer@42cb8a60], contextLoader = 'org.springframework.test.context.support.DelegatingSmartContextLoader', parent = [null]]]
15:19:38.751 [Test worker] DEBUG org.springframework.test.context.cache - Spring test ApplicationContext cache statistics: [DefaultContextCache@5e5073ab size = 2, maxSize = 32, parentContextCount = 0, hitCount = 224, missCount = 2]
15:19:38.751 [Test worker] DEBUG org.springframework.test.context.cache.DefaultCacheAwareContextLoaderDelegate - Retrieved ApplicationContext [2045706119] from cache with key [[MergedContextConfiguration@429aeac1 testClass = StudentServiceImplDiffblueTest, locations = '{}', classes = '{class net.javaguides.sms.service.impl.StudentServiceImpl}', contextInitializerClasses = '[]', activeProfiles = '{}', propertySourceLocations = '{}', propertySourceProperties = '{}', contextCustomizers = set[org.springframework.boot.test.autoconfigure.actuate.metrics.MetricsExportContextCustomizerFactory$DisableMetricExportContextCustomizer@3b79fd76, org.springframework.boot.test.autoconfigure.properties.PropertyMappingContextCustomizer@0, org.springframework.boot.test.autoconfigure.web.servlet.WebDriverContextCustomizerFactory$Customizer@14008db3, org.springframework.boot.test.context.filter.ExcludeFilterContextCustomizer@45ac5f9b, org.springframework.boot.test.json.DuplicateJsonObjectContextCustomizerFactory$DuplicateJsonObjectContextCustomizer@68034211, org.springframework.boot.test.mock.mockito.MockitoContextCustomizer@42cb8a60], contextLoader = 'org.springframework.test.context.support.DelegatingSmartContextLoader', parent = [null]]]
15:19:38.751 [Test worker] DEBUG org.springframework.test.context.cache - Spring test ApplicationContext cache statistics: [DefaultContextCache@5e5073ab size = 2, maxSize = 32, parentContextCount = 0, hitCount = 225, missCount = 2]
15:19:38.751 [Test worker] DEBUG org.springframework.test.context.cache.DefaultCacheAwareContextLoaderDelegate - Retrieved ApplicationContext [2045706119] from cache with key [[MergedContextConfiguration@429aeac1 testClass = StudentServiceImplDiffblueTest, locations = '{}', classes = '{class net.javaguides.sms.service.impl.StudentServiceImpl}', contextInitializerClasses = '[]', activeProfiles = '{}', propertySourceLocations = '{}', propertySourceProperties = '{}', contextCustomizers = set[org.springframework.boot.test.autoconfigure.actuate.metrics.MetricsExportContextCustomizerFactory$DisableMetricExportContextCustomizer@3b79fd76, org.springframework.boot.test.autoconfigure.properties.PropertyMappingContextCustomizer@0, org.springframework.boot.test.autoconfigure.web.servlet.WebDriverContextCustomizerFactory$Customizer@14008db3, org.springframework.boot.test.context.filter.ExcludeFilterContextCustomizer@45ac5f9b, org.springframework.boot.test.json.DuplicateJsonObjectContextCustomizerFactory$DuplicateJsonObjectContextCustomizer@68034211, org.springframework.boot.test.mock.mockito.MockitoContextCustomizer@42cb8a60], contextLoader = 'org.springframework.test.context.support.DelegatingSmartContextLoader', parent = [null]]]
15:19:38.751 [Test worker] DEBUG org.springframework.test.context.cache - Spring test ApplicationContext cache statistics: [DefaultContextCache@5e5073ab size = 2, maxSize = 32, parentContextCount = 0, hitCount = 226, missCount = 2]
15:19:38.751 [Test worker] DEBUG org.springframework.test.context.cache.DefaultCacheAwareContextLoaderDelegate - Retrieved ApplicationContext [2045706119] from cache with key [[MergedContextConfiguration@429aeac1 testClass = StudentServiceImplDiffblueTest, locations = '{}', classes = '{class net.javaguides.sms.service.impl.StudentServiceImpl}', contextInitializerClasses = '[]', activeProfiles = '{}', propertySourceLocations = '{}', propertySourceProperties = '{}', contextCustomizers = set[org.springframework.boot.test.autoconfigure.actuate.metrics.MetricsExportContextCustomizerFactory$DisableMetricExportContextCustomizer@3b79fd76, org.springframework.boot.test.autoconfigure.properties.PropertyMappingContextCustomizer@0, org.springframework.boot.test.autoconfigure.web.servlet.WebDriverContextCustomizerFactory$Customizer@14008db3, org.springframework.boot.test.context.filter.ExcludeFilterContextCustomizer@45ac5f9b, org.springframework.boot.test.json.DuplicateJsonObjectContextCustomizerFactory$DuplicateJsonObjectContextCustomizer@68034211, org.springframework.boot.test.mock.mockito.MockitoContextCustomizer@42cb8a60], contextLoader = 'org.springframework.test.context.support.DelegatingSmartContextLoader', parent = [null]]]
15:19:38.751 [Test worker] DEBUG org.springframework.test.context.cache - Spring test ApplicationContext cache statistics: [DefaultContextCache@5e5073ab size = 2, maxSize = 32, parentContextCount = 0, hitCount = 227, missCount = 2]
[...]
15:19:38.751 [Test worker] DEBUG org.springframework.test.context.support.AbstractDirtiesContextTestExecutionListener - Before test method: context [DefaultTestContext@b9d018b testClass = StudentServiceImplDiffblueTest, testInstance = net.javaguides.sms.service.impl.StudentServiceImplDiffblueTest@1c93b51e, testMethod = testGetStudentById2@StudentServiceImplDiffblueTest, testException = [null], mergedContextConfiguration = [MergedContextConfiguration@429aeac1 testClass = StudentServiceImplDiffblueTest, locations = '{}', classes = '{class net.javaguides.sms.service.impl.StudentServiceImpl}', contextInitializerClasses = '[]', activeProfiles = '{}', propertySourceLocations = '{}', propertySourceProperties = '{}', contextCustomizers = set[org.springframework.boot.test.autoconfigure.actuate.metrics.MetricsExportContextCustomizerFactory$DisableMetricExportContextCustomizer@3b79fd76, org.springframework.boot.test.autoconfigure.properties.PropertyMappingContextCustomizer@0, org.springframework.boot.test.autoconfigure.web.servlet.WebDriverContextCustomizerFactory$Customizer@14008db3, org.springframework.boot.test.context.filter.ExcludeFilterContextCustomizer@45ac5f9b, org.springframework.boot.test.json.DuplicateJsonObjectContextCustomizerFactory$DuplicateJsonObjectContextCustomizer@68034211, org.springframework.boot.test.mock.mockito.MockitoContextCustomizer@42cb8a60], contextLoader = 'org.springframework.test.context.support.DelegatingSmartContextLoader', parent = [null]], attributes = map['org.springframework.test.context.event.ApplicationEventsTestExecutionListener.recordApplicationEvents' -> false]], class annotated with @DirtiesContext [false] with mode [null], method annotated with @DirtiesContext [false] with mode [null].
15:19:38.751 [Test worker] DEBUG org.springframework.test.context.cache.DefaultCacheAwareContextLoaderDelegate - Retrieved ApplicationContext [2045706119] from cache with key [[MergedContextConfiguration@429aeac1 testClass = StudentServiceImplDiffblueTest, locations = '{}', classes = '{class net.javaguides.sms.service.impl.StudentServiceImpl}', contextInitializerClasses = '[]', activeProfiles = '{}', propertySourceLocations = '{}', propertySourceProperties = '{}', contextCustomizers = set[org.springframework.boot.test.autoconfigure.actuate.metrics.MetricsExportContextCustomizerFactory$DisableMetricExportContextCustomizer@3b79fd76, org.springframework.boot.test.autoconfigure.properties.PropertyMappingContextCustomizer@0, org.springframework.boot.test.autoconfigure.web.servlet.WebDriverContextCustomizerFactory$Customizer@14008db3, org.springframework.boot.test.context.filter.ExcludeFilterContextCustomizer@45ac5f9b, org.springframework.boot.test.json.DuplicateJsonObjectContextCustomizerFactory$DuplicateJsonObjectContextCustomizer@68034211, org.springframework.boot.test.mock.mockito.MockitoContextCustomizer@42cb8a60], contextLoader = 'org.springframework.test.context.support.DelegatingSmartContextLoader', parent = [null]]]
15:19:38.751 [Test worker] DEBUG org.springframework.test.context.cache - Spring test ApplicationContext cache statistics: [DefaultContextCache@5e5073ab size = 2, maxSize = 32, parentContextCount = 0, hitCount = 257, missCount = 2]
15:19:38.767 [Test worker] DEBUG org.springframework.test.context.cache.DefaultCacheAwareContextLoaderDelegate - Retrieved ApplicationContext [2045706119] from cache with key [[MergedContextConfiguration@429aeac1 testClass = StudentServiceImplDiffblueTest, locations = '{}', classes = '{class net.javaguides.sms.service.impl.StudentServiceImpl}', contextInitializerClasses = '[]', activeProfiles = '{}', propertySourceLocations = '{}', propertySourceProperties = '{}', contextCustomizers = set[org.springframework.boot.test.autoconfigure.actuate.metrics.MetricsExportContextCustomizerFactory$DisableMetricExportContextCustomizer@3b79fd76, org.springframework.boot.test.autoconfigure.properties.PropertyMappingContextCustomizer@0, org.springframework.boot.test.autoconfigure.web.servlet.WebDriverContextCustomizerFactory$Customizer@14008db3, org.springframework.boot.test.context.filter.ExcludeFilterContextCustomizer@45ac5f9b, org.springframework.boot.test.json.DuplicateJsonObjectContextCustomizerFactory$DuplicateJsonObjectContextCustomizer@68034211, org.springframework.boot.test.mock.mockito.MockitoContextCustomizer@42cb8a60], contextLoader = 'org.springframework.test.context.support.DelegatingSmartContextLoader', parent = [null]]]
15:19:38.767 [Test worker] DEBUG org.springframework.test.context.cache - Spring test ApplicationContext cache statistics: [DefaultContextCache@5e5073ab size = 2, maxSize = 32, parentContextCount = 0, hitCount = 258, missCount = 2]
15:19:38.767 [Test worker] DEBUG org.springframework.test.context.cache.DefaultCacheAwareContextLoaderDelegate - Retrieved ApplicationContext [2045706119] from cache with key [[MergedContextConfiguration@429aeac1 testClass = StudentServiceImplDiffblueTest, locations = '{}', classes = '{class net.javaguides.sms.service.impl.StudentServiceImpl}', contextInitializerClasses = '[]', activeProfiles = '{}', propertySourceLocations = '{}', propertySourceProperties = '{}', contextCustomizers = set[org.springframework.boot.test.autoconfigure.actuate.metrics.MetricsExportContextCustomizerFactory$DisableMetricExportContextCustomizer@3b79fd76, org.springframework.boot.test.autoconfigure.properties.PropertyMappingContextCustomizer@0, org.springframework.boot.test.autoconfigure.web.servlet.WebDriverContextCustomizerFactory$Customizer@14008db3, org.springframework.boot.test.context.filter.ExcludeFilterContextCustomizer@45ac5f9b, org.springframework.boot.test.json.DuplicateJsonObjectContextCustomizerFactory$DuplicateJsonObjectContextCustomizer@68034211, org.springframework.boot.test.mock.mockito.MockitoContextCustomizer@42cb8a60], contextLoader = 'org.springframework.test.context.support.DelegatingSmartContextLoader', parent = [null]]]
15:19:38.767 [Test worker] DEBUG org.springframework.test.context.cache - Spring test ApplicationContext cache statistics: [DefaultContextCache@5e5073ab size = 2, maxSize = 32, parentContextCount = 0, hitCount = 259, missCount = 2]
15:19:38.767 [Test worker] DEBUG org.springframework.test.context.cache.DefaultCacheAwareContextLoaderDelegate - Retrieved ApplicationContext [2045706119] from cache with key [[MergedContextConfiguration@429aeac1 testClass = StudentServiceImplDiffblueTest, locations = '{}', classes = '{class net.javaguides.sms.service.impl.StudentServiceImpl}', contextInitializerClasses = '[]', activeProfiles = '{}', propertySourceLocations = '{}', propertySourceProperties = '{}', contextCustomizers = set[org.springframework.boot.test.autoconfigure.actuate.metrics.MetricsExportContextCustomizerFactory$DisableMetricExportContextCustomizer@3b79fd76, org.springframework.boot.test.autoconfigure.properties.PropertyMappingContextCustomizer@0, org.springframework.boot.test.autoconfigure.web.servlet.WebDriverContextCustomizerFactory$Customizer@14008db3, org.springframework.boot.test.context.filter.ExcludeFilterContextCustomizer@45ac5f9b, org.springframework.boot.test.json.DuplicateJsonObjectContextCustomizerFactory$DuplicateJsonObjectContextCustomizer@68034211, org.springframework.boot.test.mock.mockito.MockitoContextCustomizer@42cb8a60], contextLoader = 'org.springframework.test.context.support.DelegatingSmartContextLoader', parent = [null]]]
15:19:38.767 [Test worker] DEBUG org.springframework.test.context.cache - Spring test ApplicationContext cache statistics: [DefaultContextCache@5e5073ab size = 2, maxSize = 32, parentContextCount = 0, hitCount = 260, missCount = 2]
15:19:38.767 [Test worker] DEBUG org.springframework.test.context.cache.DefaultCacheAwareContextLoaderDelegate - Retrieved ApplicationContext [2045706119] from cache with key [[MergedContextConfiguration@429aeac1 testClass = StudentServiceImplDiffblueTest, locations = '{}', classes = '{class net.javaguides.sms.service.impl.StudentServiceImpl}', contextInitializerClasses = '[]', activeProfiles = '{}', propertySourceLocations = '{}', propertySourceProperties = '{}', contextCustomizers = set[org.springframework.boot.test.autoconfigure.actuate.metrics.MetricsExportContextCustomizerFactory$DisableMetricExportContextCustomizer@3b79fd76, org.springframework.boot.test.autoconfigure.properties.PropertyMappingContextCustomizer@0, org.springframework.boot.test.autoconfigure.web.servlet.WebDriverContextCustomizerFactory$Customizer@14008db3, org.springframework.boot.test.context.filter.ExcludeFilterContextCustomizer@45ac5f9b, org.springframework.boot.test.json.DuplicateJsonObjectContextCustomizerFactory$DuplicateJsonObjectContextCustomizer@68034211, org.springframework.boot.test.mock.mockito.MockitoContextCustomizer@42cb8a60], contextLoader = 'org.springframework.test.context.support.DelegatingSmartContextLoader', parent = [null]]]
15:19:38.767 [Test worker] DEBUG org.springframework.test.context.cache - Spring test ApplicationContext cache statistics: [DefaultContextCache@5e5073ab size = 2, maxSize = 32, parentContextCount = 0, hitCount = 261, missCount = 2]
15:19:38.767 [Test worker] DEBUG org.springframework.test.context.cache.DefaultCacheAwareContextLoaderDelegate - Retrieved ApplicationContext [2045706119] from cache with key [[MergedContextConfiguration@429aeac1 testClass = StudentServiceImplDiffblueTest, locations = '{}', classes = '{class net.javaguides.sms.service.impl.StudentServiceImpl}', contextInitializerClasses = '[]', activeProfiles = '{}', propertySourceLocations = '{}', propertySourceProperties = '{}', contextCustomizers = set[org.springframework.boot.test.autoconfigure.actuate.metrics.MetricsExportContextCustomizerFactory$DisableMetricExportContextCustomizer@3b79fd76, org.springframework.boot.test.autoconfigure.properties.PropertyMappingContextCustomizer@0, org.springframework.boot.test.autoconfigure.web.servlet.WebDriverContextCustomizerFactory$Customizer@14008db3, org.springframework.boot.test.context.filter.ExcludeFilterContextCustomizer@45ac5f9b, org.springframework.boot.test.json.DuplicateJsonObjectContextCustomizerFactory$DuplicateJsonObjectContextCustomizer@68034211, org.springframework.boot.test.mock.mockito.MockitoContextCustomizer@42cb8a60], contextLoader = 'org.springframework.test.context.support.DelegatingSmartContextLoader', parent = [null]]]
15:19:38.767 [Test worker] DEBUG org.springframework.test.context.cache - Spring test ApplicationContext cache statistics: [DefaultContextCache@5e5073ab size = 2, maxSize = 32, parentContextCount = 0, hitCount = 262, missCount = 2]
15:19:38.767 [Test worker] DEBUG org.springframework.test.context.cache.DefaultCacheAwareContextLoaderDelegate - Retrieved ApplicationContext [2045706119] from cache with key [[MergedContextConfiguration@429aeac1 testClass = StudentServiceImplDiffblueTest, locations = '{}', classes = '{class net.javaguides.sms.service.impl.StudentServiceImpl}', contextInitializerClasses = '[]', activeProfiles = '{}', propertySourceLocations = '{}', propertySourceProperties = '{}', contextCustomizers = set[org.springframework.boot.test.autoconfigure.actuate.metrics.MetricsExportContextCustomizerFactory$DisableMetricExportContextCustomizer@3b79fd76, org.springframework.boot.test.autoconfigure.properties.PropertyMappingContextCustomizer@0, org.springframework.boot.test.autoconfigure.web.servlet.WebDriverContextCustomizerFactory$Customizer@14008db3, org.springframework.boot.test.context.filter.ExcludeFilterContextCustomizer@45ac5f9b, org.springframework.boot.test.json.DuplicateJsonObjectContextCustomizerFactory$DuplicateJsonObjectContextCustomizer@68034211, org.springframework.boot.test.mock.mockito.MockitoContextCustomizer@42cb8a60], contextLoader = 'org.springframework.test.context.support.DelegatingSmartContextLoader', parent = [null]]]
15:19:38.767 [Test worker] DEBUG org.springframework.test.context.cache - Spring test ApplicationContext cache statistics: [DefaultContextCache@5e5073ab size = 2, maxSize = 32, parentContextCount = 0, hitCount = 263, missCount = 2]
15:19:38.767 [Test worker] DEBUG org.springframework.test.context.cache.DefaultCacheAwareContextLoaderDelegate - Retrieved ApplicationContext [2045706119] from cache with key [[MergedContextConfiguration@429aeac1 testClass = StudentServiceImplDiffblueTest, locations = '{}', classes = '{class net.javaguides.sms.service.impl.StudentServiceImpl}', contextInitializerClasses = '[]', activeProfiles = '{}', propertySourceLocations = '{}', propertySourceProperties = '{}', contextCustomizers = set[org.springframework.boot.test.autoconfigure.actuate.metrics.MetricsExportContextCustomizerFactory$DisableMetricExportContextCustomizer@3b79fd76, org.springframework.boot.test.autoconfigure.properties.PropertyMappingContextCustomizer@0, org.springframework.boot.test.autoconfigure.web.servlet.WebDriverContextCustomizerFactory$Customizer@14008db3, org.springframework.boot.test.context.filter.ExcludeFilterContextCustomizer@45ac5f9b, org.springframework.boot.test.json.DuplicateJsonObjectContextCustomizerFactory$DuplicateJsonObjectContextCustomizer@68034211, org.springframework.boot.test.mock.mockito.MockitoContextCustomizer@42cb8a60], contextLoader = 'org.springframework.test.context.support.DelegatingSmartContextLoader', parent = [null]]]
15:19:38.767 [Test worker] DEBUG org.springframework.test.context.cache - Spring test ApplicationContext cache statistics: [DefaultContextCache@5e5073ab size = 2, maxSize = 32, parentContextCount = 0, hitCount = 264, missCount = 2]
15:19:38.767 [Test worker] DEBUG org.springframework.test.context.cache.DefaultCacheAwareContextLoaderDelegate - Retrieved ApplicationContext [2045706119] from cache with key [[MergedContextConfiguration@429aeac1 testClass = StudentServiceImplDiffblueTest, locations = '{}', classes = '{class net.javaguides.sms.service.impl.StudentServiceImpl}', contextInitializerClasses = '[]', activeProfiles = '{}', propertySourceLocations = '{}', propertySourceProperties = '{}', contextCustomizers = set[org.springframework.boot.test.autoconfigure.actuate.metrics.MetricsExportContextCustomizerFactory$DisableMetricExportContextCustomizer@3b79fd76, org.springframework.boot.test.autoconfigure.properties.PropertyMappingContextCustomizer@0, org.springframework.boot.test.autoconfigure.web.servlet.WebDriverContextCustomizerFactory$Customizer@14008db3, org.springframework.boot.test.context.filter.ExcludeFilterContextCustomizer@45ac5f9b, org.springframework.boot.test.json.DuplicateJsonObjectContextCustomizerFactory$DuplicateJsonObjectContextCustomizer@68034211, org.springframework.boot.test.mock.mockito.MockitoContextCustomizer@42cb8a60], contextLoader = 'org.springframework.test.context.support.DelegatingSmartContextLoader', parent = [null]]]
15:19:38.767 [Test worker] DEBUG org.springframework.test.context.cache - Spring test ApplicationContext cache statistics: [DefaultContextCache@5e5073ab size = 2, maxSize = 32, parentContextCount = 0, hitCount = 265, missCount = 2]
15:19:38.767 [Test worker] DEBUG org.springframework.test.context.support.AbstractDirtiesContextTestExecutionListener - After test method: context [DefaultTestContext@b9d018b testClass = StudentServiceImplDiffblueTest, testInstance = net.javaguides.sms.service.impl.StudentServiceImplDiffblueTest@1c93b51e, testMethod = testGetStudentById2@StudentServiceImplDiffblueTest, testException = [null], mergedContextConfiguration = [MergedContextConfiguration@429aeac1 testClass = StudentServiceImplDiffblueTest, locations = '{}', classes = '{class net.javaguides.sms.service.impl.StudentServiceImpl}', contextInitializerClasses = '[]', activeProfiles = '{}', propertySourceLocations = '{}', propertySourceProperties = '{}', contextCustomizers = set[org.springframework.boot.test.autoconfigure.actuate.metrics.MetricsExportContextCustomizerFactory$DisableMetricExportContextCustomizer@3b79fd76, org.springframework.boot.test.autoconfigure.properties.PropertyMappingContextCustomizer@0, org.springframework.boot.test.autoconfigure.web.servlet.WebDriverContextCustomizerFactory$Customizer@14008db3, org.springframework.boot.test.context.filter.ExcludeFilterContextCustomizer@45ac5f9b, org.springframework.boot.test.json.DuplicateJsonObjectContextCustomizerFactory$DuplicateJsonObjectContextCustomizer@68034211, org.springframework.boot.test.mock.mockito.MockitoContextCustomizer@42cb8a60], contextLoader = 'org.springframework.test.context.support.DelegatingSmartContextLoader', parent = [null]], attributes = map['org.springframework.test.context.event.ApplicationEventsTestExecutionListener.recordApplicationEvents' -> false]], class annotated with @DirtiesContext [false] with mode [null], method annotated with @DirtiesContext [false] with mode [null].
15:19:38.767 [Test worker] DEBUG org.springframework.test.context.cache.DefaultCacheAwareContextLoaderDelegate - Retrieved ApplicationContext [2045706119] from cache with key [[MergedContextConfiguration@429aeac1 testClass = StudentServiceImplDiffblueTest, locations = '{}', classes = '{class net.javaguides.sms.service.impl.StudentServiceImpl}', contextInitializerClasses = '[]', activeProfiles = '{}', propertySourceLocations = '{}', propertySourceProperties = '{}', contextCustomizers = set[org.springframework.boot.test.autoconfigure.actuate.metrics.MetricsExportContextCustomizerFactory$DisableMetricExportContextCustomizer@3b79fd76, org.springframework.boot.test.autoconfigure.properties.PropertyMappingContextCustomizer@0, org.springframework.boot.test.autoconfigure.web.servlet.WebDriverContextCustomizerFactory$Customizer@14008db3, org.springframework.boot.test.context.filter.ExcludeFilterContextCustomizer@45ac5f9b, org.springframework.boot.test.json.DuplicateJsonObjectContextCustomizerFactory$DuplicateJsonObjectContextCustomizer@68034211, org.springframework.boot.test.mock.mockito.MockitoContextCustomizer@42cb8a60], contextLoader = 'org.springframework.test.context.support.DelegatingSmartContextLoader', parent = [null]]]
15:19:38.767 [Test worker] DEBUG org.springframework.test.context.cache - Spring test ApplicationContext cache statistics: [DefaultContextCache@5e5073ab size = 2, maxSize = 32, parentContextCount = 0, hitCount = 266, missCount = 2]
15:19:38.767 [Test worker] DEBUG org.springframework.test.context.support.AbstractDirtiesContextTestExecutionListener - After test class: context [DefaultTestContext@b9d018b testClass = StudentServiceImplDiffblueTest, testInstance = [null], testMethod = [null], testException = [null], mergedContextConfiguration = [MergedContextConfiguration@429aeac1 testClass = StudentServiceImplDiffblueTest, locations = '{}', classes = '{class net.javaguides.sms.service.impl.StudentServiceImpl}', contextInitializerClasses = '[]', activeProfiles = '{}', propertySourceLocations = '{}', propertySourceProperties = '{}', contextCustomizers = set[org.springframework.boot.test.autoconfigure.actuate.metrics.MetricsExportContextCustomizerFactory$DisableMetricExportContextCustomizer@3b79fd76, org.springframework.boot.test.autoconfigure.properties.PropertyMappingContextCustomizer@0, org.springframework.boot.test.autoconfigure.web.servlet.WebDriverContextCustomizerFactory$Customizer@14008db3, org.springframework.boot.test.context.filter.ExcludeFilterContextCustomizer@45ac5f9b, org.springframework.boot.test.json.DuplicateJsonObjectContextCustomizerFactory$DuplicateJsonObjectContextCustomizer@68034211, org.springframework.boot.test.mock.mockito.MockitoContextCustomizer@42cb8a60], contextLoader = 'org.springframework.test.context.support.DelegatingSmartContextLoader', parent = [null]], attributes = map['org.springframework.test.context.event.ApplicationEventsTestExecutionListener.recordApplicationEvents' -> false]], class annotated with @DirtiesContext [false] with mode [null].
]]></system-out>
  <system-err><![CDATA[]]></system-err>
</testsuite>
