<?xml version="1.0" encoding="UTF-8"?>
<testsuite name="net.javaguides.sms.controller.StudentControllerDiffblueTest" tests="8" skipped="0" failures="0" errors="0" timestamp="2023-11-03T09:49:37" hostname="ALIPL3204" time="0.633">
  <properties/>
  <testcase name="testSaveStudent" classname="net.javaguides.sms.controller.StudentControllerDiffblueTest" time="0.43"/>
  <testcase name="testUpdateStudent" classname="net.javaguides.sms.controller.StudentControllerDiffblueTest" time="0.032"/>
  <testcase name="testDeleteStudent2" classname="net.javaguides.sms.controller.StudentControllerDiffblueTest" time="0.031"/>
  <testcase name="testEditStudentForm" classname="net.javaguides.sms.controller.StudentControllerDiffblueTest" time="0.02"/>
  <testcase name="testListStudents" classname="net.javaguides.sms.controller.StudentControllerDiffblueTest" time="0.063"/>
  <testcase name="testDeleteStudent" classname="net.javaguides.sms.controller.StudentControllerDiffblueTest" time="0.017"/>
  <testcase name="testCreateStudentForm2" classname="net.javaguides.sms.controller.StudentControllerDiffblueTest" time="0.017"/>
  <testcase name="testCreateStudentForm" classname="net.javaguides.sms.controller.StudentControllerDiffblueTest" time="0.01"/>
  <system-out><![CDATA[15:19:37.022 [Test worker] DEBUG org.springframework.test.context.junit4.SpringJUnit4ClassRunner - SpringJUnit4ClassRunner constructor called with [class net.javaguides.sms.controller.StudentControllerDiffblueTest]
15:19:37.031 [Test worker] DEBUG org.springframework.test.context.BootstrapUtils - Instantiating CacheAwareContextLoaderDelegate from class [org.springframework.test.context.cache.DefaultCacheAwareContextLoaderDelegate]
15:19:37.038 [Test worker] DEBUG org.springframework.test.context.BootstrapUtils - Instantiating BootstrapContext using constructor [public org.springframework.test.context.support.DefaultBootstrapContext(java.lang.Class,org.springframework.test.context.CacheAwareContextLoaderDelegate)]
15:19:37.070 [Test worker] DEBUG org.springframework.test.context.BootstrapUtils - Instantiating TestContextBootstrapper for test class [net.javaguides.sms.controller.StudentControllerDiffblueTest] from class [org.springframework.test.context.support.DefaultTestContextBootstrapper]
15:19:37.101 [Test worker] DEBUG org.springframework.test.context.support.AbstractDelegatingSmartContextLoader - Delegating to AnnotationConfigContextLoader to process context configuration [ContextConfigurationAttributes@7905a0b8 declaringClass = 'net.javaguides.sms.controller.StudentControllerDiffblueTest', classes = '{class net.javaguides.sms.controller.StudentController}', locations = '{}', inheritLocations = true, initializers = '{}', inheritInitializers = true, name = [null], contextLoaderClass = 'org.springframework.test.context.ContextLoader'].
15:19:37.180 [Test worker] DEBUG org.springframework.test.context.support.ActiveProfilesUtils - Could not find an 'annotation declaring class' for annotation type [org.springframework.test.context.ActiveProfiles] and class [net.javaguides.sms.controller.StudentControllerDiffblueTest]
15:19:37.180 [Test worker] DEBUG org.springframework.test.context.support.DefaultTestContextBootstrapper - @TestExecutionListeners is not present for class [net.javaguides.sms.controller.StudentControllerDiffblueTest]: using defaults.
15:19:37.180 [Test worker] INFO org.springframework.test.context.support.DefaultTestContextBootstrapper - Loaded default TestExecutionListener class names from location [META-INF/spring.factories]: [org.springframework.boot.test.autoconfigure.restdocs.RestDocsTestExecutionListener, org.springframework.boot.test.autoconfigure.web.client.MockRestServiceServerResetTestExecutionListener, org.springframework.boot.test.autoconfigure.web.servlet.MockMvcPrintOnlyOnFailureTestExecutionListener, org.springframework.boot.test.autoconfigure.web.servlet.WebDriverTestExecutionListener, org.springframework.boot.test.autoconfigure.webservices.client.MockWebServiceServerTestExecutionListener, org.springframework.boot.test.mock.mockito.MockitoTestExecutionListener, org.springframework.boot.test.mock.mockito.ResetMocksTestExecutionListener, org.springframework.test.context.web.ServletTestExecutionListener, org.springframework.test.context.support.DirtiesContextBeforeModesTestExecutionListener, org.springframework.test.context.event.ApplicationEventsTestExecutionListener, org.springframework.test.context.support.DependencyInjectionTestExecutionListener, org.springframework.test.context.support.DirtiesContextTestExecutionListener, org.springframework.test.context.transaction.TransactionalTestExecutionListener, org.springframework.test.context.jdbc.SqlScriptsTestExecutionListener, org.springframework.test.context.event.EventPublishingTestExecutionListener]
15:19:37.196 [Test worker] INFO org.springframework.test.context.support.DefaultTestContextBootstrapper - Using TestExecutionListeners: [org.springframework.test.context.web.ServletTestExecutionListener@5b367418, org.springframework.test.context.support.DirtiesContextBeforeModesTestExecutionListener@36060e, org.springframework.test.context.event.ApplicationEventsTestExecutionListener@481ba2cf, org.springframework.boot.test.mock.mockito.MockitoTestExecutionListener@46b61c56, org.springframework.test.context.support.DependencyInjectionTestExecutionListener@2e48362c, org.springframework.test.context.support.DirtiesContextTestExecutionListener@1efe439d, org.springframework.test.context.transaction.TransactionalTestExecutionListener@be68757, org.springframework.test.context.jdbc.SqlScriptsTestExecutionListener@7d446ed1, org.springframework.test.context.event.EventPublishingTestExecutionListener@12d2ce03, org.springframework.boot.test.autoconfigure.restdocs.RestDocsTestExecutionListener@7e5c856f, org.springframework.boot.test.autoconfigure.web.client.MockRestServiceServerResetTestExecutionListener@413f69cc, org.springframework.boot.test.autoconfigure.web.servlet.MockMvcPrintOnlyOnFailureTestExecutionListener@1f53a5dc, org.springframework.boot.test.autoconfigure.web.servlet.WebDriverTestExecutionListener@1b75c2e3, org.springframework.boot.test.autoconfigure.webservices.client.MockWebServiceServerTestExecutionListener@1984b1f, org.springframework.boot.test.mock.mockito.ResetMocksTestExecutionListener@3bd323e9]
15:19:37.196 [Test worker] DEBUG org.springframework.test.annotation.ProfileValueUtils - Retrieved @ProfileValueSourceConfiguration [null] for test class [net.javaguides.sms.controller.StudentControllerDiffblueTest]
15:19:37.196 [Test worker] DEBUG org.springframework.test.annotation.ProfileValueUtils - Retrieved ProfileValueSource type [class org.springframework.test.annotation.SystemProfileValueSource] for class [net.javaguides.sms.controller.StudentControllerDiffblueTest]
15:19:37.196 [Test worker] DEBUG org.springframework.test.annotation.ProfileValueUtils - Retrieved @ProfileValueSourceConfiguration [null] for test class [net.javaguides.sms.controller.StudentControllerDiffblueTest]
15:19:37.196 [Test worker] DEBUG org.springframework.test.annotation.ProfileValueUtils - Retrieved ProfileValueSource type [class org.springframework.test.annotation.SystemProfileValueSource] for class [net.javaguides.sms.controller.StudentControllerDiffblueTest]
15:19:37.196 [Test worker] DEBUG org.springframework.test.annotation.ProfileValueUtils - Retrieved @ProfileValueSourceConfiguration [null] for test class [net.javaguides.sms.controller.StudentControllerDiffblueTest]
15:19:37.196 [Test worker] DEBUG org.springframework.test.annotation.ProfileValueUtils - Retrieved ProfileValueSource type [class org.springframework.test.annotation.SystemProfileValueSource] for class [net.javaguides.sms.controller.StudentControllerDiffblueTest]
15:19:37.196 [Test worker] DEBUG org.springframework.test.annotation.ProfileValueUtils - Retrieved @ProfileValueSourceConfiguration [null] for test class [net.javaguides.sms.controller.StudentControllerDiffblueTest]
15:19:37.196 [Test worker] DEBUG org.springframework.test.annotation.ProfileValueUtils - Retrieved ProfileValueSource type [class org.springframework.test.annotation.SystemProfileValueSource] for class [net.javaguides.sms.controller.StudentControllerDiffblueTest]
15:19:37.196 [Test worker] DEBUG org.springframework.test.context.support.AbstractDirtiesContextTestExecutionListener - Before test class: context [DefaultTestContext@5be46f9d testClass = StudentControllerDiffblueTest, testInstance = [null], testMethod = [null], testException = [null], mergedContextConfiguration = [MergedContextConfiguration@3f91b517 testClass = StudentControllerDiffblueTest, locations = '{}', classes = '{class net.javaguides.sms.controller.StudentController}', contextInitializerClasses = '[]', activeProfiles = '{}', propertySourceLocations = '{}', propertySourceProperties = '{}', contextCustomizers = set[org.springframework.boot.test.autoconfigure.actuate.metrics.MetricsExportContextCustomizerFactory$DisableMetricExportContextCustomizer@3b79fd76, org.springframework.boot.test.autoconfigure.properties.PropertyMappingContextCustomizer@0, org.springframework.boot.test.autoconfigure.web.servlet.WebDriverContextCustomizerFactory$Customizer@14008db3, org.springframework.boot.test.context.filter.ExcludeFilterContextCustomizer@45ac5f9b, org.springframework.boot.test.json.DuplicateJsonObjectContextCustomizerFactory$DuplicateJsonObjectContextCustomizer@68034211, org.springframework.boot.test.mock.mockito.MockitoContextCustomizer@e6c7b7e0], contextLoader = 'org.springframework.test.context.support.DelegatingSmartContextLoader', parent = [null]], attributes = map[[empty]]], class annotated with @DirtiesContext [false] with mode [null].
15:19:37.196 [Test worker] DEBUG org.springframework.test.annotation.ProfileValueUtils - Retrieved @ProfileValueSourceConfiguration [null] for test class [net.javaguides.sms.controller.StudentControllerDiffblueTest]
15:19:37.196 [Test worker] DEBUG org.springframework.test.annotation.ProfileValueUtils - Retrieved ProfileValueSource type [class org.springframework.test.annotation.SystemProfileValueSource] for class [net.javaguides.sms.controller.StudentControllerDiffblueTest]
15:19:37.211 [Test worker] DEBUG org.springframework.test.context.support.AbstractDelegatingSmartContextLoader - Delegating to AnnotationConfigContextLoader to load context from [MergedContextConfiguration@3f91b517 testClass = StudentControllerDiffblueTest, locations = '{}', classes = '{class net.javaguides.sms.controller.StudentController}', contextInitializerClasses = '[]', activeProfiles = '{}', propertySourceLocations = '{}', propertySourceProperties = '{}', contextCustomizers = set[org.springframework.boot.test.autoconfigure.actuate.metrics.MetricsExportContextCustomizerFactory$DisableMetricExportContextCustomizer@3b79fd76, org.springframework.boot.test.autoconfigure.properties.PropertyMappingContextCustomizer@0, org.springframework.boot.test.autoconfigure.web.servlet.WebDriverContextCustomizerFactory$Customizer@14008db3, org.springframework.boot.test.context.filter.ExcludeFilterContextCustomizer@45ac5f9b, org.springframework.boot.test.json.DuplicateJsonObjectContextCustomizerFactory$DuplicateJsonObjectContextCustomizer@68034211, org.springframework.boot.test.mock.mockito.MockitoContextCustomizer@e6c7b7e0], contextLoader = 'org.springframework.test.context.support.DelegatingSmartContextLoader', parent = [null]].
15:19:37.211 [Test worker] DEBUG org.springframework.test.context.support.AbstractGenericContextLoader - Loading ApplicationContext for merged context configuration [[MergedContextConfiguration@3f91b517 testClass = StudentControllerDiffblueTest, locations = '{}', classes = '{class net.javaguides.sms.controller.StudentController}', contextInitializerClasses = '[]', activeProfiles = '{}', propertySourceLocations = '{}', propertySourceProperties = '{}', contextCustomizers = set[org.springframework.boot.test.autoconfigure.actuate.metrics.MetricsExportContextCustomizerFactory$DisableMetricExportContextCustomizer@3b79fd76, org.springframework.boot.test.autoconfigure.properties.PropertyMappingContextCustomizer@0, org.springframework.boot.test.autoconfigure.web.servlet.WebDriverContextCustomizerFactory$Customizer@14008db3, org.springframework.boot.test.context.filter.ExcludeFilterContextCustomizer@45ac5f9b, org.springframework.boot.test.json.DuplicateJsonObjectContextCustomizerFactory$DuplicateJsonObjectContextCustomizer@68034211, org.springframework.boot.test.mock.mockito.MockitoContextCustomizer@e6c7b7e0], contextLoader = 'org.springframework.test.context.support.DelegatingSmartContextLoader', parent = [null]]].
15:19:37.243 [Test worker] DEBUG org.springframework.core.env.StandardEnvironment - Activating profiles []
15:19:37.243 [Test worker] DEBUG org.springframework.test.context.support.AnnotationConfigContextLoader - Registering component classes: {class net.javaguides.sms.controller.StudentController}
15:19:37.290 [Test worker] DEBUG org.springframework.context.support.GenericApplicationContext - Refreshing org.springframework.context.support.GenericApplicationContext@4f0100a7
15:19:37.305 [Test worker] DEBUG org.springframework.beans.factory.support.DefaultListableBeanFactory - Creating shared instance of singleton bean 'org.springframework.context.annotation.internalConfigurationAnnotationProcessor'
15:19:37.353 [Test worker] DEBUG org.springframework.beans.factory.support.DefaultListableBeanFactory - Creating shared instance of singleton bean 'org.springframework.boot.test.mock.mockito.MockitoPostProcessor'
15:19:37.918 [Test worker] DEBUG org.springframework.beans.factory.support.DefaultListableBeanFactory - Creating shared instance of singleton bean 'org.springframework.context.event.internalEventListenerProcessor'
15:19:37.918 [Test worker] DEBUG org.springframework.beans.factory.support.DefaultListableBeanFactory - Creating shared instance of singleton bean 'org.springframework.context.event.internalEventListenerFactory'
15:19:37.918 [Test worker] DEBUG org.springframework.beans.factory.support.DefaultListableBeanFactory - Creating shared instance of singleton bean 'org.springframework.context.annotation.internalAutowiredAnnotationProcessor'
15:19:37.918 [Test worker] DEBUG org.springframework.beans.factory.support.DefaultListableBeanFactory - Creating shared instance of singleton bean 'org.springframework.context.annotation.internalCommonAnnotationProcessor'
15:19:37.918 [Test worker] DEBUG org.springframework.beans.factory.support.DefaultListableBeanFactory - Creating shared instance of singleton bean 'org.springframework.context.annotation.internalPersistenceAnnotationProcessor'
15:19:37.918 [Test worker] DEBUG org.springframework.beans.factory.support.DefaultListableBeanFactory - Creating shared instance of singleton bean 'org.springframework.boot.test.mock.mockito.MockitoPostProcessor$SpyPostProcessor'
15:19:37.934 [Test worker] DEBUG org.springframework.beans.factory.support.DefaultListableBeanFactory - Creating shared instance of singleton bean 'studentController'
15:19:37.934 [Test worker] DEBUG org.springframework.beans.factory.support.DefaultListableBeanFactory - Autowiring by type from bean name 'studentController' via constructor to bean named 'net.javaguides.sms.service.StudentService#0'
15:19:37.965 [Test worker] DEBUG org.springframework.test.context.cache.DefaultCacheAwareContextLoaderDelegate - Storing ApplicationContext [1325465767] in cache under key [[MergedContextConfiguration@3f91b517 testClass = StudentControllerDiffblueTest, locations = '{}', classes = '{class net.javaguides.sms.controller.StudentController}', contextInitializerClasses = '[]', activeProfiles = '{}', propertySourceLocations = '{}', propertySourceProperties = '{}', contextCustomizers = set[org.springframework.boot.test.autoconfigure.actuate.metrics.MetricsExportContextCustomizerFactory$DisableMetricExportContextCustomizer@3b79fd76, org.springframework.boot.test.autoconfigure.properties.PropertyMappingContextCustomizer@0, org.springframework.boot.test.autoconfigure.web.servlet.WebDriverContextCustomizerFactory$Customizer@14008db3, org.springframework.boot.test.context.filter.ExcludeFilterContextCustomizer@45ac5f9b, org.springframework.boot.test.json.DuplicateJsonObjectContextCustomizerFactory$DuplicateJsonObjectContextCustomizer@68034211, org.springframework.boot.test.mock.mockito.MockitoContextCustomizer@e6c7b7e0], contextLoader = 'org.springframework.test.context.support.DelegatingSmartContextLoader', parent = [null]]]
15:19:37.965 [Test worker] DEBUG org.springframework.test.context.cache - Spring test ApplicationContext cache statistics: [DefaultContextCache@5e5073ab size = 1, maxSize = 32, parentContextCount = 0, hitCount = 0, missCount = 1]
15:19:37.965 [Test worker] DEBUG org.springframework.test.context.support.DependencyInjectionTestExecutionListener - Performing dependency injection for test context [[DefaultTestContext@5be46f9d testClass = StudentControllerDiffblueTest, testInstance = net.javaguides.sms.controller.StudentControllerDiffblueTest@3bbf9027, testMethod = [null], testException = [null], mergedContextConfiguration = [MergedContextConfiguration@3f91b517 testClass = StudentControllerDiffblueTest, locations = '{}', classes = '{class net.javaguides.sms.controller.StudentController}', contextInitializerClasses = '[]', activeProfiles = '{}', propertySourceLocations = '{}', propertySourceProperties = '{}', contextCustomizers = set[org.springframework.boot.test.autoconfigure.actuate.metrics.MetricsExportContextCustomizerFactory$DisableMetricExportContextCustomizer@3b79fd76, org.springframework.boot.test.autoconfigure.properties.PropertyMappingContextCustomizer@0, org.springframework.boot.test.autoconfigure.web.servlet.WebDriverContextCustomizerFactory$Customizer@14008db3, org.springframework.boot.test.context.filter.ExcludeFilterContextCustomizer@45ac5f9b, org.springframework.boot.test.json.DuplicateJsonObjectContextCustomizerFactory$DuplicateJsonObjectContextCustomizer@68034211, org.springframework.boot.test.mock.mockito.MockitoContextCustomizer@e6c7b7e0], contextLoader = 'org.springframework.test.context.support.DelegatingSmartContextLoader', parent = [null]], attributes = map['org.springframework.test.context.event.ApplicationEventsTestExecutionListener.recordApplicationEvents' -> false]]].
15:19:37.965 [Test worker] DEBUG org.springframework.test.context.cache.DefaultCacheAwareContextLoaderDelegate - Retrieved ApplicationContext [1325465767] from cache with key [[MergedContextConfiguration@3f91b517 testClass = StudentControllerDiffblueTest, locations = '{}', classes = '{class net.javaguides.sms.controller.StudentController}', contextInitializerClasses = '[]', activeProfiles = '{}', propertySourceLocations = '{}', propertySourceProperties = '{}', contextCustomizers = set[org.springframework.boot.test.autoconfigure.actuate.metrics.MetricsExportContextCustomizerFactory$DisableMetricExportContextCustomizer@3b79fd76, org.springframework.boot.test.autoconfigure.properties.PropertyMappingContextCustomizer@0, org.springframework.boot.test.autoconfigure.web.servlet.WebDriverContextCustomizerFactory$Customizer@14008db3, org.springframework.boot.test.context.filter.ExcludeFilterContextCustomizer@45ac5f9b, org.springframework.boot.test.json.DuplicateJsonObjectContextCustomizerFactory$DuplicateJsonObjectContextCustomizer@68034211, org.springframework.boot.test.mock.mockito.MockitoContextCustomizer@e6c7b7e0], contextLoader = 'org.springframework.test.context.support.DelegatingSmartContextLoader', parent = [null]]]
15:19:37.965 [Test worker] DEBUG org.springframework.test.context.cache - Spring test ApplicationContext cache statistics: [DefaultContextCache@5e5073ab size = 1, maxSize = 32, parentContextCount = 0, hitCount = 1, missCount = 1]
15:19:37.981 [Test worker] DEBUG org.springframework.test.context.cache.DefaultCacheAwareContextLoaderDelegate - Retrieved ApplicationContext [1325465767] from cache with key [[MergedContextConfiguration@3f91b517 testClass = StudentControllerDiffblueTest, locations = '{}', classes = '{class net.javaguides.sms.controller.StudentController}', contextInitializerClasses = '[]', activeProfiles = '{}', propertySourceLocations = '{}', propertySourceProperties = '{}', contextCustomizers = set[org.springframework.boot.test.autoconfigure.actuate.metrics.MetricsExportContextCustomizerFactory$DisableMetricExportContextCustomizer@3b79fd76, org.springframework.boot.test.autoconfigure.properties.PropertyMappingContextCustomizer@0, org.springframework.boot.test.autoconfigure.web.servlet.WebDriverContextCustomizerFactory$Customizer@14008db3, org.springframework.boot.test.context.filter.ExcludeFilterContextCustomizer@45ac5f9b, org.springframework.boot.test.json.DuplicateJsonObjectContextCustomizerFactory$DuplicateJsonObjectContextCustomizer@68034211, org.springframework.boot.test.mock.mockito.MockitoContextCustomizer@e6c7b7e0], contextLoader = 'org.springframework.test.context.support.DelegatingSmartContextLoader', parent = [null]]]
15:19:37.981 [Test worker] DEBUG org.springframework.test.context.cache - Spring test ApplicationContext cache statistics: [DefaultContextCache@5e5073ab size = 1, maxSize = 32, parentContextCount = 0, hitCount = 2, missCount = 1]
15:19:37.981 [Test worker] DEBUG org.springframework.test.context.support.AbstractDirtiesContextTestExecutionListener - Before test method: context [DefaultTestContext@5be46f9d testClass = StudentControllerDiffblueTest, testInstance = net.javaguides.sms.controller.StudentControllerDiffblueTest@3bbf9027, testMethod = testSaveStudent@StudentControllerDiffblueTest, testException = [null], mergedContextConfiguration = [MergedContextConfiguration@3f91b517 testClass = StudentControllerDiffblueTest, locations = '{}', classes = '{class net.javaguides.sms.controller.StudentController}', contextInitializerClasses = '[]', activeProfiles = '{}', propertySourceLocations = '{}', propertySourceProperties = '{}', contextCustomizers = set[org.springframework.boot.test.autoconfigure.actuate.metrics.MetricsExportContextCustomizerFactory$DisableMetricExportContextCustomizer@3b79fd76, org.springframework.boot.test.autoconfigure.properties.PropertyMappingContextCustomizer@0, org.springframework.boot.test.autoconfigure.web.servlet.WebDriverContextCustomizerFactory$Customizer@14008db3, org.springframework.boot.test.context.filter.ExcludeFilterContextCustomizer@45ac5f9b, org.springframework.boot.test.json.DuplicateJsonObjectContextCustomizerFactory$DuplicateJsonObjectContextCustomizer@68034211, org.springframework.boot.test.mock.mockito.MockitoContextCustomizer@e6c7b7e0], contextLoader = 'org.springframework.test.context.support.DelegatingSmartContextLoader', parent = [null]], attributes = map['org.springframework.test.context.event.ApplicationEventsTestExecutionListener.recordApplicationEvents' -> false]], class annotated with @DirtiesContext [false] with mode [null], method annotated with @DirtiesContext [false] with mode [null].
15:19:37.981 [Test worker] DEBUG org.springframework.test.context.cache.DefaultCacheAwareContextLoaderDelegate - Retrieved ApplicationContext [1325465767] from cache with key [[MergedContextConfiguration@3f91b517 testClass = StudentControllerDiffblueTest, locations = '{}', classes = '{class net.javaguides.sms.controller.StudentController}', contextInitializerClasses = '[]', activeProfiles = '{}', propertySourceLocations = '{}', propertySourceProperties = '{}', contextCustomizers = set[org.springframework.boot.test.autoconfigure.actuate.metrics.MetricsExportContextCustomizerFactory$DisableMetricExportContextCustomizer@3b79fd76, org.springframework.boot.test.autoconfigure.properties.PropertyMappingContextCustomizer@0, org.springframework.boot.test.autoconfigure.web.servlet.WebDriverContextCustomizerFactory$Customizer@14008db3, org.springframework.boot.test.context.filter.ExcludeFilterContextCustomizer@45ac5f9b, org.springframework.boot.test.json.DuplicateJsonObjectContextCustomizerFactory$DuplicateJsonObjectContextCustomizer@68034211, org.springframework.boot.test.mock.mockito.MockitoContextCustomizer@e6c7b7e0], contextLoader = 'org.springframework.test.context.support.DelegatingSmartContextLoader', parent = [null]]]
15:19:37.981 [Test worker] DEBUG org.springframework.test.context.cache - Spring test ApplicationContext cache statistics: [DefaultContextCache@5e5073ab size = 1, maxSize = 32, parentContextCount = 0, hitCount = 3, missCount = 1]
15:19:37.981 [Test worker] DEBUG org.springframework.test.context.cache.DefaultCacheAwareContextLoaderDelegate - Retrieved ApplicationContext [1325465767] from cache with key [[MergedContextConfiguration@3f91b517 testClass = StudentControllerDiffblueTest, locations = '{}', classes = '{class net.javaguides.sms.controller.StudentController}', contextInitializerClasses = '[]', activeProfiles = '{}', propertySourceLocations = '{}', propertySourceProperties = '{}', contextCustomizers = set[org.springframework.boot.test.autoconfigure.actuate.metrics.MetricsExportContextCustomizerFactory$DisableMetricExportContextCustomizer@3b79fd76, org.springframework.boot.test.autoconfigure.properties.PropertyMappingContextCustomizer@0, org.springframework.boot.test.autoconfigure.web.servlet.WebDriverContextCustomizerFactory$Customizer@14008db3, org.springframework.boot.test.context.filter.ExcludeFilterContextCustomizer@45ac5f9b, org.springframework.boot.test.json.DuplicateJsonObjectContextCustomizerFactory$DuplicateJsonObjectContextCustomizer@68034211, org.springframework.boot.test.mock.mockito.MockitoContextCustomizer@e6c7b7e0], contextLoader = 'org.springframework.test.context.support.DelegatingSmartContextLoader', parent = [null]]]
15:19:37.981 [Test worker] DEBUG org.springframework.test.context.cache - Spring test ApplicationContext cache statistics: [DefaultContextCache@5e5073ab size = 1, maxSize = 32, parentContextCount = 0, hitCount = 4, missCount = 1]
15:19:37.981 [Test worker] DEBUG org.springframework.test.context.cache.DefaultCacheAwareContextLoaderDelegate - Retrieved ApplicationContext [1325465767] from cache with key [[MergedContextConfiguration@3f91b517 testClass = StudentControllerDiffblueTest, locations = '{}', classes = '{class net.javaguides.sms.controller.StudentController}', contextInitializerClasses = '[]', activeProfiles = '{}', propertySourceLocations = '{}', propertySourceProperties = '{}', contextCustomizers = set[org.springframework.boot.test.autoconfigure.actuate.metrics.MetricsExportContextCustomizerFactory$DisableMetricExportContextCustomizer@3b79fd76, org.springframework.boot.test.autoconfigure.properties.PropertyMappingContextCustomizer@0, org.springframework.boot.test.autoconfigure.web.servlet.WebDriverContextCustomizerFactory$Customizer@14008db3, org.springframework.boot.test.context.filter.ExcludeFilterContextCustomizer@45ac5f9b, org.springframework.boot.test.json.DuplicateJsonObjectContextCustomizerFactory$DuplicateJsonObjectContextCustomizer@68034211, org.springframework.boot.test.mock.mockito.MockitoContextCustomizer@e6c7b7e0], contextLoader = 'org.springframework.test.context.support.DelegatingSmartContextLoader', parent = [null]]]
15:19:37.981 [Test worker] DEBUG org.springframework.test.context.cache - Spring test ApplicationContext cache statistics: [DefaultContextCache@5e5073ab size = 1, maxSize = 32, parentContextCount = 0, hitCount = 5, missCount = 1]
15:19:38.106 [Test worker] DEBUG _org.springframework.web.servlet.HandlerMapping.Mappings - 
	n.j.s.c.StudentController:
	{POST [/students/{id}]}: updateStudent(Long,Student,Model)
	{GET [/students]}: listStudents(Model)
	{POST [/students]}: saveStudent(Student)
	{GET [/students/edit/{id}]}: editStudentForm(Long,Model)
	{GET [/students/new]}: createStudentForm(Model)
	{GET [/students/{id}]}: deleteStudent(Long)
15:19:38.106 [Test worker] DEBUG org.springframework.web.servlet.mvc.method.annotation.RequestMappingHandlerMapping - 6 mappings in org.springframework.web.servlet.mvc.method.annotation.RequestMappingHandlerMapping
15:19:38.296 [Test worker] DEBUG org.springframework.web.servlet.mvc.method.annotation.RequestMappingHandlerAdapter - ControllerAdvice beans: 0 @ModelAttribute, 0 @InitBinder, 1 RequestBodyAdvice, 1 ResponseBodyAdvice
15:19:38.327 [Test worker] DEBUG org.springframework.web.servlet.mvc.method.annotation.ExceptionHandlerExceptionResolver - ControllerAdvice beans: 0 @ExceptionHandler, 1 ResponseBodyAdvice
15:19:38.343 [Test worker] INFO org.springframework.mock.web.MockServletContext - Initializing Spring TestDispatcherServlet ''
15:19:38.343 [Test worker] INFO org.springframework.test.web.servlet.TestDispatcherServlet - Initializing Servlet ''
15:19:38.343 [Test worker] DEBUG org.springframework.test.web.servlet.TestDispatcherServlet - Detected AcceptHeaderLocaleResolver
15:19:38.343 [Test worker] DEBUG org.springframework.test.web.servlet.TestDispatcherServlet - Detected FixedThemeResolver
15:19:38.343 [Test worker] DEBUG org.springframework.test.web.servlet.TestDispatcherServlet - Detected org.springframework.web.servlet.view.DefaultRequestToViewNameTranslator@56928e17
15:19:38.343 [Test worker] DEBUG org.springframework.test.web.servlet.TestDispatcherServlet - Detected org.springframework.web.servlet.support.SessionFlashMapManager@dd2856e
15:19:38.343 [Test worker] DEBUG org.springframework.test.web.servlet.TestDispatcherServlet - enableLoggingRequestDetails='false': request parameters and headers will be masked to prevent unsafe logging of potentially sensitive data
15:19:38.343 [Test worker] INFO org.springframework.test.web.servlet.TestDispatcherServlet - Completed initialization in 0 ms
15:19:38.358 [Test worker] DEBUG org.springframework.test.web.servlet.TestDispatcherServlet - POST "/students", parameters={}
15:19:38.358 [Test worker] DEBUG org.springframework.web.servlet.mvc.method.annotation.RequestMappingHandlerMapping - Mapped to net.javaguides.sms.controller.StudentController#saveStudent(Student)
15:19:38.389 [Test worker] DEBUG org.springframework.web.servlet.view.RedirectView - View [RedirectView], model {student=net.javaguides.sms.entity.Student@1823b9c4, org.springframework.validation.BindingResult.student=org.springframework.validation.BeanPropertyBindingResult: 0 errors}
15:19:38.389 [Test worker] DEBUG org.springframework.test.web.servlet.TestDispatcherServlet - Completed 302 FOUND
15:19:38.405 [Test worker] DEBUG org.springframework.test.context.cache.DefaultCacheAwareContextLoaderDelegate - Retrieved ApplicationContext [1325465767] from cache with key [[MergedContextConfiguration@3f91b517 testClass = StudentControllerDiffblueTest, locations = '{}', classes = '{class net.javaguides.sms.controller.StudentController}', contextInitializerClasses = '[]', activeProfiles = '{}', propertySourceLocations = '{}', propertySourceProperties = '{}', contextCustomizers = set[org.springframework.boot.test.autoconfigure.actuate.metrics.MetricsExportContextCustomizerFactory$DisableMetricExportContextCustomizer@3b79fd76, org.springframework.boot.test.autoconfigure.properties.PropertyMappingContextCustomizer@0, org.springframework.boot.test.autoconfigure.web.servlet.WebDriverContextCustomizerFactory$Customizer@14008db3, org.springframework.boot.test.context.filter.ExcludeFilterContextCustomizer@45ac5f9b, org.springframework.boot.test.json.DuplicateJsonObjectContextCustomizerFactory$DuplicateJsonObjectContextCustomizer@68034211, org.springframework.boot.test.mock.mockito.MockitoContextCustomizer@e6c7b7e0], contextLoader = 'org.springframework.test.context.support.DelegatingSmartContextLoader', parent = [null]]]
15:19:38.405 [Test worker] DEBUG org.springframework.test.context.cache - Spring test ApplicationContext cache statistics: [DefaultContextCache@5e5073ab size = 1, maxSize = 32, parentContextCount = 0, hitCount = 6, missCount = 1]
15:19:38.405 [Test worker] DEBUG org.springframework.test.context.cache.DefaultCacheAwareContextLoaderDelegate - Retrieved ApplicationContext [1325465767] from cache with key [[MergedContextConfiguration@3f91b517 testClass = StudentControllerDiffblueTest, locations = '{}', classes = '{class net.javaguides.sms.controller.StudentController}', contextInitializerClasses = '[]', activeProfiles = '{}', propertySourceLocations = '{}', propertySourceProperties = '{}', contextCustomizers = set[org.springframework.boot.test.autoconfigure.actuate.metrics.MetricsExportContextCustomizerFactory$DisableMetricExportContextCustomizer@3b79fd76, org.springframework.boot.test.autoconfigure.properties.PropertyMappingContextCustomizer@0, org.springframework.boot.test.autoconfigure.web.servlet.WebDriverContextCustomizerFactory$Customizer@14008db3, org.springframework.boot.test.context.filter.ExcludeFilterContextCustomizer@45ac5f9b, org.springframework.boot.test.json.DuplicateJsonObjectContextCustomizerFactory$DuplicateJsonObjectContextCustomizer@68034211, org.springframework.boot.test.mock.mockito.MockitoContextCustomizer@e6c7b7e0], contextLoader = 'org.springframework.test.context.support.DelegatingSmartContextLoader', parent = [null]]]
15:19:38.405 [Test worker] DEBUG org.springframework.test.context.cache - Spring test ApplicationContext cache statistics: [DefaultContextCache@5e5073ab size = 1, maxSize = 32, parentContextCount = 0, hitCount = 7, missCount = 1]
15:19:38.405 [Test worker] DEBUG org.springframework.test.context.cache.DefaultCacheAwareContextLoaderDelegate - Retrieved ApplicationContext [1325465767] from cache with key [[MergedContextConfiguration@3f91b517 testClass = StudentControllerDiffblueTest, locations = '{}', classes = '{class net.javaguides.sms.controller.StudentController}', contextInitializerClasses = '[]', activeProfiles = '{}', propertySourceLocations = '{}', propertySourceProperties = '{}', contextCustomizers = set[org.springframework.boot.test.autoconfigure.actuate.metrics.MetricsExportContextCustomizerFactory$DisableMetricExportContextCustomizer@3b79fd76, org.springframework.boot.test.autoconfigure.properties.PropertyMappingContextCustomizer@0, org.springframework.boot.test.autoconfigure.web.servlet.WebDriverContextCustomizerFactory$Customizer@14008db3, org.springframework.boot.test.context.filter.ExcludeFilterContextCustomizer@45ac5f9b, org.springframework.boot.test.json.DuplicateJsonObjectContextCustomizerFactory$DuplicateJsonObjectContextCustomizer@68034211, org.springframework.boot.test.mock.mockito.MockitoContextCustomizer@e6c7b7e0], contextLoader = 'org.springframework.test.context.support.DelegatingSmartContextLoader', parent = [null]]]
15:19:38.405 [Test worker] DEBUG org.springframework.test.context.cache - Spring test ApplicationContext cache statistics: [DefaultContextCache@5e5073ab size = 1, maxSize = 32, parentContextCount = 0, hitCount = 8, missCount = 1]
15:19:38.405 [Test worker] DEBUG org.springframework.test.context.cache.DefaultCacheAwareContextLoaderDelegate - Retrieved ApplicationContext [1325465767] from cache with key [[MergedContextConfiguration@3f91b517 testClass = StudentControllerDiffblueTest, locations = '{}', classes = '{class net.javaguides.sms.controller.StudentController}', contextInitializerClasses = '[]', activeProfiles = '{}', propertySourceLocations = '{}', propertySourceProperties = '{}', contextCustomizers = set[org.springframework.boot.test.autoconfigure.actuate.metrics.MetricsExportContextCustomizerFactory$DisableMetricExportContextCustomizer@3b79fd76, org.springframework.boot.test.autoconfigure.properties.PropertyMappingContextCustomizer@0, org.springframework.boot.test.autoconfigure.web.servlet.WebDriverContextCustomizerFactory$Customizer@14008db3, org.springframework.boot.test.context.filter.ExcludeFilterContextCustomizer@45ac5f9b, org.springframework.boot.test.json.DuplicateJsonObjectContextCustomizerFactory$DuplicateJsonObjectContextCustomizer@68034211, org.springframework.boot.test.mock.mockito.MockitoContextCustomizer@e6c7b7e0], contextLoader = 'org.springframework.test.context.support.DelegatingSmartContextLoader', parent = [null]]]
15:19:38.405 [Test worker] DEBUG org.springframework.test.context.cache - Spring test ApplicationContext cache statistics: [DefaultContextCache@5e5073ab size = 1, maxSize = 32, parentContextCount = 0, hitCount = 9, missCount = 1]
15:19:38.405 [Test worker] DEBUG org.springframework.test.context.cache.DefaultCacheAwareContextLoaderDelegate - Retrieved ApplicationContext [1325465767] from cache with key [[MergedContextConfiguration@3f91b517 testClass = StudentControllerDiffblueTest, locations = '{}', classes = '{class net.javaguides.sms.controller.StudentController}', contextInitializerClasses = '[]', activeProfiles = '{}', propertySourceLocations = '{}', propertySourceProperties = '{}', contextCustomizers = set[org.springframework.boot.test.autoconfigure.actuate.metrics.MetricsExportContextCustomizerFactory$DisableMetricExportContextCustomizer@3b79fd76, org.springframework.boot.test.autoconfigure.properties.PropertyMappingContextCustomizer@0, org.springframework.boot.test.autoconfigure.web.servlet.WebDriverContextCustomizerFactory$Customizer@14008db3, org.springframework.boot.test.context.filter.ExcludeFilterContextCustomizer@45ac5f9b, org.springframework.boot.test.json.DuplicateJsonObjectContextCustomizerFactory$DuplicateJsonObjectContextCustomizer@68034211, org.springframework.boot.test.mock.mockito.MockitoContextCustomizer@e6c7b7e0], contextLoader = 'org.springframework.test.context.support.DelegatingSmartContextLoader', parent = [null]]]
15:19:38.405 [Test worker] DEBUG org.springframework.test.context.cache - Spring test ApplicationContext cache statistics: [DefaultContextCache@5e5073ab size = 1, maxSize = 32, parentContextCount = 0, hitCount = 10, missCount = 1]
15:19:38.405 [Test worker] DEBUG org.springframework.test.context.cache.DefaultCacheAwareContextLoaderDelegate - Retrieved ApplicationContext [1325465767] from cache with key [[MergedContextConfiguration@3f91b517 testClass = StudentControllerDiffblueTest, locations = '{}', classes = '{class net.javaguides.sms.controller.StudentController}', contextInitializerClasses = '[]', activeProfiles = '{}', propertySourceLocations = '{}', propertySourceProperties = '{}', contextCustomizers = set[org.springframework.boot.test.autoconfigure.actuate.metrics.MetricsExportContextCustomizerFactory$DisableMetricExportContextCustomizer@3b79fd76, org.springframework.boot.test.autoconfigure.properties.PropertyMappingContextCustomizer@0, org.springframework.boot.test.autoconfigure.web.servlet.WebDriverContextCustomizerFactory$Customizer@14008db3, org.springframework.boot.test.context.filter.ExcludeFilterContextCustomizer@45ac5f9b, org.springframework.boot.test.json.DuplicateJsonObjectContextCustomizerFactory$DuplicateJsonObjectContextCustomizer@68034211, org.springframework.boot.test.mock.mockito.MockitoContextCustomizer@e6c7b7e0], contextLoader = 'org.springframework.test.context.support.DelegatingSmartContextLoader', parent = [null]]]
15:19:38.405 [Test worker] DEBUG org.springframework.test.context.cache - Spring test ApplicationContext cache statistics: [DefaultContextCache@5e5073ab size = 1, maxSize = 32, parentContextCount = 0, hitCount = 11, missCount = 1]
15:19:38.405 [Test worker] DEBUG org.springframework.test.context.support.AbstractDirtiesContextTestExecutionListener - After test method: context [DefaultTestContext@5be46f9d testClass = StudentControllerDiffblueTest, testInstance = net.javaguides.sms.controller.StudentControllerDiffblueTest@3bbf9027, testMethod = testSaveStudent@StudentControllerDiffblueTest, testException = [null], mergedContextConfiguration = [MergedContextConfiguration@3f91b517 testClass = StudentControllerDiffblueTest, locations = '{}', classes = '{class net.javaguides.sms.controller.StudentController}', contextInitializerClasses = '[]', activeProfiles = '{}', propertySourceLocations = '{}', propertySourceProperties = '{}', contextCustomizers = set[org.springframework.boot.test.autoconfigure.actuate.metrics.MetricsExportContextCustomizerFactory$DisableMetricExportContextCustomizer@3b79fd76, org.springframework.boot.test.autoconfigure.properties.PropertyMappingContextCustomizer@0, org.springframework.boot.test.autoconfigure.web.servlet.WebDriverContextCustomizerFactory$Customizer@14008db3, org.springframework.boot.test.context.filter.ExcludeFilterContextCustomizer@45ac5f9b, org.springframework.boot.test.json.DuplicateJsonObjectContextCustomizerFactory$DuplicateJsonObjectContextCustomizer@68034211, org.springframework.boot.test.mock.mockito.MockitoContextCustomizer@e6c7b7e0], contextLoader = 'org.springframework.test.context.support.DelegatingSmartContextLoader', parent = [null]], attributes = map['org.springframework.test.context.event.ApplicationEventsTestExecutionListener.recordApplicationEvents' -> false]], class annotated with @DirtiesContext [false] with mode [null], method annotated with @DirtiesContext [false] with mode [null].
15:19:38.405 [Test worker] DEBUG org.springframework.test.annotation.ProfileValueUtils - Retrieved @ProfileValueSourceConfiguration [null] for test class [net.javaguides.sms.controller.StudentControllerDiffblueTest]
15:19:38.405 [Test worker] DEBUG org.springframework.test.annotation.ProfileValueUtils - Retrieved ProfileValueSource type [class org.springframework.test.annotation.SystemProfileValueSource] for class [net.javaguides.sms.controller.StudentControllerDiffblueTest]
15:19:38.405 [Test worker] DEBUG org.springframework.test.context.cache.DefaultCacheAwareContextLoaderDelegate - Retrieved ApplicationContext [1325465767] from cache with key [[MergedContextConfiguration@3f91b517 testClass = StudentControllerDiffblueTest, locations = '{}', classes = '{class net.javaguides.sms.controller.StudentController}', contextInitializerClasses = '[]', activeProfiles = '{}', propertySourceLocations = '{}', propertySourceProperties = '{}', contextCustomizers = set[org.springframework.boot.test.autoconfigure.actuate.metrics.MetricsExportContextCustomizerFactory$DisableMetricExportContextCustomizer@3b79fd76, org.springframework.boot.test.autoconfigure.properties.PropertyMappingContextCustomizer@0, org.springframework.boot.test.autoconfigure.web.servlet.WebDriverContextCustomizerFactory$Customizer@14008db3, org.springframework.boot.test.context.filter.ExcludeFilterContextCustomizer@45ac5f9b, org.springframework.boot.test.json.DuplicateJsonObjectContextCustomizerFactory$DuplicateJsonObjectContextCustomizer@68034211, org.springframework.boot.test.mock.mockito.MockitoContextCustomizer@e6c7b7e0], contextLoader = 'org.springframework.test.context.support.DelegatingSmartContextLoader', parent = [null]]]
15:19:38.405 [Test worker] DEBUG org.springframework.test.context.cache - Spring test ApplicationContext cache statistics: [DefaultContextCache@5e5073ab size = 1, maxSize = 32, parentContextCount = 0, hitCount = 12, missCount = 1]
15:19:38.405 [Test worker] DEBUG org.springframework.test.context.support.DependencyInjectionTestExecutionListener - Performing dependency injection for test context [[DefaultTestContext@5be46f9d testClass = StudentControllerDiffblueTest, testInstance = net.javaguides.sms.controller.StudentControllerDiffblueTest@6680f714, testMethod = [null], testException = [null], mergedContextConfiguration = [MergedContextConfiguration@3f91b517 testClass = StudentControllerDiffblueTest, locations = '{}', classes = '{class net.javaguides.sms.controller.StudentController}', contextInitializerClasses = '[]', activeProfiles = '{}', propertySourceLocations = '{}', propertySourceProperties = '{}', contextCustomizers = set[org.springframework.boot.test.autoconfigure.actuate.metrics.MetricsExportContextCustomizerFactory$DisableMetricExportContextCustomizer@3b79fd76, org.springframework.boot.test.autoconfigure.properties.PropertyMappingContextCustomizer@0, org.springframework.boot.test.autoconfigure.web.servlet.WebDriverContextCustomizerFactory$Customizer@14008db3, org.springframework.boot.test.context.filter.ExcludeFilterContextCustomizer@45ac5f9b, org.springframework.boot.test.json.DuplicateJsonObjectContextCustomizerFactory$DuplicateJsonObjectContextCustomizer@68034211, org.springframework.boot.test.mock.mockito.MockitoContextCustomizer@e6c7b7e0], contextLoader = 'org.springframework.test.context.support.DelegatingSmartContextLoader', parent = [null]], attributes = map['org.springframework.test.context.event.ApplicationEventsTestExecutionListener.recordApplicationEvents' -> false]]].
15:19:38.405 [Test worker] DEBUG org.springframework.test.context.cache.DefaultCacheAwareContextLoaderDelegate - Retrieved ApplicationContext [1325465767] from cache with key [[MergedContextConfiguration@3f91b517 testClass = StudentControllerDiffblueTest, locations = '{}', classes = '{class net.javaguides.sms.controller.StudentController}', contextInitializerClasses = '[]', activeProfiles = '{}', propertySourceLocations = '{}', propertySourceProperties = '{}', contextCustomizers = set[org.springframework.boot.test.autoconfigure.actuate.metrics.MetricsExportContextCustomizerFactory$DisableMetricExportContextCustomizer@3b79fd76, org.springframework.boot.test.autoconfigure.properties.PropertyMappingContextCustomizer@0, org.springframework.boot.test.autoconfigure.web.servlet.WebDriverContextCustomizerFactory$Customizer@14008db3, org.springframework.boot.test.context.filter.ExcludeFilterContextCustomizer@45ac5f9b, org.springframework.boot.test.json.DuplicateJsonObjectContextCustomizerFactory$DuplicateJsonObjectContextCustomizer@68034211, org.springframework.boot.test.mock.mockito.MockitoContextCustomizer@e6c7b7e0], contextLoader = 'org.springframework.test.context.support.DelegatingSmartContextLoader', parent = [null]]]
15:19:38.405 [Test worker] DEBUG org.springframework.test.context.cache - Spring test ApplicationContext cache statistics: [DefaultContextCache@5e5073ab size = 1, maxSize = 32, parentContextCount = 0, hitCount = 13, missCount = 1]
15:19:38.405 [Test worker] DEBUG org.springframework.test.context.cache.DefaultCacheAwareContextLoaderDelegate - Retrieved ApplicationContext [1325465767] from cache with key [[MergedContextConfiguration@3f91b517 testClass = StudentControllerDiffblueTest, locations = '{}', classes = '{class net.javaguides.sms.controller.StudentController}', contextInitializerClasses = '[]', activeProfiles = '{}', propertySourceLocations = '{}', propertySourceProperties = '{}', contextCustomizers = set[org.springframework.boot.test.autoconfigure.actuate.metrics.MetricsExportContextCustomizerFactory$DisableMetricExportContextCustomizer@3b79fd76, org.springframework.boot.test.autoconfigure.properties.PropertyMappingContextCustomizer@0, org.springframework.boot.test.autoconfigure.web.servlet.WebDriverContextCustomizerFactory$Customizer@14008db3, org.springframework.boot.test.context.filter.ExcludeFilterContextCustomizer@45ac5f9b, org.springframework.boot.test.json.DuplicateJsonObjectContextCustomizerFactory$DuplicateJsonObjectContextCustomizer@68034211, org.springframework.boot.test.mock.mockito.MockitoContextCustomizer@e6c7b7e0], contextLoader = 'org.springframework.test.context.support.DelegatingSmartContextLoader', parent = [null]]]
15:19:38.405 [Test worker] DEBUG org.springframework.test.context.cache - Spring test ApplicationContext cache statistics: [DefaultContextCache@5e5073ab size = 1, maxSize = 32, parentContextCount = 0, hitCount = 14, missCount = 1]
15:19:38.405 [Test worker] DEBUG org.springframework.test.context.support.AbstractDirtiesContextTestExecutionListener - Before test method: context [DefaultTestContext@5be46f9d testClass = StudentControllerDiffblueTest, testInstance = net.javaguides.sms.controller.StudentControllerDiffblueTest@6680f714, testMethod = testUpdateStudent@StudentControllerDiffblueTest, testException = [null], mergedContextConfiguration = [MergedContextConfiguration@3f91b517 testClass = StudentControllerDiffblueTest, locations = '{}', classes = '{class net.javaguides.sms.controller.StudentController}', contextInitializerClasses = '[]', activeProfiles = '{}', propertySourceLocations = '{}', propertySourceProperties = '{}', contextCustomizers = set[org.springframework.boot.test.autoconfigure.actuate.metrics.MetricsExportContextCustomizerFactory$DisableMetricExportContextCustomizer@3b79fd76, org.springframework.boot.test.autoconfigure.properties.PropertyMappingContextCustomizer@0, org.springframework.boot.test.autoconfigure.web.servlet.WebDriverContextCustomizerFactory$Customizer@14008db3, org.springframework.boot.test.context.filter.ExcludeFilterContextCustomizer@45ac5f9b, org.springframework.boot.test.json.DuplicateJsonObjectContextCustomizerFactory$DuplicateJsonObjectContextCustomizer@68034211, org.springframework.boot.test.mock.mockito.MockitoContextCustomizer@e6c7b7e0], contextLoader = 'org.springframework.test.context.support.DelegatingSmartContextLoader', parent = [null]], attributes = map['org.springframework.test.context.event.ApplicationEventsTestExecutionListener.recordApplicationEvents' -> false]], class annotated with @DirtiesContext [false] with mode [null], method annotated with @DirtiesContext [false] with mode [null].
15:19:38.405 [Test worker] DEBUG org.springframework.test.context.cache.DefaultCacheAwareContextLoaderDelegate - Retrieved ApplicationContext [1325465767] from cache with key [[MergedContextConfiguration@3f91b517 testClass = StudentControllerDiffblueTest, locations = '{}', classes = '{class net.javaguides.sms.controller.StudentController}', contextInitializerClasses = '[]', activeProfiles = '{}', propertySourceLocations = '{}', propertySourceProperties = '{}', contextCustomizers = set[org.springframework.boot.test.autoconfigure.actuate.metrics.MetricsExportContextCustomizerFactory$DisableMetricExportContextCustomizer@3b79fd76, org.springframework.boot.test.autoconfigure.properties.PropertyMappingContextCustomizer@0, org.springframework.boot.test.autoconfigure.web.servlet.WebDriverContextCustomizerFactory$Customizer@14008db3, org.springframework.boot.test.context.filter.ExcludeFilterContextCustomizer@45ac5f9b, org.springframework.boot.test.json.DuplicateJsonObjectContextCustomizerFactory$DuplicateJsonObjectContextCustomizer@68034211, org.springframework.boot.test.mock.mockito.MockitoContextCustomizer@e6c7b7e0], contextLoader = 'org.springframework.test.context.support.DelegatingSmartContextLoader', parent = [null]]]
15:19:38.405 [Test worker] DEBUG org.springframework.test.context.cache - Spring test ApplicationContext cache statistics: [DefaultContextCache@5e5073ab size = 1, maxSize = 32, parentContextCount = 0, hitCount = 15, missCount = 1]
15:19:38.405 [Test worker] DEBUG org.springframework.test.context.cache.DefaultCacheAwareContextLoaderDelegate - Retrieved ApplicationContext [1325465767] from cache with key [[MergedContextConfiguration@3f91b517 testClass = StudentControllerDiffblueTest, locations = '{}', classes = '{class net.javaguides.sms.controller.StudentController}', contextInitializerClasses = '[]', activeProfiles = '{}', propertySourceLocations = '{}', propertySourceProperties = '{}', contextCustomizers = set[org.springframework.boot.test.autoconfigure.actuate.metrics.MetricsExportContextCustomizerFactory$DisableMetricExportContextCustomizer@3b79fd76, org.springframework.boot.test.autoconfigure.properties.PropertyMappingContextCustomizer@0, org.springframework.boot.test.autoconfigure.web.servlet.WebDriverContextCustomizerFactory$Customizer@14008db3, org.springframework.boot.test.context.filter.ExcludeFilterContextCustomizer@45ac5f9b, org.springframework.boot.test.json.DuplicateJsonObjectContextCustomizerFactory$DuplicateJsonObjectContextCustomizer@68034211, org.springframework.boot.test.mock.mockito.MockitoContextCustomizer@e6c7b7e0], contextLoader = 'org.springframework.test.context.support.DelegatingSmartContextLoader', parent = [null]]]
15:19:38.405 [Test worker] DEBUG org.springframework.test.context.cache - Spring test ApplicationContext cache statistics: [DefaultContextCache@5e5073ab size = 1, maxSize = 32, parentContextCount = 0, hitCount = 16, missCount = 1]
15:19:38.405 [Test worker] DEBUG org.springframework.test.context.cache.DefaultCacheAwareContextLoaderDelegate - Retrieved ApplicationContext [1325465767] from cache with key [[MergedContextConfiguration@3f91b517 testClass = StudentControllerDiffblueTest, locations = '{}', classes = '{class net.javaguides.sms.controller.StudentController}', contextInitializerClasses = '[]', activeProfiles = '{}', propertySourceLocations = '{}', propertySourceProperties = '{}', contextCustomizers = set[org.springframework.boot.test.autoconfigure.actuate.metrics.MetricsExportContextCustomizerFactory$DisableMetricExportContextCustomizer@3b79fd76, org.springframework.boot.test.autoconfigure.properties.PropertyMappingContextCustomizer@0, org.springframework.boot.test.autoconfigure.web.servlet.WebDriverContextCustomizerFactory$Customizer@14008db3, org.springframework.boot.test.context.filter.ExcludeFilterContextCustomizer@45ac5f9b, org.springframework.boot.test.json.DuplicateJsonObjectContextCustomizerFactory$DuplicateJsonObjectContextCustomizer@68034211, org.springframework.boot.test.mock.mockito.MockitoContextCustomizer@e6c7b7e0], contextLoader = 'org.springframework.test.context.support.DelegatingSmartContextLoader', parent = [null]]]
15:19:38.405 [Test worker] DEBUG org.springframework.test.context.cache - Spring test ApplicationContext cache statistics: [DefaultContextCache@5e5073ab size = 1, maxSize = 32, parentContextCount = 0, hitCount = 17, missCount = 1]
15:19:38.421 [Test worker] DEBUG _org.springframework.web.servlet.HandlerMapping.Mappings - 
	n.j.s.c.StudentController:
	{POST [/students/{id}]}: updateStudent(Long,Student,Model)
	{GET [/students]}: listStudents(Model)
	{POST [/students]}: saveStudent(Student)
	{GET [/students/edit/{id}]}: editStudentForm(Long,Model)
	{GET [/students/new]}: createStudentForm(Model)
	{GET [/students/{id}]}: deleteStudent(Long)
15:19:38.421 [Test worker] DEBUG org.springframework.web.servlet.mvc.method.annotation.RequestMappingHandlerMapping - 6 mappings in org.springframework.web.servlet.mvc.method.annotation.RequestMappingHandlerMapping
15:19:38.421 [Test worker] DEBUG org.springframework.web.servlet.mvc.method.annotation.RequestMappingHandlerAdapter - ControllerAdvice beans: 0 @ModelAttribute, 0 @InitBinder, 1 RequestBodyAdvice, 1 ResponseBodyAdvice
15:19:38.421 [Test worker] DEBUG org.springframework.web.servlet.mvc.method.annotation.ExceptionHandlerExceptionResolver - ControllerAdvice beans: 0 @ExceptionHandler, 1 ResponseBodyAdvice
15:19:38.421 [Test worker] INFO org.springframework.mock.web.MockServletContext - Initializing Spring TestDispatcherServlet ''
15:19:38.421 [Test worker] INFO org.springframework.test.web.servlet.TestDispatcherServlet - Initializing Servlet ''
15:19:38.421 [Test worker] DEBUG org.springframework.test.web.servlet.TestDispatcherServlet - Detected AcceptHeaderLocaleResolver
15:19:38.421 [Test worker] DEBUG org.springframework.test.web.servlet.TestDispatcherServlet - Detected FixedThemeResolver
15:19:38.421 [Test worker] DEBUG org.springframework.test.web.servlet.TestDispatcherServlet - Detected org.springframework.web.servlet.view.DefaultRequestToViewNameTranslator@7fd987ef
15:19:38.421 [Test worker] DEBUG org.springframework.test.web.servlet.TestDispatcherServlet - Detected org.springframework.web.servlet.support.SessionFlashMapManager@7209ffb5
15:19:38.421 [Test worker] DEBUG org.springframework.test.web.servlet.TestDispatcherServlet - enableLoggingRequestDetails='false': request parameters and headers will be masked to prevent unsafe logging of potentially sensitive data
15:19:38.421 [Test worker] INFO org.springframework.test.web.servlet.TestDispatcherServlet - Completed initialization in 0 ms
15:19:38.421 [Test worker] DEBUG org.springframework.test.web.servlet.TestDispatcherServlet - POST "/students/42", parameters={}
15:19:38.421 [Test worker] DEBUG org.springframework.web.servlet.mvc.method.annotation.RequestMappingHandlerMapping - Mapped to net.javaguides.sms.controller.StudentController#updateStudent(Long, Student, Model)
15:19:38.437 [Test worker] DEBUG org.springframework.web.servlet.view.RedirectView - View [RedirectView], model {student=net.javaguides.sms.entity.Student@29c17c3d, org.springframework.validation.BindingResult.student=org.springframework.validation.BeanPropertyBindingResult: 0 errors}
15:19:38.437 [Test worker] DEBUG org.springframework.test.web.servlet.TestDispatcherServlet - Completed 302 FOUND
15:19:38.437 [Test worker] DEBUG org.springframework.test.context.cache.DefaultCacheAwareContextLoaderDelegate - Retrieved ApplicationContext [1325465767] from cache with key [[MergedContextConfiguration@3f91b517 testClass = StudentControllerDiffblueTest, locations = '{}', classes = '{class net.javaguides.sms.controller.StudentController}', contextInitializerClasses = '[]', activeProfiles = '{}', propertySourceLocations = '{}', propertySourceProperties = '{}', contextCustomizers = set[org.springframework.boot.test.autoconfigure.actuate.metrics.MetricsExportContextCustomizerFactory$DisableMetricExportContextCustomizer@3b79fd76, org.springframework.boot.test.autoconfigure.properties.PropertyMappingContextCustomizer@0, org.springframework.boot.test.autoconfigure.web.servlet.WebDriverContextCustomizerFactory$Customizer@14008db3, org.springframework.boot.test.context.filter.ExcludeFilterContextCustomizer@45ac5f9b, org.springframework.boot.test.json.DuplicateJsonObjectContextCustomizerFactory$DuplicateJsonObjectContextCustomizer@68034211, org.springframework.boot.test.mock.mockito.MockitoContextCustomizer@e6c7b7e0], contextLoader = 'org.springframework.test.context.support.DelegatingSmartContextLoader', parent = [null]]]
15:19:38.437 [Test worker] DEBUG org.springframework.test.context.cache - Spring test ApplicationContext cache statistics: [DefaultContextCache@5e5073ab size = 1, maxSize = 32, parentContextCount = 0, hitCount = 18, missCount = 1]
15:19:38.437 [Test worker] DEBUG org.springframework.test.context.cache.DefaultCacheAwareContextLoaderDelegate - Retrieved ApplicationContext [1325465767] from cache with key [[MergedContextConfiguration@3f91b517 testClass = StudentControllerDiffblueTest, locations = '{}', classes = '{class net.javaguides.sms.controller.StudentController}', contextInitializerClasses = '[]', activeProfiles = '{}', propertySourceLocations = '{}', propertySourceProperties = '{}', contextCustomizers = set[org.springframework.boot.test.autoconfigure.actuate.metrics.MetricsExportContextCustomizerFactory$DisableMetricExportContextCustomizer@3b79fd76, org.springframework.boot.test.autoconfigure.properties.PropertyMappingContextCustomizer@0, org.springframework.boot.test.autoconfigure.web.servlet.WebDriverContextCustomizerFactory$Customizer@14008db3, org.springframework.boot.test.context.filter.ExcludeFilterContextCustomizer@45ac5f9b, org.springframework.boot.test.json.DuplicateJsonObjectContextCustomizerFactory$DuplicateJsonObjectContextCustomizer@68034211, org.springframework.boot.test.mock.mockito.MockitoContextCustomizer@e6c7b7e0], contextLoader = 'org.springframework.test.context.support.DelegatingSmartContextLoader', parent = [null]]]
15:19:38.437 [Test worker] DEBUG org.springframework.test.context.cache - Spring test ApplicationContext cache statistics: [DefaultContextCache@5e5073ab size = 1, maxSize = 32, parentContextCount = 0, hitCount = 19, missCount = 1]
15:19:38.437 [Test worker] DEBUG org.springframework.test.context.cache.DefaultCacheAwareContextLoaderDelegate - Retrieved ApplicationContext [1325465767] from cache with key [[MergedContextConfiguration@3f91b517 testClass = StudentControllerDiffblueTest, locations = '{}', classes = '{class net.javaguides.sms.controller.StudentController}', contextInitializerClasses = '[]', activeProfiles = '{}', propertySourceLocations = '{}', propertySourceProperties = '{}', contextCustomizers = set[org.springframework.boot.test.autoconfigure.actuate.metrics.MetricsExportContextCustomizerFactory$DisableMetricExportContextCustomizer@3b79fd76, org.springframework.boot.test.autoconfigure.properties.PropertyMappingContextCustomizer@0, org.springframework.boot.test.autoconfigure.web.servlet.WebDriverContextCustomizerFactory$Customizer@14008db3, org.springframework.boot.test.context.filter.ExcludeFilterContextCustomizer@45ac5f9b, org.springframework.boot.test.json.DuplicateJsonObjectContextCustomizerFactory$DuplicateJsonObjectContextCustomizer@68034211, org.springframework.boot.test.mock.mockito.MockitoContextCustomizer@e6c7b7e0], contextLoader = 'org.springframework.test.context.support.DelegatingSmartContextLoader', parent = [null]]]
15:19:38.437 [Test worker] DEBUG org.springframework.test.context.cache - Spring test ApplicationContext cache statistics: [DefaultContextCache@5e5073ab size = 1, maxSize = 32, parentContextCount = 0, hitCount = 20, missCount = 1]
15:19:38.437 [Test worker] DEBUG org.springframework.test.context.cache.DefaultCacheAwareContextLoaderDelegate - Retrieved ApplicationContext [1325465767] from cache with key [[MergedContextConfiguration@3f91b517 testClass = StudentControllerDiffblueTest, locations = '{}', classes = '{class net.javaguides.sms.controller.StudentController}', contextInitializerClasses = '[]', activeProfiles = '{}', propertySourceLocations = '{}', propertySourceProperties = '{}', contextCustomizers = set[org.springframework.boot.test.autoconfigure.actuate.metrics.MetricsExportContextCustomizerFactory$DisableMetricExportContextCustomizer@3b79fd76, org.springframework.boot.test.autoconfigure.properties.PropertyMappingContextCustomizer@0, org.springframework.boot.test.autoconfigure.web.servlet.WebDriverContextCustomizerFactory$Customizer@14008db3, org.springframework.boot.test.context.filter.ExcludeFilterContextCustomizer@45ac5f9b, org.springframework.boot.test.json.DuplicateJsonObjectContextCustomizerFactory$DuplicateJsonObjectContextCustomizer@68034211, org.springframework.boot.test.mock.mockito.MockitoContextCustomizer@e6c7b7e0], contextLoader = 'org.springframework.test.context.support.DelegatingSmartContextLoader', parent = [null]]]
15:19:38.437 [Test worker] DEBUG org.springframework.test.context.cache - Spring test ApplicationContext cache statistics: [DefaultContextCache@5e5073ab size = 1, maxSize = 32, parentContextCount = 0, hitCount = 21, missCount = 1]
15:19:38.437 [Test worker] DEBUG org.springframework.test.context.cache.DefaultCacheAwareContextLoaderDelegate - Retrieved ApplicationContext [1325465767] from cache with key [[MergedContextConfiguration@3f91b517 testClass = StudentControllerDiffblueTest, locations = '{}', classes = '{class net.javaguides.sms.controller.StudentController}', contextInitializerClasses = '[]', activeProfiles = '{}', propertySourceLocations = '{}', propertySourceProperties = '{}', contextCustomizers = set[org.springframework.boot.test.autoconfigure.actuate.metrics.MetricsExportContextCustomizerFactory$DisableMetricExportContextCustomizer@3b79fd76, org.springframework.boot.test.autoconfigure.properties.PropertyMappingContextCustomizer@0, org.springframework.boot.test.autoconfigure.web.servlet.WebDriverContextCustomizerFactory$Customizer@14008db3, org.springframework.boot.test.context.filter.ExcludeFilterContextCustomizer@45ac5f9b, org.springframework.boot.test.json.DuplicateJsonObjectContextCustomizerFactory$DuplicateJsonObjectContextCustomizer@68034211, org.springframework.boot.test.mock.mockito.MockitoContextCustomizer@e6c7b7e0], contextLoader = 'org.springframework.test.context.support.DelegatingSmartContextLoader', parent = [null]]]
15:19:38.437 [Test worker] DEBUG org.springframework.test.context.cache - Spring test ApplicationContext cache statistics: [DefaultContextCache@5e5073ab size = 1, maxSize = 32, parentContextCount = 0, hitCount = 22, missCount = 1]
15:19:38.437 [Test worker] DEBUG org.springframework.test.context.cache.DefaultCacheAwareContextLoaderDelegate - Retrieved ApplicationContext [1325465767] from cache with key [[MergedContextConfiguration@3f91b517 testClass = StudentControllerDiffblueTest, locations = '{}', classes = '{class net.javaguides.sms.controller.StudentController}', contextInitializerClasses = '[]', activeProfiles = '{}', propertySourceLocations = '{}', propertySourceProperties = '{}', contextCustomizers = set[org.springframework.boot.test.autoconfigure.actuate.metrics.MetricsExportContextCustomizerFactory$DisableMetricExportContextCustomizer@3b79fd76, org.springframework.boot.test.autoconfigure.properties.PropertyMappingContextCustomizer@0, org.springframework.boot.test.autoconfigure.web.servlet.WebDriverContextCustomizerFactory$Customizer@14008db3, org.springframework.boot.test.context.filter.ExcludeFilterContextCustomizer@45ac5f9b, org.springframework.boot.test.json.DuplicateJsonObjectContextCustomizerFactory$DuplicateJsonObjectContextCustomizer@68034211, org.springframework.boot.test.mock.mockito.MockitoContextCustomizer@e6c7b7e0], contextLoader = 'org.springframework.test.context.support.DelegatingSmartContextLoader', parent = [null]]]
15:19:38.437 [Test worker] DEBUG org.springframework.test.context.cache - Spring test ApplicationContext cache statistics: [DefaultContextCache@5e5073ab size = 1, maxSize = 32, parentContextCount = 0, hitCount = 23, missCount = 1]
15:19:38.437 [Test worker] DEBUG org.springframework.test.context.support.AbstractDirtiesContextTestExecutionListener - After test method: context [DefaultTestContext@5be46f9d testClass = StudentControllerDiffblueTest, testInstance = net.javaguides.sms.controller.StudentControllerDiffblueTest@6680f714, testMethod = testUpdateStudent@StudentControllerDiffblueTest, testException = [null], mergedContextConfiguration = [MergedContextConfiguration@3f91b517 testClass = StudentControllerDiffblueTest, locations = '{}', classes = '{class net.javaguides.sms.controller.StudentController}', contextInitializerClasses = '[]', activeProfiles = '{}', propertySourceLocations = '{}', propertySourceProperties = '{}', contextCustomizers = set[org.springframework.boot.test.autoconfigure.actuate.metrics.MetricsExportContextCustomizerFactory$DisableMetricExportContextCustomizer@3b79fd76, org.springframework.boot.test.autoconfigure.properties.PropertyMappingContextCustomizer@0, org.springframework.boot.test.autoconfigure.web.servlet.WebDriverContextCustomizerFactory$Customizer@14008db3, org.springframework.boot.test.context.filter.ExcludeFilterContextCustomizer@45ac5f9b, org.springframework.boot.test.json.DuplicateJsonObjectContextCustomizerFactory$DuplicateJsonObjectContextCustomizer@68034211, org.springframework.boot.test.mock.mockito.MockitoContextCustomizer@e6c7b7e0], contextLoader = 'org.springframework.test.context.support.DelegatingSmartContextLoader', parent = [null]], attributes = map['org.springframework.test.context.event.ApplicationEventsTestExecutionListener.recordApplicationEvents' -> false]], class annotated with @DirtiesContext [false] with mode [null], method annotated with @DirtiesContext [false] with mode [null].
15:19:38.437 [Test worker] DEBUG org.springframework.test.annotation.ProfileValueUtils - Retrieved @ProfileValueSourceConfiguration [null] for test class [net.javaguides.sms.controller.StudentControllerDiffblueTest]
15:19:38.437 [Test worker] DEBUG org.springframework.test.annotation.ProfileValueUtils - Retrieved ProfileValueSource type [class org.springframework.test.annotation.SystemProfileValueSource] for class [net.javaguides.sms.controller.StudentControllerDiffblueTest]
15:19:38.437 [Test worker] DEBUG org.springframework.test.context.cache.DefaultCacheAwareContextLoaderDelegate - Retrieved ApplicationContext [1325465767] from cache with key [[MergedContextConfiguration@3f91b517 testClass = StudentControllerDiffblueTest, locations = '{}', classes = '{class net.javaguides.sms.controller.StudentController}', contextInitializerClasses = '[]', activeProfiles = '{}', propertySourceLocations = '{}', propertySourceProperties = '{}', contextCustomizers = set[org.springframework.boot.test.autoconfigure.actuate.metrics.MetricsExportContextCustomizerFactory$DisableMetricExportContextCustomizer@3b79fd76, org.springframework.boot.test.autoconfigure.properties.PropertyMappingContextCustomizer@0, org.springframework.boot.test.autoconfigure.web.servlet.WebDriverContextCustomizerFactory$Customizer@14008db3, org.springframework.boot.test.context.filter.ExcludeFilterContextCustomizer@45ac5f9b, org.springframework.boot.test.json.DuplicateJsonObjectContextCustomizerFactory$DuplicateJsonObjectContextCustomizer@68034211, org.springframework.boot.test.mock.mockito.MockitoContextCustomizer@e6c7b7e0], contextLoader = 'org.springframework.test.context.support.DelegatingSmartContextLoader', parent = [null]]]
15:19:38.437 [Test worker] DEBUG org.springframework.test.context.cache - Spring test ApplicationContext cache statistics: [DefaultContextCache@5e5073ab size = 1, maxSize = 32, parentContextCount = 0, hitCount = 24, missCount = 1]
15:19:38.437 [Test worker] DEBUG org.springframework.test.context.support.DependencyInjectionTestExecutionListener - Performing dependency injection for test context [[DefaultTestContext@5be46f9d testClass = StudentControllerDiffblueTest, testInstance = net.javaguides.sms.controller.StudentControllerDiffblueTest@250a9031, testMethod = [null], testException = [null], mergedContextConfiguration = [MergedContextConfiguration@3f91b517 testClass = StudentControllerDiffblueTest, locations = '{}', classes = '{class net.javaguides.sms.controller.StudentController}', contextInitializerClasses = '[]', activeProfiles = '{}', propertySourceLocations = '{}', propertySourceProperties = '{}', contextCustomizers = set[org.springframework.boot.test.autoconfigure.actuate.metrics.MetricsExportContextCustomizerFactory$DisableMetricExportContextCustomizer@3b79fd76, org.springframework.boot.test.autoconfigure.properties.PropertyMappingContextCustomizer@0, org.springframework.boot.test.autoconfigure.web.servlet.WebDriverContextCustomizerFactory$Customizer@14008db3, org.springframework.boot.test.context.filter.ExcludeFilterContextCustomizer@45ac5f9b, org.springframework.boot.test.json.DuplicateJsonObjectContextCustomizerFactory$DuplicateJsonObjectContextCustomizer@68034211, org.springframework.boot.test.mock.mockito.MockitoContextCustomizer@e6c7b7e0], contextLoader = 'org.springframework.test.context.support.DelegatingSmartContextLoader', parent = [null]], attributes = map['org.springframework.test.context.event.ApplicationEventsTestExecutionListener.recordApplicationEvents' -> false]]].
15:19:38.437 [Test worker] DEBUG org.springframework.test.context.cache.DefaultCacheAwareContextLoaderDelegate - Retrieved ApplicationContext [1325465767] from cache with key [[MergedContextConfiguration@3f91b517 testClass = StudentControllerDiffblueTest, locations = '{}', classes = '{class net.javaguides.sms.controller.StudentController}', contextInitializerClasses = '[]', activeProfiles = '{}', propertySourceLocations = '{}', propertySourceProperties = '{}', contextCustomizers = set[org.springframework.boot.test.autoconfigure.actuate.metrics.MetricsExportContextCustomizerFactory$DisableMetricExportContextCustomizer@3b79fd76, org.springframework.boot.test.autoconfigure.properties.PropertyMappingContextCustomizer@0, org.springframework.boot.test.autoconfigure.web.servlet.WebDriverContextCustomizerFactory$Customizer@14008db3, org.springframework.boot.test.context.filter.ExcludeFilterContextCustomizer@45ac5f9b, org.springframework.boot.test.json.DuplicateJsonObjectContextCustomizerFactory$DuplicateJsonObjectContextCustomizer@68034211, org.springframework.boot.test.mock.mockito.MockitoContextCustomizer@e6c7b7e0], contextLoader = 'org.springframework.test.context.support.DelegatingSmartContextLoader', parent = [null]]]
15:19:38.437 [Test worker] DEBUG org.springframework.test.context.cache - Spring test ApplicationContext cache statistics: [DefaultContextCache@5e5073ab size = 1, maxSize = 32, parentContextCount = 0, hitCount = 25, missCount = 1]
15:19:38.437 [Test worker] DEBUG org.springframework.test.context.cache.DefaultCacheAwareContextLoaderDelegate - Retrieved ApplicationContext [1325465767] from cache with key [[MergedContextConfiguration@3f91b517 testClass = StudentControllerDiffblueTest, locations = '{}', classes = '{class net.javaguides.sms.controller.StudentController}', contextInitializerClasses = '[]', activeProfiles = '{}', propertySourceLocations = '{}', propertySourceProperties = '{}', contextCustomizers = set[org.springframework.boot.test.autoconfigure.actuate.metrics.MetricsExportContextCustomizerFactory$DisableMetricExportContextCustomizer@3b79fd76, org.springframework.boot.test.autoconfigure.properties.PropertyMappingContextCustomizer@0, org.springframework.boot.test.autoconfigure.web.servlet.WebDriverContextCustomizerFactory$Customizer@14008db3, org.springframework.boot.test.context.filter.ExcludeFilterContextCustomizer@45ac5f9b, org.springframework.boot.test.json.DuplicateJsonObjectContextCustomizerFactory$DuplicateJsonObjectContextCustomizer@68034211, org.springframework.boot.test.mock.mockito.MockitoContextCustomizer@e6c7b7e0], contextLoader = 'org.springframework.test.context.support.DelegatingSmartContextLoader', parent = [null]]]
15:19:38.437 [Test worker] DEBUG org.springframework.test.context.cache - Spring test ApplicationContext cache statistics: [DefaultContextCache@5e5073ab size = 1, maxSize = 32, parentContextCount = 0, hitCount = 26, missCount = 1]
15:19:38.437 [Test worker] DEBUG org.springframework.test.context.support.AbstractDirtiesContextTestExecutionListener - Before test method: context [DefaultTestContext@5be46f9d testClass = StudentControllerDiffblueTest, testInstance = net.javaguides.sms.controller.StudentControllerDiffblueTest@250a9031, testMethod = testDeleteStudent2@StudentControllerDiffblueTest, testException = [null], mergedContextConfiguration = [MergedContextConfiguration@3f91b517 testClass = StudentControllerDiffblueTest, locations = '{}', classes = '{class net.javaguides.sms.controller.StudentController}', contextInitializerClasses = '[]', activeProfiles = '{}', propertySourceLocations = '{}', propertySourceProperties = '{}', contextCustomizers = set[org.springframework.boot.test.autoconfigure.actuate.metrics.MetricsExportContextCustomizerFactory$DisableMetricExportContextCustomizer@3b79fd76, org.springframework.boot.test.autoconfigure.properties.PropertyMappingContextCustomizer@0, org.springframework.boot.test.autoconfigure.web.servlet.WebDriverContextCustomizerFactory$Customizer@14008db3, org.springframework.boot.test.context.filter.ExcludeFilterContextCustomizer@45ac5f9b, org.springframework.boot.test.json.DuplicateJsonObjectContextCustomizerFactory$DuplicateJsonObjectContextCustomizer@68034211, org.springframework.boot.test.mock.mockito.MockitoContextCustomizer@e6c7b7e0], contextLoader = 'org.springframework.test.context.support.DelegatingSmartContextLoader', parent = [null]], attributes = map['org.springframework.test.context.event.ApplicationEventsTestExecutionListener.recordApplicationEvents' -> false]], class annotated with @DirtiesContext [false] with mode [null], method annotated with @DirtiesContext [false] with mode [null].
15:19:38.437 [Test worker] DEBUG org.springframework.test.context.cache.DefaultCacheAwareContextLoaderDelegate - Retrieved ApplicationContext [1325465767] from cache with key [[MergedContextConfiguration@3f91b517 testClass = StudentControllerDiffblueTest, locations = '{}', classes = '{class net.javaguides.sms.controller.StudentController}', contextInitializerClasses = '[]', activeProfiles = '{}', propertySourceLocations = '{}', propertySourceProperties = '{}', contextCustomizers = set[org.springframework.boot.test.autoconfigure.actuate.metrics.MetricsExportContextCustomizerFactory$DisableMetricExportContextCustomizer@3b79fd76, org.springframework.boot.test.autoconfigure.properties.PropertyMappingContextCustomizer@0, org.springframework.boot.test.autoconfigure.web.servlet.WebDriverContextCustomizerFactory$Customizer@14008db3, org.springframework.boot.test.context.filter.ExcludeFilterContextCustomizer@45ac5f9b, org.springframework.boot.test.json.DuplicateJsonObjectContextCustomizerFactory$DuplicateJsonObjectContextCustomizer@68034211, org.springframework.boot.test.mock.mockito.MockitoContextCustomizer@e6c7b7e0], contextLoader = 'org.springframework.test.context.support.DelegatingSmartContextLoader', parent = [null]]]
15:19:38.437 [Test worker] DEBUG org.springframework.test.context.cache - Spring test ApplicationContext cache statistics: [DefaultContextCache@5e5073ab size = 1, maxSize = 32, parentContextCount = 0, hitCount = 27, missCount = 1]
15:19:38.437 [Test worker] DEBUG org.springframework.test.context.cache.DefaultCacheAwareContextLoaderDelegate - Retrieved ApplicationContext [1325465767] from cache with key [[MergedContextConfiguration@3f91b517 testClass = StudentControllerDiffblueTest, locations = '{}', classes = '{class net.javaguides.sms.controller.StudentController}', contextInitializerClasses = '[]', activeProfiles = '{}', propertySourceLocations = '{}', propertySourceProperties = '{}', contextCustomizers = set[org.springframework.boot.test.autoconfigure.actuate.metrics.MetricsExportContextCustomizerFactory$DisableMetricExportContextCustomizer@3b79fd76, org.springframework.boot.test.autoconfigure.properties.PropertyMappingContextCustomizer@0, org.springframework.boot.test.autoconfigure.web.servlet.WebDriverContextCustomizerFactory$Customizer@14008db3, org.springframework.boot.test.context.filter.ExcludeFilterContextCustomizer@45ac5f9b, org.springframework.boot.test.json.DuplicateJsonObjectContextCustomizerFactory$DuplicateJsonObjectContextCustomizer@68034211, org.springframework.boot.test.mock.mockito.MockitoContextCustomizer@e6c7b7e0], contextLoader = 'org.springframework.test.context.support.DelegatingSmartContextLoader', parent = [null]]]
15:19:38.437 [Test worker] DEBUG org.springframework.test.context.cache - Spring test ApplicationContext cache statistics: [DefaultContextCache@5e5073ab size = 1, maxSize = 32, parentContextCount = 0, hitCount = 28, missCount = 1]
15:19:38.437 [Test worker] DEBUG org.springframework.test.context.cache.DefaultCacheAwareContextLoaderDelegate - Retrieved ApplicationContext [1325465767] from cache with key [[MergedContextConfiguration@3f91b517 testClass = StudentControllerDiffblueTest, locations = '{}', classes = '{class net.javaguides.sms.controller.StudentController}', contextInitializerClasses = '[]', activeProfiles = '{}', propertySourceLocations = '{}', propertySourceProperties = '{}', contextCustomizers = set[org.springframework.boot.test.autoconfigure.actuate.metrics.MetricsExportContextCustomizerFactory$DisableMetricExportContextCustomizer@3b79fd76, org.springframework.boot.test.autoconfigure.properties.PropertyMappingContextCustomizer@0, org.springframework.boot.test.autoconfigure.web.servlet.WebDriverContextCustomizerFactory$Customizer@14008db3, org.springframework.boot.test.context.filter.ExcludeFilterContextCustomizer@45ac5f9b, org.springframework.boot.test.json.DuplicateJsonObjectContextCustomizerFactory$DuplicateJsonObjectContextCustomizer@68034211, org.springframework.boot.test.mock.mockito.MockitoContextCustomizer@e6c7b7e0], contextLoader = 'org.springframework.test.context.support.DelegatingSmartContextLoader', parent = [null]]]
15:19:38.437 [Test worker] DEBUG org.springframework.test.context.cache - Spring test ApplicationContext cache statistics: [DefaultContextCache@5e5073ab size = 1, maxSize = 32, parentContextCount = 0, hitCount = 29, missCount = 1]
15:19:38.452 [Test worker] DEBUG _org.springframework.web.servlet.HandlerMapping.Mappings - 
	n.j.s.c.StudentController:
[...]
15:19:38.594 [Test worker] DEBUG org.springframework.test.context.cache.DefaultCacheAwareContextLoaderDelegate - Retrieved ApplicationContext [1325465767] from cache with key [[MergedContextConfiguration@3f91b517 testClass = StudentControllerDiffblueTest, locations = '{}', classes = '{class net.javaguides.sms.controller.StudentController}', contextInitializerClasses = '[]', activeProfiles = '{}', propertySourceLocations = '{}', propertySourceProperties = '{}', contextCustomizers = set[org.springframework.boot.test.autoconfigure.actuate.metrics.MetricsExportContextCustomizerFactory$DisableMetricExportContextCustomizer@3b79fd76, org.springframework.boot.test.autoconfigure.properties.PropertyMappingContextCustomizer@0, org.springframework.boot.test.autoconfigure.web.servlet.WebDriverContextCustomizerFactory$Customizer@14008db3, org.springframework.boot.test.context.filter.ExcludeFilterContextCustomizer@45ac5f9b, org.springframework.boot.test.json.DuplicateJsonObjectContextCustomizerFactory$DuplicateJsonObjectContextCustomizer@68034211, org.springframework.boot.test.mock.mockito.MockitoContextCustomizer@e6c7b7e0], contextLoader = 'org.springframework.test.context.support.DelegatingSmartContextLoader', parent = [null]]]
15:19:38.594 [Test worker] DEBUG org.springframework.test.context.cache - Spring test ApplicationContext cache statistics: [DefaultContextCache@5e5073ab size = 1, maxSize = 32, parentContextCount = 0, hitCount = 88, missCount = 1]
15:19:38.594 [Test worker] DEBUG org.springframework.test.context.cache.DefaultCacheAwareContextLoaderDelegate - Retrieved ApplicationContext [1325465767] from cache with key [[MergedContextConfiguration@3f91b517 testClass = StudentControllerDiffblueTest, locations = '{}', classes = '{class net.javaguides.sms.controller.StudentController}', contextInitializerClasses = '[]', activeProfiles = '{}', propertySourceLocations = '{}', propertySourceProperties = '{}', contextCustomizers = set[org.springframework.boot.test.autoconfigure.actuate.metrics.MetricsExportContextCustomizerFactory$DisableMetricExportContextCustomizer@3b79fd76, org.springframework.boot.test.autoconfigure.properties.PropertyMappingContextCustomizer@0, org.springframework.boot.test.autoconfigure.web.servlet.WebDriverContextCustomizerFactory$Customizer@14008db3, org.springframework.boot.test.context.filter.ExcludeFilterContextCustomizer@45ac5f9b, org.springframework.boot.test.json.DuplicateJsonObjectContextCustomizerFactory$DuplicateJsonObjectContextCustomizer@68034211, org.springframework.boot.test.mock.mockito.MockitoContextCustomizer@e6c7b7e0], contextLoader = 'org.springframework.test.context.support.DelegatingSmartContextLoader', parent = [null]]]
15:19:38.594 [Test worker] DEBUG org.springframework.test.context.cache - Spring test ApplicationContext cache statistics: [DefaultContextCache@5e5073ab size = 1, maxSize = 32, parentContextCount = 0, hitCount = 89, missCount = 1]
15:19:38.594 [Test worker] DEBUG _org.springframework.web.servlet.HandlerMapping.Mappings - 
	n.j.s.c.StudentController:
	{POST [/students/{id}]}: updateStudent(Long,Student,Model)
	{GET [/students]}: listStudents(Model)
	{POST [/students]}: saveStudent(Student)
	{GET [/students/edit/{id}]}: editStudentForm(Long,Model)
	{GET [/students/new]}: createStudentForm(Model)
	{GET [/students/{id}]}: deleteStudent(Long)
15:19:38.594 [Test worker] DEBUG org.springframework.web.servlet.mvc.method.annotation.RequestMappingHandlerMapping - 6 mappings in org.springframework.web.servlet.mvc.method.annotation.RequestMappingHandlerMapping
15:19:38.610 [Test worker] DEBUG org.springframework.web.servlet.mvc.method.annotation.RequestMappingHandlerAdapter - ControllerAdvice beans: 0 @ModelAttribute, 0 @InitBinder, 1 RequestBodyAdvice, 1 ResponseBodyAdvice
15:19:38.610 [Test worker] DEBUG org.springframework.web.servlet.mvc.method.annotation.ExceptionHandlerExceptionResolver - ControllerAdvice beans: 0 @ExceptionHandler, 1 ResponseBodyAdvice
15:19:38.610 [Test worker] INFO org.springframework.mock.web.MockServletContext - Initializing Spring TestDispatcherServlet ''
15:19:38.610 [Test worker] INFO org.springframework.test.web.servlet.TestDispatcherServlet - Initializing Servlet ''
15:19:38.610 [Test worker] DEBUG org.springframework.test.web.servlet.TestDispatcherServlet - Detected AcceptHeaderLocaleResolver
15:19:38.610 [Test worker] DEBUG org.springframework.test.web.servlet.TestDispatcherServlet - Detected FixedThemeResolver
15:19:38.610 [Test worker] DEBUG org.springframework.test.web.servlet.TestDispatcherServlet - Detected org.springframework.web.servlet.view.DefaultRequestToViewNameTranslator@1624775
15:19:38.610 [Test worker] DEBUG org.springframework.test.web.servlet.TestDispatcherServlet - Detected org.springframework.web.servlet.support.SessionFlashMapManager@1e7f19b4
15:19:38.610 [Test worker] DEBUG org.springframework.test.web.servlet.TestDispatcherServlet - enableLoggingRequestDetails='false': request parameters and headers will be masked to prevent unsafe logging of potentially sensitive data
15:19:38.610 [Test worker] INFO org.springframework.test.web.servlet.TestDispatcherServlet - Completed initialization in 0 ms
15:19:38.610 [Test worker] DEBUG org.springframework.test.web.servlet.TestDispatcherServlet - GET "/students/new", parameters={}
15:19:38.610 [Test worker] DEBUG org.springframework.web.servlet.mvc.method.annotation.RequestMappingHandlerMapping - Mapped to net.javaguides.sms.controller.StudentController#createStudentForm(Model)
15:19:38.610 [Test worker] DEBUG org.springframework.web.servlet.view.InternalResourceView - View [InternalResourceView], model {student=net.javaguides.sms.entity.Student@235b4cb8, org.springframework.validation.BindingResult.student=org.springframework.validation.BeanPropertyBindingResult: 0 errors}
15:19:38.610 [Test worker] DEBUG org.springframework.web.servlet.view.InternalResourceView - Forwarding to [create_student]
15:19:38.610 [Test worker] DEBUG org.springframework.mock.web.MockRequestDispatcher - MockRequestDispatcher: forwarding to [create_student]
15:19:38.610 [Test worker] DEBUG org.springframework.test.web.servlet.TestDispatcherServlet - Completed 200 OK
15:19:38.610 [Test worker] DEBUG org.springframework.test.context.cache.DefaultCacheAwareContextLoaderDelegate - Retrieved ApplicationContext [1325465767] from cache with key [[MergedContextConfiguration@3f91b517 testClass = StudentControllerDiffblueTest, locations = '{}', classes = '{class net.javaguides.sms.controller.StudentController}', contextInitializerClasses = '[]', activeProfiles = '{}', propertySourceLocations = '{}', propertySourceProperties = '{}', contextCustomizers = set[org.springframework.boot.test.autoconfigure.actuate.metrics.MetricsExportContextCustomizerFactory$DisableMetricExportContextCustomizer@3b79fd76, org.springframework.boot.test.autoconfigure.properties.PropertyMappingContextCustomizer@0, org.springframework.boot.test.autoconfigure.web.servlet.WebDriverContextCustomizerFactory$Customizer@14008db3, org.springframework.boot.test.context.filter.ExcludeFilterContextCustomizer@45ac5f9b, org.springframework.boot.test.json.DuplicateJsonObjectContextCustomizerFactory$DuplicateJsonObjectContextCustomizer@68034211, org.springframework.boot.test.mock.mockito.MockitoContextCustomizer@e6c7b7e0], contextLoader = 'org.springframework.test.context.support.DelegatingSmartContextLoader', parent = [null]]]
15:19:38.610 [Test worker] DEBUG org.springframework.test.context.cache - Spring test ApplicationContext cache statistics: [DefaultContextCache@5e5073ab size = 1, maxSize = 32, parentContextCount = 0, hitCount = 90, missCount = 1]
15:19:38.610 [Test worker] DEBUG org.springframework.test.context.cache.DefaultCacheAwareContextLoaderDelegate - Retrieved ApplicationContext [1325465767] from cache with key [[MergedContextConfiguration@3f91b517 testClass = StudentControllerDiffblueTest, locations = '{}', classes = '{class net.javaguides.sms.controller.StudentController}', contextInitializerClasses = '[]', activeProfiles = '{}', propertySourceLocations = '{}', propertySourceProperties = '{}', contextCustomizers = set[org.springframework.boot.test.autoconfigure.actuate.metrics.MetricsExportContextCustomizerFactory$DisableMetricExportContextCustomizer@3b79fd76, org.springframework.boot.test.autoconfigure.properties.PropertyMappingContextCustomizer@0, org.springframework.boot.test.autoconfigure.web.servlet.WebDriverContextCustomizerFactory$Customizer@14008db3, org.springframework.boot.test.context.filter.ExcludeFilterContextCustomizer@45ac5f9b, org.springframework.boot.test.json.DuplicateJsonObjectContextCustomizerFactory$DuplicateJsonObjectContextCustomizer@68034211, org.springframework.boot.test.mock.mockito.MockitoContextCustomizer@e6c7b7e0], contextLoader = 'org.springframework.test.context.support.DelegatingSmartContextLoader', parent = [null]]]
15:19:38.610 [Test worker] DEBUG org.springframework.test.context.cache - Spring test ApplicationContext cache statistics: [DefaultContextCache@5e5073ab size = 1, maxSize = 32, parentContextCount = 0, hitCount = 91, missCount = 1]
15:19:38.610 [Test worker] DEBUG org.springframework.test.context.cache.DefaultCacheAwareContextLoaderDelegate - Retrieved ApplicationContext [1325465767] from cache with key [[MergedContextConfiguration@3f91b517 testClass = StudentControllerDiffblueTest, locations = '{}', classes = '{class net.javaguides.sms.controller.StudentController}', contextInitializerClasses = '[]', activeProfiles = '{}', propertySourceLocations = '{}', propertySourceProperties = '{}', contextCustomizers = set[org.springframework.boot.test.autoconfigure.actuate.metrics.MetricsExportContextCustomizerFactory$DisableMetricExportContextCustomizer@3b79fd76, org.springframework.boot.test.autoconfigure.properties.PropertyMappingContextCustomizer@0, org.springframework.boot.test.autoconfigure.web.servlet.WebDriverContextCustomizerFactory$Customizer@14008db3, org.springframework.boot.test.context.filter.ExcludeFilterContextCustomizer@45ac5f9b, org.springframework.boot.test.json.DuplicateJsonObjectContextCustomizerFactory$DuplicateJsonObjectContextCustomizer@68034211, org.springframework.boot.test.mock.mockito.MockitoContextCustomizer@e6c7b7e0], contextLoader = 'org.springframework.test.context.support.DelegatingSmartContextLoader', parent = [null]]]
15:19:38.610 [Test worker] DEBUG org.springframework.test.context.cache - Spring test ApplicationContext cache statistics: [DefaultContextCache@5e5073ab size = 1, maxSize = 32, parentContextCount = 0, hitCount = 92, missCount = 1]
15:19:38.610 [Test worker] DEBUG org.springframework.test.context.cache.DefaultCacheAwareContextLoaderDelegate - Retrieved ApplicationContext [1325465767] from cache with key [[MergedContextConfiguration@3f91b517 testClass = StudentControllerDiffblueTest, locations = '{}', classes = '{class net.javaguides.sms.controller.StudentController}', contextInitializerClasses = '[]', activeProfiles = '{}', propertySourceLocations = '{}', propertySourceProperties = '{}', contextCustomizers = set[org.springframework.boot.test.autoconfigure.actuate.metrics.MetricsExportContextCustomizerFactory$DisableMetricExportContextCustomizer@3b79fd76, org.springframework.boot.test.autoconfigure.properties.PropertyMappingContextCustomizer@0, org.springframework.boot.test.autoconfigure.web.servlet.WebDriverContextCustomizerFactory$Customizer@14008db3, org.springframework.boot.test.context.filter.ExcludeFilterContextCustomizer@45ac5f9b, org.springframework.boot.test.json.DuplicateJsonObjectContextCustomizerFactory$DuplicateJsonObjectContextCustomizer@68034211, org.springframework.boot.test.mock.mockito.MockitoContextCustomizer@e6c7b7e0], contextLoader = 'org.springframework.test.context.support.DelegatingSmartContextLoader', parent = [null]]]
15:19:38.610 [Test worker] DEBUG org.springframework.test.context.cache - Spring test ApplicationContext cache statistics: [DefaultContextCache@5e5073ab size = 1, maxSize = 32, parentContextCount = 0, hitCount = 93, missCount = 1]
15:19:38.610 [Test worker] DEBUG org.springframework.test.context.cache.DefaultCacheAwareContextLoaderDelegate - Retrieved ApplicationContext [1325465767] from cache with key [[MergedContextConfiguration@3f91b517 testClass = StudentControllerDiffblueTest, locations = '{}', classes = '{class net.javaguides.sms.controller.StudentController}', contextInitializerClasses = '[]', activeProfiles = '{}', propertySourceLocations = '{}', propertySourceProperties = '{}', contextCustomizers = set[org.springframework.boot.test.autoconfigure.actuate.metrics.MetricsExportContextCustomizerFactory$DisableMetricExportContextCustomizer@3b79fd76, org.springframework.boot.test.autoconfigure.properties.PropertyMappingContextCustomizer@0, org.springframework.boot.test.autoconfigure.web.servlet.WebDriverContextCustomizerFactory$Customizer@14008db3, org.springframework.boot.test.context.filter.ExcludeFilterContextCustomizer@45ac5f9b, org.springframework.boot.test.json.DuplicateJsonObjectContextCustomizerFactory$DuplicateJsonObjectContextCustomizer@68034211, org.springframework.boot.test.mock.mockito.MockitoContextCustomizer@e6c7b7e0], contextLoader = 'org.springframework.test.context.support.DelegatingSmartContextLoader', parent = [null]]]
15:19:38.610 [Test worker] DEBUG org.springframework.test.context.cache - Spring test ApplicationContext cache statistics: [DefaultContextCache@5e5073ab size = 1, maxSize = 32, parentContextCount = 0, hitCount = 94, missCount = 1]
15:19:38.610 [Test worker] DEBUG org.springframework.test.context.cache.DefaultCacheAwareContextLoaderDelegate - Retrieved ApplicationContext [1325465767] from cache with key [[MergedContextConfiguration@3f91b517 testClass = StudentControllerDiffblueTest, locations = '{}', classes = '{class net.javaguides.sms.controller.StudentController}', contextInitializerClasses = '[]', activeProfiles = '{}', propertySourceLocations = '{}', propertySourceProperties = '{}', contextCustomizers = set[org.springframework.boot.test.autoconfigure.actuate.metrics.MetricsExportContextCustomizerFactory$DisableMetricExportContextCustomizer@3b79fd76, org.springframework.boot.test.autoconfigure.properties.PropertyMappingContextCustomizer@0, org.springframework.boot.test.autoconfigure.web.servlet.WebDriverContextCustomizerFactory$Customizer@14008db3, org.springframework.boot.test.context.filter.ExcludeFilterContextCustomizer@45ac5f9b, org.springframework.boot.test.json.DuplicateJsonObjectContextCustomizerFactory$DuplicateJsonObjectContextCustomizer@68034211, org.springframework.boot.test.mock.mockito.MockitoContextCustomizer@e6c7b7e0], contextLoader = 'org.springframework.test.context.support.DelegatingSmartContextLoader', parent = [null]]]
15:19:38.610 [Test worker] DEBUG org.springframework.test.context.cache - Spring test ApplicationContext cache statistics: [DefaultContextCache@5e5073ab size = 1, maxSize = 32, parentContextCount = 0, hitCount = 95, missCount = 1]
15:19:38.610 [Test worker] DEBUG org.springframework.test.context.support.AbstractDirtiesContextTestExecutionListener - After test method: context [DefaultTestContext@5be46f9d testClass = StudentControllerDiffblueTest, testInstance = net.javaguides.sms.controller.StudentControllerDiffblueTest@77c3c037, testMethod = testCreateStudentForm@StudentControllerDiffblueTest, testException = [null], mergedContextConfiguration = [MergedContextConfiguration@3f91b517 testClass = StudentControllerDiffblueTest, locations = '{}', classes = '{class net.javaguides.sms.controller.StudentController}', contextInitializerClasses = '[]', activeProfiles = '{}', propertySourceLocations = '{}', propertySourceProperties = '{}', contextCustomizers = set[org.springframework.boot.test.autoconfigure.actuate.metrics.MetricsExportContextCustomizerFactory$DisableMetricExportContextCustomizer@3b79fd76, org.springframework.boot.test.autoconfigure.properties.PropertyMappingContextCustomizer@0, org.springframework.boot.test.autoconfigure.web.servlet.WebDriverContextCustomizerFactory$Customizer@14008db3, org.springframework.boot.test.context.filter.ExcludeFilterContextCustomizer@45ac5f9b, org.springframework.boot.test.json.DuplicateJsonObjectContextCustomizerFactory$DuplicateJsonObjectContextCustomizer@68034211, org.springframework.boot.test.mock.mockito.MockitoContextCustomizer@e6c7b7e0], contextLoader = 'org.springframework.test.context.support.DelegatingSmartContextLoader', parent = [null]], attributes = map['org.springframework.test.context.event.ApplicationEventsTestExecutionListener.recordApplicationEvents' -> false]], class annotated with @DirtiesContext [false] with mode [null], method annotated with @DirtiesContext [false] with mode [null].
15:19:38.610 [Test worker] DEBUG org.springframework.test.context.cache.DefaultCacheAwareContextLoaderDelegate - Retrieved ApplicationContext [1325465767] from cache with key [[MergedContextConfiguration@3f91b517 testClass = StudentControllerDiffblueTest, locations = '{}', classes = '{class net.javaguides.sms.controller.StudentController}', contextInitializerClasses = '[]', activeProfiles = '{}', propertySourceLocations = '{}', propertySourceProperties = '{}', contextCustomizers = set[org.springframework.boot.test.autoconfigure.actuate.metrics.MetricsExportContextCustomizerFactory$DisableMetricExportContextCustomizer@3b79fd76, org.springframework.boot.test.autoconfigure.properties.PropertyMappingContextCustomizer@0, org.springframework.boot.test.autoconfigure.web.servlet.WebDriverContextCustomizerFactory$Customizer@14008db3, org.springframework.boot.test.context.filter.ExcludeFilterContextCustomizer@45ac5f9b, org.springframework.boot.test.json.DuplicateJsonObjectContextCustomizerFactory$DuplicateJsonObjectContextCustomizer@68034211, org.springframework.boot.test.mock.mockito.MockitoContextCustomizer@e6c7b7e0], contextLoader = 'org.springframework.test.context.support.DelegatingSmartContextLoader', parent = [null]]]
15:19:38.610 [Test worker] DEBUG org.springframework.test.context.cache - Spring test ApplicationContext cache statistics: [DefaultContextCache@5e5073ab size = 1, maxSize = 32, parentContextCount = 0, hitCount = 96, missCount = 1]
15:19:38.610 [Test worker] DEBUG org.springframework.test.context.support.AbstractDirtiesContextTestExecutionListener - After test class: context [DefaultTestContext@5be46f9d testClass = StudentControllerDiffblueTest, testInstance = [null], testMethod = [null], testException = [null], mergedContextConfiguration = [MergedContextConfiguration@3f91b517 testClass = StudentControllerDiffblueTest, locations = '{}', classes = '{class net.javaguides.sms.controller.StudentController}', contextInitializerClasses = '[]', activeProfiles = '{}', propertySourceLocations = '{}', propertySourceProperties = '{}', contextCustomizers = set[org.springframework.boot.test.autoconfigure.actuate.metrics.MetricsExportContextCustomizerFactory$DisableMetricExportContextCustomizer@3b79fd76, org.springframework.boot.test.autoconfigure.properties.PropertyMappingContextCustomizer@0, org.springframework.boot.test.autoconfigure.web.servlet.WebDriverContextCustomizerFactory$Customizer@14008db3, org.springframework.boot.test.context.filter.ExcludeFilterContextCustomizer@45ac5f9b, org.springframework.boot.test.json.DuplicateJsonObjectContextCustomizerFactory$DuplicateJsonObjectContextCustomizer@68034211, org.springframework.boot.test.mock.mockito.MockitoContextCustomizer@e6c7b7e0], contextLoader = 'org.springframework.test.context.support.DelegatingSmartContextLoader', parent = [null]], attributes = map['org.springframework.test.context.event.ApplicationEventsTestExecutionListener.recordApplicationEvents' -> false]], class annotated with @DirtiesContext [false] with mode [null].
]]></system-out>
  <system-err><![CDATA[]]></system-err>
</testsuite>
