<?xml version="1.0" encoding="UTF-8"?>
<testsuite name="net.javaguides.sms.service.impl.StudentServiceImplTest" tests="8" skipped="1" failures="0" errors="0" timestamp="2023-11-03T09:49:38" hostname="ALIPL3204" time="0.026">
  <properties/>
  <testcase name="testSaveStudent" classname="net.javaguides.sms.service.impl.StudentServiceImplTest" time="0.003"/>
  <testcase name="testUpdateStudent" classname="net.javaguides.sms.service.impl.StudentServiceImplTest" time="0.003"/>
  <testcase name="testGetAllStudents" classname="net.javaguides.sms.service.impl.StudentServiceImplTest" time="0.003"/>
  <testcase name="testDeleteStudentById" classname="net.javaguides.sms.service.impl.StudentServiceImplTest" time="0.003"/>
  <testcase name="testGetStudentById" classname="net.javaguides.sms.service.impl.StudentServiceImplTest" time="0.001"/>
  <testcase name="testGetStudentById2" classname="net.javaguides.sms.service.impl.StudentServiceImplTest" time="0.004"/>
  <testcase name="testGetStudentById3" classname="net.javaguides.sms.service.impl.StudentServiceImplTest" time="0.0">
    <skipped/>
  </testcase>
  <testcase name="testConstructor" classname="net.javaguides.sms.service.impl.StudentServiceImplTest" time="0.003"/>
  <system-out><![CDATA[15:19:38.767 [Test worker] DEBUG org.springframework.test.context.junit4.SpringJUnit4ClassRunner - SpringJUnit4ClassRunner constructor called with [class net.javaguides.sms.service.impl.StudentServiceImplTest]
15:19:38.767 [Test worker] DEBUG org.springframework.test.context.BootstrapUtils - Instantiating CacheAwareContextLoaderDelegate from class [org.springframework.test.context.cache.DefaultCacheAwareContextLoaderDelegate]
15:19:38.767 [Test worker] DEBUG org.springframework.test.context.BootstrapUtils - Instantiating BootstrapContext using constructor [public org.springframework.test.context.support.DefaultBootstrapContext(java.lang.Class,org.springframework.test.context.CacheAwareContextLoaderDelegate)]
15:19:38.767 [Test worker] DEBUG org.springframework.test.context.BootstrapUtils - Instantiating TestContextBootstrapper for test class [net.javaguides.sms.service.impl.StudentServiceImplTest] from class [org.springframework.test.context.support.DefaultTestContextBootstrapper]
15:19:38.767 [Test worker] DEBUG org.springframework.test.context.support.AbstractDelegatingSmartContextLoader - Delegating to AnnotationConfigContextLoader to process context configuration [ContextConfigurationAttributes@7a8341c1 declaringClass = 'net.javaguides.sms.service.impl.StudentServiceImplTest', classes = '{class net.javaguides.sms.service.impl.StudentServiceImpl}', locations = '{}', inheritLocations = true, initializers = '{}', inheritInitializers = true, name = [null], contextLoaderClass = 'org.springframework.test.context.ContextLoader'].
15:19:38.767 [Test worker] DEBUG org.springframework.test.context.support.ActiveProfilesUtils - Could not find an 'annotation declaring class' for annotation type [org.springframework.test.context.ActiveProfiles] and class [net.javaguides.sms.service.impl.StudentServiceImplTest]
15:19:38.767 [Test worker] DEBUG org.springframework.test.context.support.DefaultTestContextBootstrapper - @TestExecutionListeners is not present for class [net.javaguides.sms.service.impl.StudentServiceImplTest]: using defaults.
15:19:38.767 [Test worker] INFO org.springframework.test.context.support.DefaultTestContextBootstrapper - Loaded default TestExecutionListener class names from location [META-INF/spring.factories]: [org.springframework.boot.test.autoconfigure.restdocs.RestDocsTestExecutionListener, org.springframework.boot.test.autoconfigure.web.client.MockRestServiceServerResetTestExecutionListener, org.springframework.boot.test.autoconfigure.web.servlet.MockMvcPrintOnlyOnFailureTestExecutionListener, org.springframework.boot.test.autoconfigure.web.servlet.WebDriverTestExecutionListener, org.springframework.boot.test.autoconfigure.webservices.client.MockWebServiceServerTestExecutionListener, org.springframework.boot.test.mock.mockito.MockitoTestExecutionListener, org.springframework.boot.test.mock.mockito.ResetMocksTestExecutionListener, org.springframework.test.context.web.ServletTestExecutionListener, org.springframework.test.context.support.DirtiesContextBeforeModesTestExecutionListener, org.springframework.test.context.event.ApplicationEventsTestExecutionListener, org.springframework.test.context.support.DependencyInjectionTestExecutionListener, org.springframework.test.context.support.DirtiesContextTestExecutionListener, org.springframework.test.context.transaction.TransactionalTestExecutionListener, org.springframework.test.context.jdbc.SqlScriptsTestExecutionListener, org.springframework.test.context.event.EventPublishingTestExecutionListener]
15:19:38.767 [Test worker] INFO org.springframework.test.context.support.DefaultTestContextBootstrapper - Using TestExecutionListeners: [org.springframework.test.context.web.ServletTestExecutionListener@511f5b1d, org.springframework.test.context.support.DirtiesContextBeforeModesTestExecutionListener@31f295b6, org.springframework.test.context.event.ApplicationEventsTestExecutionListener@7a687d8d, org.springframework.boot.test.mock.mockito.MockitoTestExecutionListener@4c82b5df, org.springframework.test.context.support.DependencyInjectionTestExecutionListener@67eec8e1, org.springframework.test.context.support.DirtiesContextTestExecutionListener@4214ae8f, org.springframework.test.context.transaction.TransactionalTestExecutionListener@7ba93755, org.springframework.test.context.jdbc.SqlScriptsTestExecutionListener@22dc59b2, org.springframework.test.context.event.EventPublishingTestExecutionListener@33e434c8, org.springframework.boot.test.autoconfigure.restdocs.RestDocsTestExecutionListener@546394ed, org.springframework.boot.test.autoconfigure.web.client.MockRestServiceServerResetTestExecutionListener@664212ab, org.springframework.boot.test.autoconfigure.web.servlet.MockMvcPrintOnlyOnFailureTestExecutionListener@2693c618, org.springframework.boot.test.autoconfigure.web.servlet.WebDriverTestExecutionListener@3443e476, org.springframework.boot.test.autoconfigure.webservices.client.MockWebServiceServerTestExecutionListener@7ccfdaef, org.springframework.boot.test.mock.mockito.ResetMocksTestExecutionListener@a6e4897]
15:19:38.767 [Test worker] DEBUG org.springframework.test.annotation.ProfileValueUtils - Retrieved @ProfileValueSourceConfiguration [null] for test class [net.javaguides.sms.service.impl.StudentServiceImplTest]
15:19:38.767 [Test worker] DEBUG org.springframework.test.annotation.ProfileValueUtils - Retrieved ProfileValueSource type [class org.springframework.test.annotation.SystemProfileValueSource] for class [net.javaguides.sms.service.impl.StudentServiceImplTest]
15:19:38.767 [Test worker] DEBUG org.springframework.test.annotation.ProfileValueUtils - Retrieved @ProfileValueSourceConfiguration [null] for test class [net.javaguides.sms.service.impl.StudentServiceImplTest]
15:19:38.767 [Test worker] DEBUG org.springframework.test.annotation.ProfileValueUtils - Retrieved ProfileValueSource type [class org.springframework.test.annotation.SystemProfileValueSource] for class [net.javaguides.sms.service.impl.StudentServiceImplTest]
15:19:38.767 [Test worker] DEBUG org.springframework.test.annotation.ProfileValueUtils - Retrieved @ProfileValueSourceConfiguration [null] for test class [net.javaguides.sms.service.impl.StudentServiceImplTest]
15:19:38.767 [Test worker] DEBUG org.springframework.test.annotation.ProfileValueUtils - Retrieved ProfileValueSource type [class org.springframework.test.annotation.SystemProfileValueSource] for class [net.javaguides.sms.service.impl.StudentServiceImplTest]
15:19:38.767 [Test worker] DEBUG org.springframework.test.annotation.ProfileValueUtils - Retrieved @ProfileValueSourceConfiguration [null] for test class [net.javaguides.sms.service.impl.StudentServiceImplTest]
15:19:38.767 [Test worker] DEBUG org.springframework.test.annotation.ProfileValueUtils - Retrieved ProfileValueSource type [class org.springframework.test.annotation.SystemProfileValueSource] for class [net.javaguides.sms.service.impl.StudentServiceImplTest]
15:19:38.767 [Test worker] DEBUG org.springframework.test.context.support.AbstractDirtiesContextTestExecutionListener - Before test class: context [DefaultTestContext@32f5ecc4 testClass = StudentServiceImplTest, testInstance = [null], testMethod = [null], testException = [null], mergedContextConfiguration = [MergedContextConfiguration@19bedeb8 testClass = StudentServiceImplTest, locations = '{}', classes = '{class net.javaguides.sms.service.impl.StudentServiceImpl}', contextInitializerClasses = '[]', activeProfiles = '{}', propertySourceLocations = '{}', propertySourceProperties = '{}', contextCustomizers = set[org.springframework.boot.test.autoconfigure.actuate.metrics.MetricsExportContextCustomizerFactory$DisableMetricExportContextCustomizer@3b79fd76, org.springframework.boot.test.autoconfigure.properties.PropertyMappingContextCustomizer@0, org.springframework.boot.test.autoconfigure.web.servlet.WebDriverContextCustomizerFactory$Customizer@14008db3, org.springframework.boot.test.context.filter.ExcludeFilterContextCustomizer@45ac5f9b, org.springframework.boot.test.json.DuplicateJsonObjectContextCustomizerFactory$DuplicateJsonObjectContextCustomizer@68034211, org.springframework.boot.test.mock.mockito.MockitoContextCustomizer@42cb8a60], contextLoader = 'org.springframework.test.context.support.DelegatingSmartContextLoader', parent = [null]], attributes = map[[empty]]], class annotated with @DirtiesContext [false] with mode [null].
15:19:38.767 [Test worker] DEBUG org.springframework.test.context.cache.DefaultCacheAwareContextLoaderDelegate - Retrieved ApplicationContext [2045706119] from cache with key [[MergedContextConfiguration@19bedeb8 testClass = StudentServiceImplTest, locations = '{}', classes = '{class net.javaguides.sms.service.impl.StudentServiceImpl}', contextInitializerClasses = '[]', activeProfiles = '{}', propertySourceLocations = '{}', propertySourceProperties = '{}', contextCustomizers = set[org.springframework.boot.test.autoconfigure.actuate.metrics.MetricsExportContextCustomizerFactory$DisableMetricExportContextCustomizer@3b79fd76, org.springframework.boot.test.autoconfigure.properties.PropertyMappingContextCustomizer@0, org.springframework.boot.test.autoconfigure.web.servlet.WebDriverContextCustomizerFactory$Customizer@14008db3, org.springframework.boot.test.context.filter.ExcludeFilterContextCustomizer@45ac5f9b, org.springframework.boot.test.json.DuplicateJsonObjectContextCustomizerFactory$DuplicateJsonObjectContextCustomizer@68034211, org.springframework.boot.test.mock.mockito.MockitoContextCustomizer@42cb8a60], contextLoader = 'org.springframework.test.context.support.DelegatingSmartContextLoader', parent = [null]]]
15:19:38.767 [Test worker] DEBUG org.springframework.test.context.cache - Spring test ApplicationContext cache statistics: [DefaultContextCache@5e5073ab size = 2, maxSize = 32, parentContextCount = 0, hitCount = 267, missCount = 2]
15:19:38.767 [Test worker] DEBUG org.springframework.test.annotation.ProfileValueUtils - Retrieved @ProfileValueSourceConfiguration [null] for test class [net.javaguides.sms.service.impl.StudentServiceImplTest]
15:19:38.767 [Test worker] DEBUG org.springframework.test.annotation.ProfileValueUtils - Retrieved ProfileValueSource type [class org.springframework.test.annotation.SystemProfileValueSource] for class [net.javaguides.sms.service.impl.StudentServiceImplTest]
15:19:38.767 [Test worker] DEBUG org.springframework.test.context.cache.DefaultCacheAwareContextLoaderDelegate - Retrieved ApplicationContext [2045706119] from cache with key [[MergedContextConfiguration@19bedeb8 testClass = StudentServiceImplTest, locations = '{}', classes = '{class net.javaguides.sms.service.impl.StudentServiceImpl}', contextInitializerClasses = '[]', activeProfiles = '{}', propertySourceLocations = '{}', propertySourceProperties = '{}', contextCustomizers = set[org.springframework.boot.test.autoconfigure.actuate.metrics.MetricsExportContextCustomizerFactory$DisableMetricExportContextCustomizer@3b79fd76, org.springframework.boot.test.autoconfigure.properties.PropertyMappingContextCustomizer@0, org.springframework.boot.test.autoconfigure.web.servlet.WebDriverContextCustomizerFactory$Customizer@14008db3, org.springframework.boot.test.context.filter.ExcludeFilterContextCustomizer@45ac5f9b, org.springframework.boot.test.json.DuplicateJsonObjectContextCustomizerFactory$DuplicateJsonObjectContextCustomizer@68034211, org.springframework.boot.test.mock.mockito.MockitoContextCustomizer@42cb8a60], contextLoader = 'org.springframework.test.context.support.DelegatingSmartContextLoader', parent = [null]]]
15:19:38.767 [Test worker] DEBUG org.springframework.test.context.cache - Spring test ApplicationContext cache statistics: [DefaultContextCache@5e5073ab size = 2, maxSize = 32, parentContextCount = 0, hitCount = 268, missCount = 2]
15:19:38.767 [Test worker] DEBUG org.springframework.test.context.support.DependencyInjectionTestExecutionListener - Performing dependency injection for test context [[DefaultTestContext@32f5ecc4 testClass = StudentServiceImplTest, testInstance = net.javaguides.sms.service.impl.StudentServiceImplTest@1ba467c2, testMethod = [null], testException = [null], mergedContextConfiguration = [MergedContextConfiguration@19bedeb8 testClass = StudentServiceImplTest, locations = '{}', classes = '{class net.javaguides.sms.service.impl.StudentServiceImpl}', contextInitializerClasses = '[]', activeProfiles = '{}', propertySourceLocations = '{}', propertySourceProperties = '{}', contextCustomizers = set[org.springframework.boot.test.autoconfigure.actuate.metrics.MetricsExportContextCustomizerFactory$DisableMetricExportContextCustomizer@3b79fd76, org.springframework.boot.test.autoconfigure.properties.PropertyMappingContextCustomizer@0, org.springframework.boot.test.autoconfigure.web.servlet.WebDriverContextCustomizerFactory$Customizer@14008db3, org.springframework.boot.test.context.filter.ExcludeFilterContextCustomizer@45ac5f9b, org.springframework.boot.test.json.DuplicateJsonObjectContextCustomizerFactory$DuplicateJsonObjectContextCustomizer@68034211, org.springframework.boot.test.mock.mockito.MockitoContextCustomizer@42cb8a60], contextLoader = 'org.springframework.test.context.support.DelegatingSmartContextLoader', parent = [null]], attributes = map['org.springframework.test.context.event.ApplicationEventsTestExecutionListener.recordApplicationEvents' -> false]]].
15:19:38.767 [Test worker] DEBUG org.springframework.test.context.cache.DefaultCacheAwareContextLoaderDelegate - Retrieved ApplicationContext [2045706119] from cache with key [[MergedContextConfiguration@19bedeb8 testClass = StudentServiceImplTest, locations = '{}', classes = '{class net.javaguides.sms.service.impl.StudentServiceImpl}', contextInitializerClasses = '[]', activeProfiles = '{}', propertySourceLocations = '{}', propertySourceProperties = '{}', contextCustomizers = set[org.springframework.boot.test.autoconfigure.actuate.metrics.MetricsExportContextCustomizerFactory$DisableMetricExportContextCustomizer@3b79fd76, org.springframework.boot.test.autoconfigure.properties.PropertyMappingContextCustomizer@0, org.springframework.boot.test.autoconfigure.web.servlet.WebDriverContextCustomizerFactory$Customizer@14008db3, org.springframework.boot.test.context.filter.ExcludeFilterContextCustomizer@45ac5f9b, org.springframework.boot.test.json.DuplicateJsonObjectContextCustomizerFactory$DuplicateJsonObjectContextCustomizer@68034211, org.springframework.boot.test.mock.mockito.MockitoContextCustomizer@42cb8a60], contextLoader = 'org.springframework.test.context.support.DelegatingSmartContextLoader', parent = [null]]]
15:19:38.767 [Test worker] DEBUG org.springframework.test.context.cache - Spring test ApplicationContext cache statistics: [DefaultContextCache@5e5073ab size = 2, maxSize = 32, parentContextCount = 0, hitCount = 269, missCount = 2]
15:19:38.767 [Test worker] DEBUG org.springframework.test.context.cache.DefaultCacheAwareContextLoaderDelegate - Retrieved ApplicationContext [2045706119] from cache with key [[MergedContextConfiguration@19bedeb8 testClass = StudentServiceImplTest, locations = '{}', classes = '{class net.javaguides.sms.service.impl.StudentServiceImpl}', contextInitializerClasses = '[]', activeProfiles = '{}', propertySourceLocations = '{}', propertySourceProperties = '{}', contextCustomizers = set[org.springframework.boot.test.autoconfigure.actuate.metrics.MetricsExportContextCustomizerFactory$DisableMetricExportContextCustomizer@3b79fd76, org.springframework.boot.test.autoconfigure.properties.PropertyMappingContextCustomizer@0, org.springframework.boot.test.autoconfigure.web.servlet.WebDriverContextCustomizerFactory$Customizer@14008db3, org.springframework.boot.test.context.filter.ExcludeFilterContextCustomizer@45ac5f9b, org.springframework.boot.test.json.DuplicateJsonObjectContextCustomizerFactory$DuplicateJsonObjectContextCustomizer@68034211, org.springframework.boot.test.mock.mockito.MockitoContextCustomizer@42cb8a60], contextLoader = 'org.springframework.test.context.support.DelegatingSmartContextLoader', parent = [null]]]
15:19:38.767 [Test worker] DEBUG org.springframework.test.context.cache - Spring test ApplicationContext cache statistics: [DefaultContextCache@5e5073ab size = 2, maxSize = 32, parentContextCount = 0, hitCount = 270, missCount = 2]
15:19:38.767 [Test worker] DEBUG org.springframework.test.context.support.AbstractDirtiesContextTestExecutionListener - Before test method: context [DefaultTestContext@32f5ecc4 testClass = StudentServiceImplTest, testInstance = net.javaguides.sms.service.impl.StudentServiceImplTest@1ba467c2, testMethod = testSaveStudent@StudentServiceImplTest, testException = [null], mergedContextConfiguration = [MergedContextConfiguration@19bedeb8 testClass = StudentServiceImplTest, locations = '{}', classes = '{class net.javaguides.sms.service.impl.StudentServiceImpl}', contextInitializerClasses = '[]', activeProfiles = '{}', propertySourceLocations = '{}', propertySourceProperties = '{}', contextCustomizers = set[org.springframework.boot.test.autoconfigure.actuate.metrics.MetricsExportContextCustomizerFactory$DisableMetricExportContextCustomizer@3b79fd76, org.springframework.boot.test.autoconfigure.properties.PropertyMappingContextCustomizer@0, org.springframework.boot.test.autoconfigure.web.servlet.WebDriverContextCustomizerFactory$Customizer@14008db3, org.springframework.boot.test.context.filter.ExcludeFilterContextCustomizer@45ac5f9b, org.springframework.boot.test.json.DuplicateJsonObjectContextCustomizerFactory$DuplicateJsonObjectContextCustomizer@68034211, org.springframework.boot.test.mock.mockito.MockitoContextCustomizer@42cb8a60], contextLoader = 'org.springframework.test.context.support.DelegatingSmartContextLoader', parent = [null]], attributes = map['org.springframework.test.context.event.ApplicationEventsTestExecutionListener.recordApplicationEvents' -> false]], class annotated with @DirtiesContext [false] with mode [null], method annotated with @DirtiesContext [false] with mode [null].
15:19:38.767 [Test worker] DEBUG org.springframework.test.context.cache.DefaultCacheAwareContextLoaderDelegate - Retrieved ApplicationContext [2045706119] from cache with key [[MergedContextConfiguration@19bedeb8 testClass = StudentServiceImplTest, locations = '{}', classes = '{class net.javaguides.sms.service.impl.StudentServiceImpl}', contextInitializerClasses = '[]', activeProfiles = '{}', propertySourceLocations = '{}', propertySourceProperties = '{}', contextCustomizers = set[org.springframework.boot.test.autoconfigure.actuate.metrics.MetricsExportContextCustomizerFactory$DisableMetricExportContextCustomizer@3b79fd76, org.springframework.boot.test.autoconfigure.properties.PropertyMappingContextCustomizer@0, org.springframework.boot.test.autoconfigure.web.servlet.WebDriverContextCustomizerFactory$Customizer@14008db3, org.springframework.boot.test.context.filter.ExcludeFilterContextCustomizer@45ac5f9b, org.springframework.boot.test.json.DuplicateJsonObjectContextCustomizerFactory$DuplicateJsonObjectContextCustomizer@68034211, org.springframework.boot.test.mock.mockito.MockitoContextCustomizer@42cb8a60], contextLoader = 'org.springframework.test.context.support.DelegatingSmartContextLoader', parent = [null]]]
15:19:38.767 [Test worker] DEBUG org.springframework.test.context.cache - Spring test ApplicationContext cache statistics: [DefaultContextCache@5e5073ab size = 2, maxSize = 32, parentContextCount = 0, hitCount = 271, missCount = 2]
15:19:38.767 [Test worker] DEBUG org.springframework.test.context.cache.DefaultCacheAwareContextLoaderDelegate - Retrieved ApplicationContext [2045706119] from cache with key [[MergedContextConfiguration@19bedeb8 testClass = StudentServiceImplTest, locations = '{}', classes = '{class net.javaguides.sms.service.impl.StudentServiceImpl}', contextInitializerClasses = '[]', activeProfiles = '{}', propertySourceLocations = '{}', propertySourceProperties = '{}', contextCustomizers = set[org.springframework.boot.test.autoconfigure.actuate.metrics.MetricsExportContextCustomizerFactory$DisableMetricExportContextCustomizer@3b79fd76, org.springframework.boot.test.autoconfigure.properties.PropertyMappingContextCustomizer@0, org.springframework.boot.test.autoconfigure.web.servlet.WebDriverContextCustomizerFactory$Customizer@14008db3, org.springframework.boot.test.context.filter.ExcludeFilterContextCustomizer@45ac5f9b, org.springframework.boot.test.json.DuplicateJsonObjectContextCustomizerFactory$DuplicateJsonObjectContextCustomizer@68034211, org.springframework.boot.test.mock.mockito.MockitoContextCustomizer@42cb8a60], contextLoader = 'org.springframework.test.context.support.DelegatingSmartContextLoader', parent = [null]]]
15:19:38.767 [Test worker] DEBUG org.springframework.test.context.cache - Spring test ApplicationContext cache statistics: [DefaultContextCache@5e5073ab size = 2, maxSize = 32, parentContextCount = 0, hitCount = 272, missCount = 2]
15:19:38.767 [Test worker] DEBUG org.springframework.test.context.cache.DefaultCacheAwareContextLoaderDelegate - Retrieved ApplicationContext [2045706119] from cache with key [[MergedContextConfiguration@19bedeb8 testClass = StudentServiceImplTest, locations = '{}', classes = '{class net.javaguides.sms.service.impl.StudentServiceImpl}', contextInitializerClasses = '[]', activeProfiles = '{}', propertySourceLocations = '{}', propertySourceProperties = '{}', contextCustomizers = set[org.springframework.boot.test.autoconfigure.actuate.metrics.MetricsExportContextCustomizerFactory$DisableMetricExportContextCustomizer@3b79fd76, org.springframework.boot.test.autoconfigure.properties.PropertyMappingContextCustomizer@0, org.springframework.boot.test.autoconfigure.web.servlet.WebDriverContextCustomizerFactory$Customizer@14008db3, org.springframework.boot.test.context.filter.ExcludeFilterContextCustomizer@45ac5f9b, org.springframework.boot.test.json.DuplicateJsonObjectContextCustomizerFactory$DuplicateJsonObjectContextCustomizer@68034211, org.springframework.boot.test.mock.mockito.MockitoContextCustomizer@42cb8a60], contextLoader = 'org.springframework.test.context.support.DelegatingSmartContextLoader', parent = [null]]]
15:19:38.767 [Test worker] DEBUG org.springframework.test.context.cache - Spring test ApplicationContext cache statistics: [DefaultContextCache@5e5073ab size = 2, maxSize = 32, parentContextCount = 0, hitCount = 273, missCount = 2]
15:19:38.767 [Test worker] DEBUG org.springframework.test.context.cache.DefaultCacheAwareContextLoaderDelegate - Retrieved ApplicationContext [2045706119] from cache with key [[MergedContextConfiguration@19bedeb8 testClass = StudentServiceImplTest, locations = '{}', classes = '{class net.javaguides.sms.service.impl.StudentServiceImpl}', contextInitializerClasses = '[]', activeProfiles = '{}', propertySourceLocations = '{}', propertySourceProperties = '{}', contextCustomizers = set[org.springframework.boot.test.autoconfigure.actuate.metrics.MetricsExportContextCustomizerFactory$DisableMetricExportContextCustomizer@3b79fd76, org.springframework.boot.test.autoconfigure.properties.PropertyMappingContextCustomizer@0, org.springframework.boot.test.autoconfigure.web.servlet.WebDriverContextCustomizerFactory$Customizer@14008db3, org.springframework.boot.test.context.filter.ExcludeFilterContextCustomizer@45ac5f9b, org.springframework.boot.test.json.DuplicateJsonObjectContextCustomizerFactory$DuplicateJsonObjectContextCustomizer@68034211, org.springframework.boot.test.mock.mockito.MockitoContextCustomizer@42cb8a60], contextLoader = 'org.springframework.test.context.support.DelegatingSmartContextLoader', parent = [null]]]
15:19:38.767 [Test worker] DEBUG org.springframework.test.context.cache - Spring test ApplicationContext cache statistics: [DefaultContextCache@5e5073ab size = 2, maxSize = 32, parentContextCount = 0, hitCount = 274, missCount = 2]
15:19:38.767 [Test worker] DEBUG org.springframework.test.context.cache.DefaultCacheAwareContextLoaderDelegate - Retrieved ApplicationContext [2045706119] from cache with key [[MergedContextConfiguration@19bedeb8 testClass = StudentServiceImplTest, locations = '{}', classes = '{class net.javaguides.sms.service.impl.StudentServiceImpl}', contextInitializerClasses = '[]', activeProfiles = '{}', propertySourceLocations = '{}', propertySourceProperties = '{}', contextCustomizers = set[org.springframework.boot.test.autoconfigure.actuate.metrics.MetricsExportContextCustomizerFactory$DisableMetricExportContextCustomizer@3b79fd76, org.springframework.boot.test.autoconfigure.properties.PropertyMappingContextCustomizer@0, org.springframework.boot.test.autoconfigure.web.servlet.WebDriverContextCustomizerFactory$Customizer@14008db3, org.springframework.boot.test.context.filter.ExcludeFilterContextCustomizer@45ac5f9b, org.springframework.boot.test.json.DuplicateJsonObjectContextCustomizerFactory$DuplicateJsonObjectContextCustomizer@68034211, org.springframework.boot.test.mock.mockito.MockitoContextCustomizer@42cb8a60], contextLoader = 'org.springframework.test.context.support.DelegatingSmartContextLoader', parent = [null]]]
15:19:38.767 [Test worker] DEBUG org.springframework.test.context.cache - Spring test ApplicationContext cache statistics: [DefaultContextCache@5e5073ab size = 2, maxSize = 32, parentContextCount = 0, hitCount = 275, missCount = 2]
15:19:38.767 [Test worker] DEBUG org.springframework.test.context.cache.DefaultCacheAwareContextLoaderDelegate - Retrieved ApplicationContext [2045706119] from cache with key [[MergedContextConfiguration@19bedeb8 testClass = StudentServiceImplTest, locations = '{}', classes = '{class net.javaguides.sms.service.impl.StudentServiceImpl}', contextInitializerClasses = '[]', activeProfiles = '{}', propertySourceLocations = '{}', propertySourceProperties = '{}', contextCustomizers = set[org.springframework.boot.test.autoconfigure.actuate.metrics.MetricsExportContextCustomizerFactory$DisableMetricExportContextCustomizer@3b79fd76, org.springframework.boot.test.autoconfigure.properties.PropertyMappingContextCustomizer@0, org.springframework.boot.test.autoconfigure.web.servlet.WebDriverContextCustomizerFactory$Customizer@14008db3, org.springframework.boot.test.context.filter.ExcludeFilterContextCustomizer@45ac5f9b, org.springframework.boot.test.json.DuplicateJsonObjectContextCustomizerFactory$DuplicateJsonObjectContextCustomizer@68034211, org.springframework.boot.test.mock.mockito.MockitoContextCustomizer@42cb8a60], contextLoader = 'org.springframework.test.context.support.DelegatingSmartContextLoader', parent = [null]]]
15:19:38.767 [Test worker] DEBUG org.springframework.test.context.cache - Spring test ApplicationContext cache statistics: [DefaultContextCache@5e5073ab size = 2, maxSize = 32, parentContextCount = 0, hitCount = 276, missCount = 2]
15:19:38.767 [Test worker] DEBUG org.springframework.test.context.cache.DefaultCacheAwareContextLoaderDelegate - Retrieved ApplicationContext [2045706119] from cache with key [[MergedContextConfiguration@19bedeb8 testClass = StudentServiceImplTest, locations = '{}', classes = '{class net.javaguides.sms.service.impl.StudentServiceImpl}', contextInitializerClasses = '[]', activeProfiles = '{}', propertySourceLocations = '{}', propertySourceProperties = '{}', contextCustomizers = set[org.springframework.boot.test.autoconfigure.actuate.metrics.MetricsExportContextCustomizerFactory$DisableMetricExportContextCustomizer@3b79fd76, org.springframework.boot.test.autoconfigure.properties.PropertyMappingContextCustomizer@0, org.springframework.boot.test.autoconfigure.web.servlet.WebDriverContextCustomizerFactory$Customizer@14008db3, org.springframework.boot.test.context.filter.ExcludeFilterContextCustomizer@45ac5f9b, org.springframework.boot.test.json.DuplicateJsonObjectContextCustomizerFactory$DuplicateJsonObjectContextCustomizer@68034211, org.springframework.boot.test.mock.mockito.MockitoContextCustomizer@42cb8a60], contextLoader = 'org.springframework.test.context.support.DelegatingSmartContextLoader', parent = [null]]]
15:19:38.767 [Test worker] DEBUG org.springframework.test.context.cache - Spring test ApplicationContext cache statistics: [DefaultContextCache@5e5073ab size = 2, maxSize = 32, parentContextCount = 0, hitCount = 277, missCount = 2]
15:19:38.767 [Test worker] DEBUG org.springframework.test.context.cache.DefaultCacheAwareContextLoaderDelegate - Retrieved ApplicationContext [2045706119] from cache with key [[MergedContextConfiguration@19bedeb8 testClass = StudentServiceImplTest, locations = '{}', classes = '{class net.javaguides.sms.service.impl.StudentServiceImpl}', contextInitializerClasses = '[]', activeProfiles = '{}', propertySourceLocations = '{}', propertySourceProperties = '{}', contextCustomizers = set[org.springframework.boot.test.autoconfigure.actuate.metrics.MetricsExportContextCustomizerFactory$DisableMetricExportContextCustomizer@3b79fd76, org.springframework.boot.test.autoconfigure.properties.PropertyMappingContextCustomizer@0, org.springframework.boot.test.autoconfigure.web.servlet.WebDriverContextCustomizerFactory$Customizer@14008db3, org.springframework.boot.test.context.filter.ExcludeFilterContextCustomizer@45ac5f9b, org.springframework.boot.test.json.DuplicateJsonObjectContextCustomizerFactory$DuplicateJsonObjectContextCustomizer@68034211, org.springframework.boot.test.mock.mockito.MockitoContextCustomizer@42cb8a60], contextLoader = 'org.springframework.test.context.support.DelegatingSmartContextLoader', parent = [null]]]
15:19:38.767 [Test worker] DEBUG org.springframework.test.context.cache - Spring test ApplicationContext cache statistics: [DefaultContextCache@5e5073ab size = 2, maxSize = 32, parentContextCount = 0, hitCount = 278, missCount = 2]
15:19:38.767 [Test worker] DEBUG org.springframework.test.context.cache.DefaultCacheAwareContextLoaderDelegate - Retrieved ApplicationContext [2045706119] from cache with key [[MergedContextConfiguration@19bedeb8 testClass = StudentServiceImplTest, locations = '{}', classes = '{class net.javaguides.sms.service.impl.StudentServiceImpl}', contextInitializerClasses = '[]', activeProfiles = '{}', propertySourceLocations = '{}', propertySourceProperties = '{}', contextCustomizers = set[org.springframework.boot.test.autoconfigure.actuate.metrics.MetricsExportContextCustomizerFactory$DisableMetricExportContextCustomizer@3b79fd76, org.springframework.boot.test.autoconfigure.properties.PropertyMappingContextCustomizer@0, org.springframework.boot.test.autoconfigure.web.servlet.WebDriverContextCustomizerFactory$Customizer@14008db3, org.springframework.boot.test.context.filter.ExcludeFilterContextCustomizer@45ac5f9b, org.springframework.boot.test.json.DuplicateJsonObjectContextCustomizerFactory$DuplicateJsonObjectContextCustomizer@68034211, org.springframework.boot.test.mock.mockito.MockitoContextCustomizer@42cb8a60], contextLoader = 'org.springframework.test.context.support.DelegatingSmartContextLoader', parent = [null]]]
15:19:38.767 [Test worker] DEBUG org.springframework.test.context.cache - Spring test ApplicationContext cache statistics: [DefaultContextCache@5e5073ab size = 2, maxSize = 32, parentContextCount = 0, hitCount = 279, missCount = 2]
15:19:38.767 [Test worker] DEBUG org.springframework.test.context.support.AbstractDirtiesContextTestExecutionListener - After test method: context [DefaultTestContext@32f5ecc4 testClass = StudentServiceImplTest, testInstance = net.javaguides.sms.service.impl.StudentServiceImplTest@1ba467c2, testMethod = testSaveStudent@StudentServiceImplTest, testException = [null], mergedContextConfiguration = [MergedContextConfiguration@19bedeb8 testClass = StudentServiceImplTest, locations = '{}', classes = '{class net.javaguides.sms.service.impl.StudentServiceImpl}', contextInitializerClasses = '[]', activeProfiles = '{}', propertySourceLocations = '{}', propertySourceProperties = '{}', contextCustomizers = set[org.springframework.boot.test.autoconfigure.actuate.metrics.MetricsExportContextCustomizerFactory$DisableMetricExportContextCustomizer@3b79fd76, org.springframework.boot.test.autoconfigure.properties.PropertyMappingContextCustomizer@0, org.springframework.boot.test.autoconfigure.web.servlet.WebDriverContextCustomizerFactory$Customizer@14008db3, org.springframework.boot.test.context.filter.ExcludeFilterContextCustomizer@45ac5f9b, org.springframework.boot.test.json.DuplicateJsonObjectContextCustomizerFactory$DuplicateJsonObjectContextCustomizer@68034211, org.springframework.boot.test.mock.mockito.MockitoContextCustomizer@42cb8a60], contextLoader = 'org.springframework.test.context.support.DelegatingSmartContextLoader', parent = [null]], attributes = map['org.springframework.test.context.event.ApplicationEventsTestExecutionListener.recordApplicationEvents' -> false]], class annotated with @DirtiesContext [false] with mode [null], method annotated with @DirtiesContext [false] with mode [null].
15:19:38.767 [Test worker] DEBUG org.springframework.test.annotation.ProfileValueUtils - Retrieved @ProfileValueSourceConfiguration [null] for test class [net.javaguides.sms.service.impl.StudentServiceImplTest]
15:19:38.767 [Test worker] DEBUG org.springframework.test.annotation.ProfileValueUtils - Retrieved ProfileValueSource type [class org.springframework.test.annotation.SystemProfileValueSource] for class [net.javaguides.sms.service.impl.StudentServiceImplTest]
15:19:38.767 [Test worker] DEBUG org.springframework.test.context.cache.DefaultCacheAwareContextLoaderDelegate - Retrieved ApplicationContext [2045706119] from cache with key [[MergedContextConfiguration@19bedeb8 testClass = StudentServiceImplTest, locations = '{}', classes = '{class net.javaguides.sms.service.impl.StudentServiceImpl}', contextInitializerClasses = '[]', activeProfiles = '{}', propertySourceLocations = '{}', propertySourceProperties = '{}', contextCustomizers = set[org.springframework.boot.test.autoconfigure.actuate.metrics.MetricsExportContextCustomizerFactory$DisableMetricExportContextCustomizer@3b79fd76, org.springframework.boot.test.autoconfigure.properties.PropertyMappingContextCustomizer@0, org.springframework.boot.test.autoconfigure.web.servlet.WebDriverContextCustomizerFactory$Customizer@14008db3, org.springframework.boot.test.context.filter.ExcludeFilterContextCustomizer@45ac5f9b, org.springframework.boot.test.json.DuplicateJsonObjectContextCustomizerFactory$DuplicateJsonObjectContextCustomizer@68034211, org.springframework.boot.test.mock.mockito.MockitoContextCustomizer@42cb8a60], contextLoader = 'org.springframework.test.context.support.DelegatingSmartContextLoader', parent = [null]]]
15:19:38.767 [Test worker] DEBUG org.springframework.test.context.cache - Spring test ApplicationContext cache statistics: [DefaultContextCache@5e5073ab size = 2, maxSize = 32, parentContextCount = 0, hitCount = 280, missCount = 2]
15:19:38.767 [Test worker] DEBUG org.springframework.test.context.support.DependencyInjectionTestExecutionListener - Performing dependency injection for test context [[DefaultTestContext@32f5ecc4 testClass = StudentServiceImplTest, testInstance = net.javaguides.sms.service.impl.StudentServiceImplTest@29fe4840, testMethod = [null], testException = [null], mergedContextConfiguration = [MergedContextConfiguration@19bedeb8 testClass = StudentServiceImplTest, locations = '{}', classes = '{class net.javaguides.sms.service.impl.StudentServiceImpl}', contextInitializerClasses = '[]', activeProfiles = '{}', propertySourceLocations = '{}', propertySourceProperties = '{}', contextCustomizers = set[org.springframework.boot.test.autoconfigure.actuate.metrics.MetricsExportContextCustomizerFactory$DisableMetricExportContextCustomizer@3b79fd76, org.springframework.boot.test.autoconfigure.properties.PropertyMappingContextCustomizer@0, org.springframework.boot.test.autoconfigure.web.servlet.WebDriverContextCustomizerFactory$Customizer@14008db3, org.springframework.boot.test.context.filter.ExcludeFilterContextCustomizer@45ac5f9b, org.springframework.boot.test.json.DuplicateJsonObjectContextCustomizerFactory$DuplicateJsonObjectContextCustomizer@68034211, org.springframework.boot.test.mock.mockito.MockitoContextCustomizer@42cb8a60], contextLoader = 'org.springframework.test.context.support.DelegatingSmartContextLoader', parent = [null]], attributes = map['org.springframework.test.context.event.ApplicationEventsTestExecutionListener.recordApplicationEvents' -> false]]].
15:19:38.767 [Test worker] DEBUG org.springframework.test.context.cache.DefaultCacheAwareContextLoaderDelegate - Retrieved ApplicationContext [2045706119] from cache with key [[MergedContextConfiguration@19bedeb8 testClass = StudentServiceImplTest, locations = '{}', classes = '{class net.javaguides.sms.service.impl.StudentServiceImpl}', contextInitializerClasses = '[]', activeProfiles = '{}', propertySourceLocations = '{}', propertySourceProperties = '{}', contextCustomizers = set[org.springframework.boot.test.autoconfigure.actuate.metrics.MetricsExportContextCustomizerFactory$DisableMetricExportContextCustomizer@3b79fd76, org.springframework.boot.test.autoconfigure.properties.PropertyMappingContextCustomizer@0, org.springframework.boot.test.autoconfigure.web.servlet.WebDriverContextCustomizerFactory$Customizer@14008db3, org.springframework.boot.test.context.filter.ExcludeFilterContextCustomizer@45ac5f9b, org.springframework.boot.test.json.DuplicateJsonObjectContextCustomizerFactory$DuplicateJsonObjectContextCustomizer@68034211, org.springframework.boot.test.mock.mockito.MockitoContextCustomizer@42cb8a60], contextLoader = 'org.springframework.test.context.support.DelegatingSmartContextLoader', parent = [null]]]
15:19:38.767 [Test worker] DEBUG org.springframework.test.context.cache - Spring test ApplicationContext cache statistics: [DefaultContextCache@5e5073ab size = 2, maxSize = 32, parentContextCount = 0, hitCount = 281, missCount = 2]
15:19:38.767 [Test worker] DEBUG org.springframework.test.context.cache.DefaultCacheAwareContextLoaderDelegate - Retrieved ApplicationContext [2045706119] from cache with key [[MergedContextConfiguration@19bedeb8 testClass = StudentServiceImplTest, locations = '{}', classes = '{class net.javaguides.sms.service.impl.StudentServiceImpl}', contextInitializerClasses = '[]', activeProfiles = '{}', propertySourceLocations = '{}', propertySourceProperties = '{}', contextCustomizers = set[org.springframework.boot.test.autoconfigure.actuate.metrics.MetricsExportContextCustomizerFactory$DisableMetricExportContextCustomizer@3b79fd76, org.springframework.boot.test.autoconfigure.properties.PropertyMappingContextCustomizer@0, org.springframework.boot.test.autoconfigure.web.servlet.WebDriverContextCustomizerFactory$Customizer@14008db3, org.springframework.boot.test.context.filter.ExcludeFilterContextCustomizer@45ac5f9b, org.springframework.boot.test.json.DuplicateJsonObjectContextCustomizerFactory$DuplicateJsonObjectContextCustomizer@68034211, org.springframework.boot.test.mock.mockito.MockitoContextCustomizer@42cb8a60], contextLoader = 'org.springframework.test.context.support.DelegatingSmartContextLoader', parent = [null]]]
15:19:38.767 [Test worker] DEBUG org.springframework.test.context.cache - Spring test ApplicationContext cache statistics: [DefaultContextCache@5e5073ab size = 2, maxSize = 32, parentContextCount = 0, hitCount = 282, missCount = 2]
15:19:38.767 [Test worker] DEBUG org.springframework.test.context.support.AbstractDirtiesContextTestExecutionListener - Before test method: context [DefaultTestContext@32f5ecc4 testClass = StudentServiceImplTest, testInstance = net.javaguides.sms.service.impl.StudentServiceImplTest@29fe4840, testMethod = testUpdateStudent@StudentServiceImplTest, testException = [null], mergedContextConfiguration = [MergedContextConfiguration@19bedeb8 testClass = StudentServiceImplTest, locations = '{}', classes = '{class net.javaguides.sms.service.impl.StudentServiceImpl}', contextInitializerClasses = '[]', activeProfiles = '{}', propertySourceLocations = '{}', propertySourceProperties = '{}', contextCustomizers = set[org.springframework.boot.test.autoconfigure.actuate.metrics.MetricsExportContextCustomizerFactory$DisableMetricExportContextCustomizer@3b79fd76, org.springframework.boot.test.autoconfigure.properties.PropertyMappingContextCustomizer@0, org.springframework.boot.test.autoconfigure.web.servlet.WebDriverContextCustomizerFactory$Customizer@14008db3, org.springframework.boot.test.context.filter.ExcludeFilterContextCustomizer@45ac5f9b, org.springframework.boot.test.json.DuplicateJsonObjectContextCustomizerFactory$DuplicateJsonObjectContextCustomizer@68034211, org.springframework.boot.test.mock.mockito.MockitoContextCustomizer@42cb8a60], contextLoader = 'org.springframework.test.context.support.DelegatingSmartContextLoader', parent = [null]], attributes = map['org.springframework.test.context.event.ApplicationEventsTestExecutionListener.recordApplicationEvents' -> false]], class annotated with @DirtiesContext [false] with mode [null], method annotated with @DirtiesContext [false] with mode [null].
15:19:38.767 [Test worker] DEBUG org.springframework.test.context.cache.DefaultCacheAwareContextLoaderDelegate - Retrieved ApplicationContext [2045706119] from cache with key [[MergedContextConfiguration@19bedeb8 testClass = StudentServiceImplTest, locations = '{}', classes = '{class net.javaguides.sms.service.impl.StudentServiceImpl}', contextInitializerClasses = '[]', activeProfiles = '{}', propertySourceLocations = '{}', propertySourceProperties = '{}', contextCustomizers = set[org.springframework.boot.test.autoconfigure.actuate.metrics.MetricsExportContextCustomizerFactory$DisableMetricExportContextCustomizer@3b79fd76, org.springframework.boot.test.autoconfigure.properties.PropertyMappingContextCustomizer@0, org.springframework.boot.test.autoconfigure.web.servlet.WebDriverContextCustomizerFactory$Customizer@14008db3, org.springframework.boot.test.context.filter.ExcludeFilterContextCustomizer@45ac5f9b, org.springframework.boot.test.json.DuplicateJsonObjectContextCustomizerFactory$DuplicateJsonObjectContextCustomizer@68034211, org.springframework.boot.test.mock.mockito.MockitoContextCustomizer@42cb8a60], contextLoader = 'org.springframework.test.context.support.DelegatingSmartContextLoader', parent = [null]]]
15:19:38.767 [Test worker] DEBUG org.springframework.test.context.cache - Spring test ApplicationContext cache statistics: [DefaultContextCache@5e5073ab size = 2, maxSize = 32, parentContextCount = 0, hitCount = 283, missCount = 2]
15:19:38.767 [Test worker] DEBUG org.springframework.test.context.cache.DefaultCacheAwareContextLoaderDelegate - Retrieved ApplicationContext [2045706119] from cache with key [[MergedContextConfiguration@19bedeb8 testClass = StudentServiceImplTest, locations = '{}', classes = '{class net.javaguides.sms.service.impl.StudentServiceImpl}', contextInitializerClasses = '[]', activeProfiles = '{}', propertySourceLocations = '{}', propertySourceProperties = '{}', contextCustomizers = set[org.springframework.boot.test.autoconfigure.actuate.metrics.MetricsExportContextCustomizerFactory$DisableMetricExportContextCustomizer@3b79fd76, org.springframework.boot.test.autoconfigure.properties.PropertyMappingContextCustomizer@0, org.springframework.boot.test.autoconfigure.web.servlet.WebDriverContextCustomizerFactory$Customizer@14008db3, org.springframework.boot.test.context.filter.ExcludeFilterContextCustomizer@45ac5f9b, org.springframework.boot.test.json.DuplicateJsonObjectContextCustomizerFactory$DuplicateJsonObjectContextCustomizer@68034211, org.springframework.boot.test.mock.mockito.MockitoContextCustomizer@42cb8a60], contextLoader = 'org.springframework.test.context.support.DelegatingSmartContextLoader', parent = [null]]]
15:19:38.767 [Test worker] DEBUG org.springframework.test.context.cache - Spring test ApplicationContext cache statistics: [DefaultContextCache@5e5073ab size = 2, maxSize = 32, parentContextCount = 0, hitCount = 284, missCount = 2]
15:19:38.767 [Test worker] DEBUG org.springframework.test.context.cache.DefaultCacheAwareContextLoaderDelegate - Retrieved ApplicationContext [2045706119] from cache with key [[MergedContextConfiguration@19bedeb8 testClass = StudentServiceImplTest, locations = '{}', classes = '{class net.javaguides.sms.service.impl.StudentServiceImpl}', contextInitializerClasses = '[]', activeProfiles = '{}', propertySourceLocations = '{}', propertySourceProperties = '{}', contextCustomizers = set[org.springframework.boot.test.autoconfigure.actuate.metrics.MetricsExportContextCustomizerFactory$DisableMetricExportContextCustomizer@3b79fd76, org.springframework.boot.test.autoconfigure.properties.PropertyMappingContextCustomizer@0, org.springframework.boot.test.autoconfigure.web.servlet.WebDriverContextCustomizerFactory$Customizer@14008db3, org.springframework.boot.test.context.filter.ExcludeFilterContextCustomizer@45ac5f9b, org.springframework.boot.test.json.DuplicateJsonObjectContextCustomizerFactory$DuplicateJsonObjectContextCustomizer@68034211, org.springframework.boot.test.mock.mockito.MockitoContextCustomizer@42cb8a60], contextLoader = 'org.springframework.test.context.support.DelegatingSmartContextLoader', parent = [null]]]
15:19:38.767 [Test worker] DEBUG org.springframework.test.context.cache - Spring test ApplicationContext cache statistics: [DefaultContextCache@5e5073ab size = 2, maxSize = 32, parentContextCount = 0, hitCount = 285, missCount = 2]
15:19:38.767 [Test worker] DEBUG org.springframework.test.context.cache.DefaultCacheAwareContextLoaderDelegate - Retrieved ApplicationContext [2045706119] from cache with key [[MergedContextConfiguration@19bedeb8 testClass = StudentServiceImplTest, locations = '{}', classes = '{class net.javaguides.sms.service.impl.StudentServiceImpl}', contextInitializerClasses = '[]', activeProfiles = '{}', propertySourceLocations = '{}', propertySourceProperties = '{}', contextCustomizers = set[org.springframework.boot.test.autoconfigure.actuate.metrics.MetricsExportContextCustomizerFactory$DisableMetricExportContextCustomizer@3b79fd76, org.springframework.boot.test.autoconfigure.properties.PropertyMappingContextCustomizer@0, org.springframework.boot.test.autoconfigure.web.servlet.WebDriverContextCustomizerFactory$Customizer@14008db3, org.springframework.boot.test.context.filter.ExcludeFilterContextCustomizer@45ac5f9b, org.springframework.boot.test.json.DuplicateJsonObjectContextCustomizerFactory$DuplicateJsonObjectContextCustomizer@68034211, org.springframework.boot.test.mock.mockito.MockitoContextCustomizer@42cb8a60], contextLoader = 'org.springframework.test.context.support.DelegatingSmartContextLoader', parent = [null]]]
15:19:38.767 [Test worker] DEBUG org.springframework.test.context.cache - Spring test ApplicationContext cache statistics: [DefaultContextCache@5e5073ab size = 2, maxSize = 32, parentContextCount = 0, hitCount = 286, missCount = 2]
15:19:38.767 [Test worker] DEBUG org.springframework.test.context.cache.DefaultCacheAwareContextLoaderDelegate - Retrieved ApplicationContext [2045706119] from cache with key [[MergedContextConfiguration@19bedeb8 testClass = StudentServiceImplTest, locations = '{}', classes = '{class net.javaguides.sms.service.impl.StudentServiceImpl}', contextInitializerClasses = '[]', activeProfiles = '{}', propertySourceLocations = '{}', propertySourceProperties = '{}', contextCustomizers = set[org.springframework.boot.test.autoconfigure.actuate.metrics.MetricsExportContextCustomizerFactory$DisableMetricExportContextCustomizer@3b79fd76, org.springframework.boot.test.autoconfigure.properties.PropertyMappingContextCustomizer@0, org.springframework.boot.test.autoconfigure.web.servlet.WebDriverContextCustomizerFactory$Customizer@14008db3, org.springframework.boot.test.context.filter.ExcludeFilterContextCustomizer@45ac5f9b, org.springframework.boot.test.json.DuplicateJsonObjectContextCustomizerFactory$DuplicateJsonObjectContextCustomizer@68034211, org.springframework.boot.test.mock.mockito.MockitoContextCustomizer@42cb8a60], contextLoader = 'org.springframework.test.context.support.DelegatingSmartContextLoader', parent = [null]]]
15:19:38.767 [Test worker] DEBUG org.springframework.test.context.cache - Spring test ApplicationContext cache statistics: [DefaultContextCache@5e5073ab size = 2, maxSize = 32, parentContextCount = 0, hitCount = 287, missCount = 2]
15:19:38.767 [Test worker] DEBUG org.springframework.test.context.cache.DefaultCacheAwareContextLoaderDelegate - Retrieved ApplicationContext [2045706119] from cache with key [[MergedContextConfiguration@19bedeb8 testClass = StudentServiceImplTest, locations = '{}', classes = '{class net.javaguides.sms.service.impl.StudentServiceImpl}', contextInitializerClasses = '[]', activeProfiles = '{}', propertySourceLocations = '{}', propertySourceProperties = '{}', contextCustomizers = set[org.springframework.boot.test.autoconfigure.actuate.metrics.MetricsExportContextCustomizerFactory$DisableMetricExportContextCustomizer@3b79fd76, org.springframework.boot.test.autoconfigure.properties.PropertyMappingContextCustomizer@0, org.springframework.boot.test.autoconfigure.web.servlet.WebDriverContextCustomizerFactory$Customizer@14008db3, org.springframework.boot.test.context.filter.ExcludeFilterContextCustomizer@45ac5f9b, org.springframework.boot.test.json.DuplicateJsonObjectContextCustomizerFactory$DuplicateJsonObjectContextCustomizer@68034211, org.springframework.boot.test.mock.mockito.MockitoContextCustomizer@42cb8a60], contextLoader = 'org.springframework.test.context.support.DelegatingSmartContextLoader', parent = [null]]]
15:19:38.767 [Test worker] DEBUG org.springframework.test.context.cache - Spring test ApplicationContext cache statistics: [DefaultContextCache@5e5073ab size = 2, maxSize = 32, parentContextCount = 0, hitCount = 288, missCount = 2]
15:19:38.767 [Test worker] DEBUG org.springframework.test.context.cache.DefaultCacheAwareContextLoaderDelegate - Retrieved ApplicationContext [2045706119] from cache with key [[MergedContextConfiguration@19bedeb8 testClass = StudentServiceImplTest, locations = '{}', classes = '{class net.javaguides.sms.service.impl.StudentServiceImpl}', contextInitializerClasses = '[]', activeProfiles = '{}', propertySourceLocations = '{}', propertySourceProperties = '{}', contextCustomizers = set[org.springframework.boot.test.autoconfigure.actuate.metrics.MetricsExportContextCustomizerFactory$DisableMetricExportContextCustomizer@3b79fd76, org.springframework.boot.test.autoconfigure.properties.PropertyMappingContextCustomizer@0, org.springframework.boot.test.autoconfigure.web.servlet.WebDriverContextCustomizerFactory$Customizer@14008db3, org.springframework.boot.test.context.filter.ExcludeFilterContextCustomizer@45ac5f9b, org.springframework.boot.test.json.DuplicateJsonObjectContextCustomizerFactory$DuplicateJsonObjectContextCustomizer@68034211, org.springframework.boot.test.mock.mockito.MockitoContextCustomizer@42cb8a60], contextLoader = 'org.springframework.test.context.support.DelegatingSmartContextLoader', parent = [null]]]
15:19:38.767 [Test worker] DEBUG org.springframework.test.context.cache - Spring test ApplicationContext cache statistics: [DefaultContextCache@5e5073ab size = 2, maxSize = 32, parentContextCount = 0, hitCount = 289, missCount = 2]
15:19:38.767 [Test worker] DEBUG org.springframework.test.context.cache.DefaultCacheAwareContextLoaderDelegate - Retrieved ApplicationContext [2045706119] from cache with key [[MergedContextConfiguration@19bedeb8 testClass = StudentServiceImplTest, locations = '{}', classes = '{class net.javaguides.sms.service.impl.StudentServiceImpl}', contextInitializerClasses = '[]', activeProfiles = '{}', propertySourceLocations = '{}', propertySourceProperties = '{}', contextCustomizers = set[org.springframework.boot.test.autoconfigure.actuate.metrics.MetricsExportContextCustomizerFactory$DisableMetricExportContextCustomizer@3b79fd76, org.springframework.boot.test.autoconfigure.properties.PropertyMappingContextCustomizer@0, org.springframework.boot.test.autoconfigure.web.servlet.WebDriverContextCustomizerFactory$Customizer@14008db3, org.springframework.boot.test.context.filter.ExcludeFilterContextCustomizer@45ac5f9b, org.springframework.boot.test.json.DuplicateJsonObjectContextCustomizerFactory$DuplicateJsonObjectContextCustomizer@68034211, org.springframework.boot.test.mock.mockito.MockitoContextCustomizer@42cb8a60], contextLoader = 'org.springframework.test.context.support.DelegatingSmartContextLoader', parent = [null]]]
15:19:38.767 [Test worker] DEBUG org.springframework.test.context.cache - Spring test ApplicationContext cache statistics: [DefaultContextCache@5e5073ab size = 2, maxSize = 32, parentContextCount = 0, hitCount = 290, missCount = 2]
15:19:38.783 [Test worker] DEBUG org.springframework.test.context.cache.DefaultCacheAwareContextLoaderDelegate - Retrieved ApplicationContext [2045706119] from cache with key [[MergedContextConfiguration@19bedeb8 testClass = StudentServiceImplTest, locations = '{}', classes = '{class net.javaguides.sms.service.impl.StudentServiceImpl}', contextInitializerClasses = '[]', activeProfiles = '{}', propertySourceLocations = '{}', propertySourceProperties = '{}', contextCustomizers = set[org.springframework.boot.test.autoconfigure.actuate.metrics.MetricsExportContextCustomizerFactory$DisableMetricExportContextCustomizer@3b79fd76, org.springframework.boot.test.autoconfigure.properties.PropertyMappingContextCustomizer@0, org.springframework.boot.test.autoconfigure.web.servlet.WebDriverContextCustomizerFactory$Customizer@14008db3, org.springframework.boot.test.context.filter.ExcludeFilterContextCustomizer@45ac5f9b, org.springframework.boot.test.json.DuplicateJsonObjectContextCustomizerFactory$DuplicateJsonObjectContextCustomizer@68034211, org.springframework.boot.test.mock.mockito.MockitoContextCustomizer@42cb8a60], contextLoader = 'org.springframework.test.context.support.DelegatingSmartContextLoader', parent = [null]]]
15:19:38.783 [Test worker] DEBUG org.springframework.test.context.cache - Spring test ApplicationContext cache statistics: [DefaultContextCache@5e5073ab size = 2, maxSize = 32, parentContextCount = 0, hitCount = 291, missCount = 2]
15:19:38.783 [Test worker] DEBUG org.springframework.test.context.support.AbstractDirtiesContextTestExecutionListener - After test method: context [DefaultTestContext@32f5ecc4 testClass = StudentServiceImplTest, testInstance = net.javaguides.sms.service.impl.StudentServiceImplTest@29fe4840, testMethod = testUpdateStudent@StudentServiceImplTest, testException = [null], mergedContextConfiguration = [MergedContextConfiguration@19bedeb8 testClass = StudentServiceImplTest, locations = '{}', classes = '{class net.javaguides.sms.service.impl.StudentServiceImpl}', contextInitializerClasses = '[]', activeProfiles = '{}', propertySourceLocations = '{}', propertySourceProperties = '{}', contextCustomizers = set[org.springframework.boot.test.autoconfigure.actuate.metrics.MetricsExportContextCustomizerFactory$DisableMetricExportContextCustomizer@3b79fd76, org.springframework.boot.test.autoconfigure.properties.PropertyMappingContextCustomizer@0, org.springframework.boot.test.autoconfigure.web.servlet.WebDriverContextCustomizerFactory$Customizer@14008db3, org.springframework.boot.test.context.filter.ExcludeFilterContextCustomizer@45ac5f9b, org.springframework.boot.test.json.DuplicateJsonObjectContextCustomizerFactory$DuplicateJsonObjectContextCustomizer@68034211, org.springframework.boot.test.mock.mockito.MockitoContextCustomizer@42cb8a60], contextLoader = 'org.springframework.test.context.support.DelegatingSmartContextLoader', parent = [null]], attributes = map['org.springframework.test.context.event.ApplicationEventsTestExecutionListener.recordApplicationEvents' -> false]], class annotated with @DirtiesContext [false] with mode [null], method annotated with @DirtiesContext [false] with mode [null].
15:19:38.783 [Test worker] DEBUG org.springframework.test.annotation.ProfileValueUtils - Retrieved @ProfileValueSourceConfiguration [null] for test class [net.javaguides.sms.service.impl.StudentServiceImplTest]
15:19:38.783 [Test worker] DEBUG org.springframework.test.annotation.ProfileValueUtils - Retrieved ProfileValueSource type [class org.springframework.test.annotation.SystemProfileValueSource] for class [net.javaguides.sms.service.impl.StudentServiceImplTest]
15:19:38.783 [Test worker] DEBUG org.springframework.test.context.cache.DefaultCacheAwareContextLoaderDelegate - Retrieved ApplicationContext [2045706119] from cache with key [[MergedContextConfiguration@19bedeb8 testClass = StudentServiceImplTest, locations = '{}', classes = '{class net.javaguides.sms.service.impl.StudentServiceImpl}', contextInitializerClasses = '[]', activeProfiles = '{}', propertySourceLocations = '{}', propertySourceProperties = '{}', contextCustomizers = set[org.springframework.boot.test.autoconfigure.actuate.metrics.MetricsExportContextCustomizerFactory$DisableMetricExportContextCustomizer@3b79fd76, org.springframework.boot.test.autoconfigure.properties.PropertyMappingContextCustomizer@0, org.springframework.boot.test.autoconfigure.web.servlet.WebDriverContextCustomizerFactory$Customizer@14008db3, org.springframework.boot.test.context.filter.ExcludeFilterContextCustomizer@45ac5f9b, org.springframework.boot.test.json.DuplicateJsonObjectContextCustomizerFactory$DuplicateJsonObjectContextCustomizer@68034211, org.springframework.boot.test.mock.mockito.MockitoContextCustomizer@42cb8a60], contextLoader = 'org.springframework.test.context.support.DelegatingSmartContextLoader', parent = [null]]]
15:19:38.783 [Test worker] DEBUG org.springframework.test.context.cache - Spring test ApplicationContext cache statistics: [DefaultContextCache@5e5073ab size = 2, maxSize = 32, parentContextCount = 0, hitCount = 292, missCount = 2]
15:19:38.783 [Test worker] DEBUG org.springframework.test.context.support.DependencyInjectionTestExecutionListener - Performing dependency injection for test context [[DefaultTestContext@32f5ecc4 testClass = StudentServiceImplTest, testInstance = net.javaguides.sms.service.impl.StudentServiceImplTest@7f287b98, testMethod = [null], testException = [null], mergedContextConfiguration = [MergedContextConfiguration@19bedeb8 testClass = StudentServiceImplTest, locations = '{}', classes = '{class net.javaguides.sms.service.impl.StudentServiceImpl}', contextInitializerClasses = '[]', activeProfiles = '{}', propertySourceLocations = '{}', propertySourceProperties = '{}', contextCustomizers = set[org.springframework.boot.test.autoconfigure.actuate.metrics.MetricsExportContextCustomizerFactory$DisableMetricExportContextCustomizer@3b79fd76, org.springframework.boot.test.autoconfigure.properties.PropertyMappingContextCustomizer@0, org.springframework.boot.test.autoconfigure.web.servlet.WebDriverContextCustomizerFactory$Customizer@14008db3, org.springframework.boot.test.context.filter.ExcludeFilterContextCustomizer@45ac5f9b, org.springframework.boot.test.json.DuplicateJsonObjectContextCustomizerFactory$DuplicateJsonObjectContextCustomizer@68034211, org.springframework.boot.test.mock.mockito.MockitoContextCustomizer@42cb8a60], contextLoader = 'org.springframework.test.context.support.DelegatingSmartContextLoader', parent = [null]], attributes = map['org.springframework.test.context.event.ApplicationEventsTestExecutionListener.recordApplicationEvents' -> false]]].
15:19:38.783 [Test worker] DEBUG org.springframework.test.context.cache.DefaultCacheAwareContextLoaderDelegate - Retrieved ApplicationContext [2045706119] from cache with key [[MergedContextConfiguration@19bedeb8 testClass = StudentServiceImplTest, locations = '{}', classes = '{class net.javaguides.sms.service.impl.StudentServiceImpl}', contextInitializerClasses = '[]', activeProfiles = '{}', propertySourceLocations = '{}', propertySourceProperties = '{}', contextCustomizers = set[org.springframework.boot.test.autoconfigure.actuate.metrics.MetricsExportContextCustomizerFactory$DisableMetricExportContextCustomizer@3b79fd76, org.springframework.boot.test.autoconfigure.properties.PropertyMappingContextCustomizer@0, org.springframework.boot.test.autoconfigure.web.servlet.WebDriverContextCustomizerFactory$Customizer@14008db3, org.springframework.boot.test.context.filter.ExcludeFilterContextCustomizer@45ac5f9b, org.springframework.boot.test.json.DuplicateJsonObjectContextCustomizerFactory$DuplicateJsonObjectContextCustomizer@68034211, org.springframework.boot.test.mock.mockito.MockitoContextCustomizer@42cb8a60], contextLoader = 'org.springframework.test.context.support.DelegatingSmartContextLoader', parent = [null]]]
15:19:38.783 [Test worker] DEBUG org.springframework.test.context.cache - Spring test ApplicationContext cache statistics: [DefaultContextCache@5e5073ab size = 2, maxSize = 32, parentContextCount = 0, hitCount = 293, missCount = 2]
15:19:38.783 [Test worker] DEBUG org.springframework.test.context.cache.DefaultCacheAwareContextLoaderDelegate - Retrieved ApplicationContext [2045706119] from cache with key [[MergedContextConfiguration@19bedeb8 testClass = StudentServiceImplTest, locations = '{}', classes = '{class net.javaguides.sms.service.impl.StudentServiceImpl}', contextInitializerClasses = '[]', activeProfiles = '{}', propertySourceLocations = '{}', propertySourceProperties = '{}', contextCustomizers = set[org.springframework.boot.test.autoconfigure.actuate.metrics.MetricsExportContextCustomizerFactory$DisableMetricExportContextCustomizer@3b79fd76, org.springframework.boot.test.autoconfigure.properties.PropertyMappingContextCustomizer@0, org.springframework.boot.test.autoconfigure.web.servlet.WebDriverContextCustomizerFactory$Customizer@14008db3, org.springframework.boot.test.context.filter.ExcludeFilterContextCustomizer@45ac5f9b, org.springframework.boot.test.json.DuplicateJsonObjectContextCustomizerFactory$DuplicateJsonObjectContextCustomizer@68034211, org.springframework.boot.test.mock.mockito.MockitoContextCustomizer@42cb8a60], contextLoader = 'org.springframework.test.context.support.DelegatingSmartContextLoader', parent = [null]]]
15:19:38.783 [Test worker] DEBUG org.springframework.test.context.cache - Spring test ApplicationContext cache statistics: [DefaultContextCache@5e5073ab size = 2, maxSize = 32, parentContextCount = 0, hitCount = 294, missCount = 2]
15:19:38.783 [Test worker] DEBUG org.springframework.test.context.support.AbstractDirtiesContextTestExecutionListener - Before test method: context [DefaultTestContext@32f5ecc4 testClass = StudentServiceImplTest, testInstance = net.javaguides.sms.service.impl.StudentServiceImplTest@7f287b98, testMethod = testGetAllStudents@StudentServiceImplTest, testException = [null], mergedContextConfiguration = [MergedContextConfiguration@19bedeb8 testClass = StudentServiceImplTest, locations = '{}', classes = '{class net.javaguides.sms.service.impl.StudentServiceImpl}', contextInitializerClasses = '[]', activeProfiles = '{}', propertySourceLocations = '{}', propertySourceProperties = '{}', contextCustomizers = set[org.springframework.boot.test.autoconfigure.actuate.metrics.MetricsExportContextCustomizerFactory$DisableMetricExportContextCustomizer@3b79fd76, org.springframework.boot.test.autoconfigure.properties.PropertyMappingContextCustomizer@0, org.springframework.boot.test.autoconfigure.web.servlet.WebDriverContextCustomizerFactory$Customizer@14008db3, org.springframework.boot.test.context.filter.ExcludeFilterContextCustomizer@45ac5f9b, org.springframework.boot.test.json.DuplicateJsonObjectContextCustomizerFactory$DuplicateJsonObjectContextCustomizer@68034211, org.springframework.boot.test.mock.mockito.MockitoContextCustomizer@42cb8a60], contextLoader = 'org.springframework.test.context.support.DelegatingSmartContextLoader', parent = [null]], attributes = map['org.springframework.test.context.event.ApplicationEventsTestExecutionListener.recordApplicationEvents' -> false]], class annotated with @DirtiesContext [false] with mode [null], method annotated with @DirtiesContext [false] with mode [null].
15:19:38.783 [Test worker] DEBUG org.springframework.test.context.cache.DefaultCacheAwareContextLoaderDelegate - Retrieved ApplicationContext [2045706119] from cache with key [[MergedContextConfiguration@19bedeb8 testClass = StudentServiceImplTest, locations = '{}', classes = '{class net.javaguides.sms.service.impl.StudentServiceImpl}', contextInitializerClasses = '[]', activeProfiles = '{}', propertySourceLocations = '{}', propertySourceProperties = '{}', contextCustomizers = set[org.springframework.boot.test.autoconfigure.actuate.metrics.MetricsExportContextCustomizerFactory$DisableMetricExportContextCustomizer@3b79fd76, org.springframework.boot.test.autoconfigure.properties.PropertyMappingContextCustomizer@0, org.springframework.boot.test.autoconfigure.web.servlet.WebDriverContextCustomizerFactory$Customizer@14008db3, org.springframework.boot.test.context.filter.ExcludeFilterContextCustomizer@45ac5f9b, org.springframework.boot.test.json.DuplicateJsonObjectContextCustomizerFactory$DuplicateJsonObjectContextCustomizer@68034211, org.springframework.boot.test.mock.mockito.MockitoContextCustomizer@42cb8a60], contextLoader = 'org.springframework.test.context.support.DelegatingSmartContextLoader', parent = [null]]]
15:19:38.783 [Test worker] DEBUG org.springframework.test.context.cache - Spring test ApplicationContext cache statistics: [DefaultContextCache@5e5073ab size = 2, maxSize = 32, parentContextCount = 0, hitCount = 295, missCount = 2]
15:19:38.783 [Test worker] DEBUG org.springframework.test.context.cache.DefaultCacheAwareContextLoaderDelegate - Retrieved ApplicationContext [2045706119] from cache with key [[MergedContextConfiguration@19bedeb8 testClass = StudentServiceImplTest, locations = '{}', classes = '{class net.javaguides.sms.service.impl.StudentServiceImpl}', contextInitializerClasses = '[]', activeProfiles = '{}', propertySourceLocations = '{}', propertySourceProperties = '{}', contextCustomizers = set[org.springframework.boot.test.autoconfigure.actuate.metrics.MetricsExportContextCustomizerFactory$DisableMetricExportContextCustomizer@3b79fd76, org.springframework.boot.test.autoconfigure.properties.PropertyMappingContextCustomizer@0, org.springframework.boot.test.autoconfigure.web.servlet.WebDriverContextCustomizerFactory$Customizer@14008db3, org.springframework.boot.test.context.filter.ExcludeFilterContextCustomizer@45ac5f9b, org.springframework.boot.test.json.DuplicateJsonObjectContextCustomizerFactory$DuplicateJsonObjectContextCustomizer@68034211, org.springframework.boot.test.mock.mockito.MockitoContextCustomizer@42cb8a60], contextLoader = 'org.springframework.test.context.support.DelegatingSmartContextLoader', parent = [null]]]
15:19:38.783 [Test worker] DEBUG org.springframework.test.context.cache - Spring test ApplicationContext cache statistics: [DefaultContextCache@5e5073ab size = 2, maxSize = 32, parentContextCount = 0, hitCount = 296, missCount = 2]
15:19:38.783 [Test worker] DEBUG org.springframework.test.context.cache.DefaultCacheAwareContextLoaderDelegate - Retrieved ApplicationContext [2045706119] from cache with key [[MergedContextConfiguration@19bedeb8 testClass = StudentServiceImplTest, locations = '{}', classes = '{class net.javaguides.sms.service.impl.StudentServiceImpl}', contextInitializerClasses = '[]', activeProfiles = '{}', propertySourceLocations = '{}', propertySourceProperties = '{}', contextCustomizers = set[org.springframework.boot.test.autoconfigure.actuate.metrics.MetricsExportContextCustomizerFactory$DisableMetricExportContextCustomizer@3b79fd76, org.springframework.boot.test.autoconfigure.properties.PropertyMappingContextCustomizer@0, org.springframework.boot.test.autoconfigure.web.servlet.WebDriverContextCustomizerFactory$Customizer@14008db3, org.springframework.boot.test.context.filter.ExcludeFilterContextCustomizer@45ac5f9b, org.springframework.boot.test.json.DuplicateJsonObjectContextCustomizerFactory$DuplicateJsonObjectContextCustomizer@68034211, org.springframework.boot.test.mock.mockito.MockitoContextCustomizer@42cb8a60], contextLoader = 'org.springframework.test.context.support.DelegatingSmartContextLoader', parent = [null]]]
15:19:38.783 [Test worker] DEBUG org.springframework.test.context.cache - Spring test ApplicationContext cache statistics: [DefaultContextCache@5e5073ab size = 2, maxSize = 32, parentContextCount = 0, hitCount = 297, missCount = 2]
15:19:38.783 [Test worker] DEBUG org.springframework.test.context.cache.DefaultCacheAwareContextLoaderDelegate - Retrieved ApplicationContext [2045706119] from cache with key [[MergedContextConfiguration@19bedeb8 testClass = StudentServiceImplTest, locations = '{}', classes = '{class net.javaguides.sms.service.impl.StudentServiceImpl}', contextInitializerClasses = '[]', activeProfiles = '{}', propertySourceLocations = '{}', propertySourceProperties = '{}', contextCustomizers = set[org.springframework.boot.test.autoconfigure.actuate.metrics.MetricsExportContextCustomizerFactory$DisableMetricExportContextCustomizer@3b79fd76, org.springframework.boot.test.autoconfigure.properties.PropertyMappingContextCustomizer@0, org.springframework.boot.test.autoconfigure.web.servlet.WebDriverContextCustomizerFactory$Customizer@14008db3, org.springframework.boot.test.context.filter.ExcludeFilterContextCustomizer@45ac5f9b, org.springframework.boot.test.json.DuplicateJsonObjectContextCustomizerFactory$DuplicateJsonObjectContextCustomizer@68034211, org.springframework.boot.test.mock.mockito.MockitoContextCustomizer@42cb8a60], contextLoader = 'org.springframework.test.context.support.DelegatingSmartContextLoader', parent = [null]]]
15:19:38.783 [Test worker] DEBUG org.springframework.test.context.cache - Spring test ApplicationContext cache statistics: [DefaultContextCache@5e5073ab size = 2, maxSize = 32, parentContextCount = 0, hitCount = 298, missCount = 2]
15:19:38.783 [Test worker] DEBUG org.springframework.test.context.cache.DefaultCacheAwareContextLoaderDelegate - Retrieved ApplicationContext [2045706119] from cache with key [[MergedContextConfiguration@19bedeb8 testClass = StudentServiceImplTest, locations = '{}', classes = '{class net.javaguides.sms.service.impl.StudentServiceImpl}', contextInitializerClasses = '[]', activeProfiles = '{}', propertySourceLocations = '{}', propertySourceProperties = '{}', contextCustomizers = set[org.springframework.boot.test.autoconfigure.actuate.metrics.MetricsExportContextCustomizerFactory$DisableMetricExportContextCustomizer@3b79fd76, org.springframework.boot.test.autoconfigure.properties.PropertyMappingContextCustomizer@0, org.springframework.boot.test.autoconfigure.web.servlet.WebDriverContextCustomizerFactory$Customizer@14008db3, org.springframework.boot.test.context.filter.ExcludeFilterContextCustomizer@45ac5f9b, org.springframework.boot.test.json.DuplicateJsonObjectContextCustomizerFactory$DuplicateJsonObjectContextCustomizer@68034211, org.springframework.boot.test.mock.mockito.MockitoContextCustomizer@42cb8a60], contextLoader = 'org.springframework.test.context.support.DelegatingSmartContextLoader', parent = [null]]]
15:19:38.783 [Test worker] DEBUG org.springframework.test.context.cache - Spring test ApplicationContext cache statistics: [DefaultContextCache@5e5073ab size = 2, maxSize = 32, parentContextCount = 0, hitCount = 299, missCount = 2]
15:19:38.783 [Test worker] DEBUG org.springframework.test.context.cache.DefaultCacheAwareContextLoaderDelegate - Retrieved ApplicationContext [2045706119] from cache with key [[MergedContextConfiguration@19bedeb8 testClass = StudentServiceImplTest, locations = '{}', classes = '{class net.javaguides.sms.service.impl.StudentServiceImpl}', contextInitializerClasses = '[]', activeProfiles = '{}', propertySourceLocations = '{}', propertySourceProperties = '{}', contextCustomizers = set[org.springframework.boot.test.autoconfigure.actuate.metrics.MetricsExportContextCustomizerFactory$DisableMetricExportContextCustomizer@3b79fd76, org.springframework.boot.test.autoconfigure.properties.PropertyMappingContextCustomizer@0, org.springframework.boot.test.autoconfigure.web.servlet.WebDriverContextCustomizerFactory$Customizer@14008db3, org.springframework.boot.test.context.filter.ExcludeFilterContextCustomizer@45ac5f9b, org.springframework.boot.test.json.DuplicateJsonObjectContextCustomizerFactory$DuplicateJsonObjectContextCustomizer@68034211, org.springframework.boot.test.mock.mockito.MockitoContextCustomizer@42cb8a60], contextLoader = 'org.springframework.test.context.support.DelegatingSmartContextLoader', parent = [null]]]
15:19:38.783 [Test worker] DEBUG org.springframework.test.context.cache - Spring test ApplicationContext cache statistics: [DefaultContextCache@5e5073ab size = 2, maxSize = 32, parentContextCount = 0, hitCount = 300, missCount = 2]
15:19:38.783 [Test worker] DEBUG org.springframework.test.context.cache.DefaultCacheAwareContextLoaderDelegate - Retrieved ApplicationContext [2045706119] from cache with key [[MergedContextConfiguration@19bedeb8 testClass = StudentServiceImplTest, locations = '{}', classes = '{class net.javaguides.sms.service.impl.StudentServiceImpl}', contextInitializerClasses = '[]', activeProfiles = '{}', propertySourceLocations = '{}', propertySourceProperties = '{}', contextCustomizers = set[org.springframework.boot.test.autoconfigure.actuate.metrics.MetricsExportContextCustomizerFactory$DisableMetricExportContextCustomizer@3b79fd76, org.springframework.boot.test.autoconfigure.properties.PropertyMappingContextCustomizer@0, org.springframework.boot.test.autoconfigure.web.servlet.WebDriverContextCustomizerFactory$Customizer@14008db3, org.springframework.boot.test.context.filter.ExcludeFilterContextCustomizer@45ac5f9b, org.springframework.boot.test.json.DuplicateJsonObjectContextCustomizerFactory$DuplicateJsonObjectContextCustomizer@68034211, org.springframework.boot.test.mock.mockito.MockitoContextCustomizer@42cb8a60], contextLoader = 'org.springframework.test.context.support.DelegatingSmartContextLoader', parent = [null]]]
15:19:38.783 [Test worker] DEBUG org.springframework.test.context.cache - Spring test ApplicationContext cache statistics: [DefaultContextCache@5e5073ab size = 2, maxSize = 32, parentContextCount = 0, hitCount = 301, missCount = 2]
15:19:38.783 [Test worker] DEBUG org.springframework.test.context.cache.DefaultCacheAwareContextLoaderDelegate - Retrieved ApplicationContext [2045706119] from cache with key [[MergedContextConfiguration@19bedeb8 testClass = StudentServiceImplTest, locations = '{}', classes = '{class net.javaguides.sms.service.impl.StudentServiceImpl}', contextInitializerClasses = '[]', activeProfiles = '{}', propertySourceLocations = '{}', propertySourceProperties = '{}', contextCustomizers = set[org.springframework.boot.test.autoconfigure.actuate.metrics.MetricsExportContextCustomizerFactory$DisableMetricExportContextCustomizer@3b79fd76, org.springframework.boot.test.autoconfigure.properties.PropertyMappingContextCustomizer@0, org.springframework.boot.test.autoconfigure.web.servlet.WebDriverContextCustomizerFactory$Customizer@14008db3, org.springframework.boot.test.context.filter.ExcludeFilterContextCustomizer@45ac5f9b, org.springframework.boot.test.json.DuplicateJsonObjectContextCustomizerFactory$DuplicateJsonObjectContextCustomizer@68034211, org.springframework.boot.test.mock.mockito.MockitoContextCustomizer@42cb8a60], contextLoader = 'org.springframework.test.context.support.DelegatingSmartContextLoader', parent = [null]]]
15:19:38.783 [Test worker] DEBUG org.springframework.test.context.cache - Spring test ApplicationContext cache statistics: [DefaultContextCache@5e5073ab size = 2, maxSize = 32, parentContextCount = 0, hitCount = 302, missCount = 2]
15:19:38.783 [Test worker] DEBUG org.springframework.test.context.cache.DefaultCacheAwareContextLoaderDelegate - Retrieved ApplicationContext [2045706119] from cache with key [[MergedContextConfiguration@19bedeb8 testClass = StudentServiceImplTest, locations = '{}', classes = '{class net.javaguides.sms.service.impl.StudentServiceImpl}', contextInitializerClasses = '[]', activeProfiles = '{}', propertySourceLocations = '{}', propertySourceProperties = '{}', contextCustomizers = set[org.springframework.boot.test.autoconfigure.actuate.metrics.MetricsExportContextCustomizerFactory$DisableMetricExportContextCustomizer@3b79fd76, org.springframework.boot.test.autoconfigure.properties.PropertyMappingContextCustomizer@0, org.springframework.boot.test.autoconfigure.web.servlet.WebDriverContextCustomizerFactory$Customizer@14008db3, org.springframework.boot.test.context.filter.ExcludeFilterContextCustomizer@45ac5f9b, org.springframework.boot.test.json.DuplicateJsonObjectContextCustomizerFactory$DuplicateJsonObjectContextCustomizer@68034211, org.springframework.boot.test.mock.mockito.MockitoContextCustomizer@42cb8a60], contextLoader = 'org.springframework.test.context.support.DelegatingSmartContextLoader', parent = [null]]]
15:19:38.783 [Test worker] DEBUG org.springframework.test.context.cache - Spring test ApplicationContext cache statistics: [DefaultContextCache@5e5073ab size = 2, maxSize = 32, parentContextCount = 0, hitCount = 303, missCount = 2]
[...]
15:19:38.799 [Test worker] DEBUG org.springframework.test.context.cache - Spring test ApplicationContext cache statistics: [DefaultContextCache@5e5073ab size = 2, maxSize = 32, parentContextCount = 0, hitCount = 342, missCount = 2]
15:19:38.799 [Test worker] DEBUG org.springframework.test.context.support.AbstractDirtiesContextTestExecutionListener - Before test method: context [DefaultTestContext@32f5ecc4 testClass = StudentServiceImplTest, testInstance = net.javaguides.sms.service.impl.StudentServiceImplTest@553da911, testMethod = testConstructor@StudentServiceImplTest, testException = [null], mergedContextConfiguration = [MergedContextConfiguration@19bedeb8 testClass = StudentServiceImplTest, locations = '{}', classes = '{class net.javaguides.sms.service.impl.StudentServiceImpl}', contextInitializerClasses = '[]', activeProfiles = '{}', propertySourceLocations = '{}', propertySourceProperties = '{}', contextCustomizers = set[org.springframework.boot.test.autoconfigure.actuate.metrics.MetricsExportContextCustomizerFactory$DisableMetricExportContextCustomizer@3b79fd76, org.springframework.boot.test.autoconfigure.properties.PropertyMappingContextCustomizer@0, org.springframework.boot.test.autoconfigure.web.servlet.WebDriverContextCustomizerFactory$Customizer@14008db3, org.springframework.boot.test.context.filter.ExcludeFilterContextCustomizer@45ac5f9b, org.springframework.boot.test.json.DuplicateJsonObjectContextCustomizerFactory$DuplicateJsonObjectContextCustomizer@68034211, org.springframework.boot.test.mock.mockito.MockitoContextCustomizer@42cb8a60], contextLoader = 'org.springframework.test.context.support.DelegatingSmartContextLoader', parent = [null]], attributes = map['org.springframework.test.context.event.ApplicationEventsTestExecutionListener.recordApplicationEvents' -> false]], class annotated with @DirtiesContext [false] with mode [null], method annotated with @DirtiesContext [false] with mode [null].
15:19:38.799 [Test worker] DEBUG org.springframework.test.context.cache.DefaultCacheAwareContextLoaderDelegate - Retrieved ApplicationContext [2045706119] from cache with key [[MergedContextConfiguration@19bedeb8 testClass = StudentServiceImplTest, locations = '{}', classes = '{class net.javaguides.sms.service.impl.StudentServiceImpl}', contextInitializerClasses = '[]', activeProfiles = '{}', propertySourceLocations = '{}', propertySourceProperties = '{}', contextCustomizers = set[org.springframework.boot.test.autoconfigure.actuate.metrics.MetricsExportContextCustomizerFactory$DisableMetricExportContextCustomizer@3b79fd76, org.springframework.boot.test.autoconfigure.properties.PropertyMappingContextCustomizer@0, org.springframework.boot.test.autoconfigure.web.servlet.WebDriverContextCustomizerFactory$Customizer@14008db3, org.springframework.boot.test.context.filter.ExcludeFilterContextCustomizer@45ac5f9b, org.springframework.boot.test.json.DuplicateJsonObjectContextCustomizerFactory$DuplicateJsonObjectContextCustomizer@68034211, org.springframework.boot.test.mock.mockito.MockitoContextCustomizer@42cb8a60], contextLoader = 'org.springframework.test.context.support.DelegatingSmartContextLoader', parent = [null]]]
15:19:38.799 [Test worker] DEBUG org.springframework.test.context.cache - Spring test ApplicationContext cache statistics: [DefaultContextCache@5e5073ab size = 2, maxSize = 32, parentContextCount = 0, hitCount = 343, missCount = 2]
15:19:38.799 [Test worker] DEBUG org.springframework.test.context.cache.DefaultCacheAwareContextLoaderDelegate - Retrieved ApplicationContext [2045706119] from cache with key [[MergedContextConfiguration@19bedeb8 testClass = StudentServiceImplTest, locations = '{}', classes = '{class net.javaguides.sms.service.impl.StudentServiceImpl}', contextInitializerClasses = '[]', activeProfiles = '{}', propertySourceLocations = '{}', propertySourceProperties = '{}', contextCustomizers = set[org.springframework.boot.test.autoconfigure.actuate.metrics.MetricsExportContextCustomizerFactory$DisableMetricExportContextCustomizer@3b79fd76, org.springframework.boot.test.autoconfigure.properties.PropertyMappingContextCustomizer@0, org.springframework.boot.test.autoconfigure.web.servlet.WebDriverContextCustomizerFactory$Customizer@14008db3, org.springframework.boot.test.context.filter.ExcludeFilterContextCustomizer@45ac5f9b, org.springframework.boot.test.json.DuplicateJsonObjectContextCustomizerFactory$DuplicateJsonObjectContextCustomizer@68034211, org.springframework.boot.test.mock.mockito.MockitoContextCustomizer@42cb8a60], contextLoader = 'org.springframework.test.context.support.DelegatingSmartContextLoader', parent = [null]]]
15:19:38.799 [Test worker] DEBUG org.springframework.test.context.cache - Spring test ApplicationContext cache statistics: [DefaultContextCache@5e5073ab size = 2, maxSize = 32, parentContextCount = 0, hitCount = 344, missCount = 2]
15:19:38.799 [Test worker] DEBUG org.springframework.test.context.cache.DefaultCacheAwareContextLoaderDelegate - Retrieved ApplicationContext [2045706119] from cache with key [[MergedContextConfiguration@19bedeb8 testClass = StudentServiceImplTest, locations = '{}', classes = '{class net.javaguides.sms.service.impl.StudentServiceImpl}', contextInitializerClasses = '[]', activeProfiles = '{}', propertySourceLocations = '{}', propertySourceProperties = '{}', contextCustomizers = set[org.springframework.boot.test.autoconfigure.actuate.metrics.MetricsExportContextCustomizerFactory$DisableMetricExportContextCustomizer@3b79fd76, org.springframework.boot.test.autoconfigure.properties.PropertyMappingContextCustomizer@0, org.springframework.boot.test.autoconfigure.web.servlet.WebDriverContextCustomizerFactory$Customizer@14008db3, org.springframework.boot.test.context.filter.ExcludeFilterContextCustomizer@45ac5f9b, org.springframework.boot.test.json.DuplicateJsonObjectContextCustomizerFactory$DuplicateJsonObjectContextCustomizer@68034211, org.springframework.boot.test.mock.mockito.MockitoContextCustomizer@42cb8a60], contextLoader = 'org.springframework.test.context.support.DelegatingSmartContextLoader', parent = [null]]]
15:19:38.799 [Test worker] DEBUG org.springframework.test.context.cache - Spring test ApplicationContext cache statistics: [DefaultContextCache@5e5073ab size = 2, maxSize = 32, parentContextCount = 0, hitCount = 345, missCount = 2]
15:19:38.799 [Test worker] DEBUG org.springframework.test.context.cache.DefaultCacheAwareContextLoaderDelegate - Retrieved ApplicationContext [2045706119] from cache with key [[MergedContextConfiguration@19bedeb8 testClass = StudentServiceImplTest, locations = '{}', classes = '{class net.javaguides.sms.service.impl.StudentServiceImpl}', contextInitializerClasses = '[]', activeProfiles = '{}', propertySourceLocations = '{}', propertySourceProperties = '{}', contextCustomizers = set[org.springframework.boot.test.autoconfigure.actuate.metrics.MetricsExportContextCustomizerFactory$DisableMetricExportContextCustomizer@3b79fd76, org.springframework.boot.test.autoconfigure.properties.PropertyMappingContextCustomizer@0, org.springframework.boot.test.autoconfigure.web.servlet.WebDriverContextCustomizerFactory$Customizer@14008db3, org.springframework.boot.test.context.filter.ExcludeFilterContextCustomizer@45ac5f9b, org.springframework.boot.test.json.DuplicateJsonObjectContextCustomizerFactory$DuplicateJsonObjectContextCustomizer@68034211, org.springframework.boot.test.mock.mockito.MockitoContextCustomizer@42cb8a60], contextLoader = 'org.springframework.test.context.support.DelegatingSmartContextLoader', parent = [null]]]
15:19:38.799 [Test worker] DEBUG org.springframework.test.context.cache - Spring test ApplicationContext cache statistics: [DefaultContextCache@5e5073ab size = 2, maxSize = 32, parentContextCount = 0, hitCount = 346, missCount = 2]
15:19:38.799 [Test worker] DEBUG org.springframework.test.context.cache.DefaultCacheAwareContextLoaderDelegate - Retrieved ApplicationContext [2045706119] from cache with key [[MergedContextConfiguration@19bedeb8 testClass = StudentServiceImplTest, locations = '{}', classes = '{class net.javaguides.sms.service.impl.StudentServiceImpl}', contextInitializerClasses = '[]', activeProfiles = '{}', propertySourceLocations = '{}', propertySourceProperties = '{}', contextCustomizers = set[org.springframework.boot.test.autoconfigure.actuate.metrics.MetricsExportContextCustomizerFactory$DisableMetricExportContextCustomizer@3b79fd76, org.springframework.boot.test.autoconfigure.properties.PropertyMappingContextCustomizer@0, org.springframework.boot.test.autoconfigure.web.servlet.WebDriverContextCustomizerFactory$Customizer@14008db3, org.springframework.boot.test.context.filter.ExcludeFilterContextCustomizer@45ac5f9b, org.springframework.boot.test.json.DuplicateJsonObjectContextCustomizerFactory$DuplicateJsonObjectContextCustomizer@68034211, org.springframework.boot.test.mock.mockito.MockitoContextCustomizer@42cb8a60], contextLoader = 'org.springframework.test.context.support.DelegatingSmartContextLoader', parent = [null]]]
15:19:38.799 [Test worker] DEBUG org.springframework.test.context.cache - Spring test ApplicationContext cache statistics: [DefaultContextCache@5e5073ab size = 2, maxSize = 32, parentContextCount = 0, hitCount = 347, missCount = 2]
15:19:38.799 [Test worker] DEBUG org.springframework.test.context.cache.DefaultCacheAwareContextLoaderDelegate - Retrieved ApplicationContext [2045706119] from cache with key [[MergedContextConfiguration@19bedeb8 testClass = StudentServiceImplTest, locations = '{}', classes = '{class net.javaguides.sms.service.impl.StudentServiceImpl}', contextInitializerClasses = '[]', activeProfiles = '{}', propertySourceLocations = '{}', propertySourceProperties = '{}', contextCustomizers = set[org.springframework.boot.test.autoconfigure.actuate.metrics.MetricsExportContextCustomizerFactory$DisableMetricExportContextCustomizer@3b79fd76, org.springframework.boot.test.autoconfigure.properties.PropertyMappingContextCustomizer@0, org.springframework.boot.test.autoconfigure.web.servlet.WebDriverContextCustomizerFactory$Customizer@14008db3, org.springframework.boot.test.context.filter.ExcludeFilterContextCustomizer@45ac5f9b, org.springframework.boot.test.json.DuplicateJsonObjectContextCustomizerFactory$DuplicateJsonObjectContextCustomizer@68034211, org.springframework.boot.test.mock.mockito.MockitoContextCustomizer@42cb8a60], contextLoader = 'org.springframework.test.context.support.DelegatingSmartContextLoader', parent = [null]]]
15:19:38.799 [Test worker] DEBUG org.springframework.test.context.cache - Spring test ApplicationContext cache statistics: [DefaultContextCache@5e5073ab size = 2, maxSize = 32, parentContextCount = 0, hitCount = 348, missCount = 2]
15:19:38.799 [Test worker] DEBUG org.springframework.test.context.cache.DefaultCacheAwareContextLoaderDelegate - Retrieved ApplicationContext [2045706119] from cache with key [[MergedContextConfiguration@19bedeb8 testClass = StudentServiceImplTest, locations = '{}', classes = '{class net.javaguides.sms.service.impl.StudentServiceImpl}', contextInitializerClasses = '[]', activeProfiles = '{}', propertySourceLocations = '{}', propertySourceProperties = '{}', contextCustomizers = set[org.springframework.boot.test.autoconfigure.actuate.metrics.MetricsExportContextCustomizerFactory$DisableMetricExportContextCustomizer@3b79fd76, org.springframework.boot.test.autoconfigure.properties.PropertyMappingContextCustomizer@0, org.springframework.boot.test.autoconfigure.web.servlet.WebDriverContextCustomizerFactory$Customizer@14008db3, org.springframework.boot.test.context.filter.ExcludeFilterContextCustomizer@45ac5f9b, org.springframework.boot.test.json.DuplicateJsonObjectContextCustomizerFactory$DuplicateJsonObjectContextCustomizer@68034211, org.springframework.boot.test.mock.mockito.MockitoContextCustomizer@42cb8a60], contextLoader = 'org.springframework.test.context.support.DelegatingSmartContextLoader', parent = [null]]]
15:19:38.799 [Test worker] DEBUG org.springframework.test.context.cache - Spring test ApplicationContext cache statistics: [DefaultContextCache@5e5073ab size = 2, maxSize = 32, parentContextCount = 0, hitCount = 349, missCount = 2]
15:19:38.799 [Test worker] DEBUG org.springframework.test.context.cache.DefaultCacheAwareContextLoaderDelegate - Retrieved ApplicationContext [2045706119] from cache with key [[MergedContextConfiguration@19bedeb8 testClass = StudentServiceImplTest, locations = '{}', classes = '{class net.javaguides.sms.service.impl.StudentServiceImpl}', contextInitializerClasses = '[]', activeProfiles = '{}', propertySourceLocations = '{}', propertySourceProperties = '{}', contextCustomizers = set[org.springframework.boot.test.autoconfigure.actuate.metrics.MetricsExportContextCustomizerFactory$DisableMetricExportContextCustomizer@3b79fd76, org.springframework.boot.test.autoconfigure.properties.PropertyMappingContextCustomizer@0, org.springframework.boot.test.autoconfigure.web.servlet.WebDriverContextCustomizerFactory$Customizer@14008db3, org.springframework.boot.test.context.filter.ExcludeFilterContextCustomizer@45ac5f9b, org.springframework.boot.test.json.DuplicateJsonObjectContextCustomizerFactory$DuplicateJsonObjectContextCustomizer@68034211, org.springframework.boot.test.mock.mockito.MockitoContextCustomizer@42cb8a60], contextLoader = 'org.springframework.test.context.support.DelegatingSmartContextLoader', parent = [null]]]
15:19:38.799 [Test worker] DEBUG org.springframework.test.context.cache - Spring test ApplicationContext cache statistics: [DefaultContextCache@5e5073ab size = 2, maxSize = 32, parentContextCount = 0, hitCount = 350, missCount = 2]
15:19:38.799 [Test worker] DEBUG org.springframework.test.context.cache.DefaultCacheAwareContextLoaderDelegate - Retrieved ApplicationContext [2045706119] from cache with key [[MergedContextConfiguration@19bedeb8 testClass = StudentServiceImplTest, locations = '{}', classes = '{class net.javaguides.sms.service.impl.StudentServiceImpl}', contextInitializerClasses = '[]', activeProfiles = '{}', propertySourceLocations = '{}', propertySourceProperties = '{}', contextCustomizers = set[org.springframework.boot.test.autoconfigure.actuate.metrics.MetricsExportContextCustomizerFactory$DisableMetricExportContextCustomizer@3b79fd76, org.springframework.boot.test.autoconfigure.properties.PropertyMappingContextCustomizer@0, org.springframework.boot.test.autoconfigure.web.servlet.WebDriverContextCustomizerFactory$Customizer@14008db3, org.springframework.boot.test.context.filter.ExcludeFilterContextCustomizer@45ac5f9b, org.springframework.boot.test.json.DuplicateJsonObjectContextCustomizerFactory$DuplicateJsonObjectContextCustomizer@68034211, org.springframework.boot.test.mock.mockito.MockitoContextCustomizer@42cb8a60], contextLoader = 'org.springframework.test.context.support.DelegatingSmartContextLoader', parent = [null]]]
15:19:38.799 [Test worker] DEBUG org.springframework.test.context.cache - Spring test ApplicationContext cache statistics: [DefaultContextCache@5e5073ab size = 2, maxSize = 32, parentContextCount = 0, hitCount = 351, missCount = 2]
15:19:38.799 [Test worker] DEBUG org.springframework.test.context.support.AbstractDirtiesContextTestExecutionListener - After test method: context [DefaultTestContext@32f5ecc4 testClass = StudentServiceImplTest, testInstance = net.javaguides.sms.service.impl.StudentServiceImplTest@553da911, testMethod = testConstructor@StudentServiceImplTest, testException = [null], mergedContextConfiguration = [MergedContextConfiguration@19bedeb8 testClass = StudentServiceImplTest, locations = '{}', classes = '{class net.javaguides.sms.service.impl.StudentServiceImpl}', contextInitializerClasses = '[]', activeProfiles = '{}', propertySourceLocations = '{}', propertySourceProperties = '{}', contextCustomizers = set[org.springframework.boot.test.autoconfigure.actuate.metrics.MetricsExportContextCustomizerFactory$DisableMetricExportContextCustomizer@3b79fd76, org.springframework.boot.test.autoconfigure.properties.PropertyMappingContextCustomizer@0, org.springframework.boot.test.autoconfigure.web.servlet.WebDriverContextCustomizerFactory$Customizer@14008db3, org.springframework.boot.test.context.filter.ExcludeFilterContextCustomizer@45ac5f9b, org.springframework.boot.test.json.DuplicateJsonObjectContextCustomizerFactory$DuplicateJsonObjectContextCustomizer@68034211, org.springframework.boot.test.mock.mockito.MockitoContextCustomizer@42cb8a60], contextLoader = 'org.springframework.test.context.support.DelegatingSmartContextLoader', parent = [null]], attributes = map['org.springframework.test.context.event.ApplicationEventsTestExecutionListener.recordApplicationEvents' -> false]], class annotated with @DirtiesContext [false] with mode [null], method annotated with @DirtiesContext [false] with mode [null].
15:19:38.799 [Test worker] DEBUG org.springframework.test.context.cache.DefaultCacheAwareContextLoaderDelegate - Retrieved ApplicationContext [2045706119] from cache with key [[MergedContextConfiguration@19bedeb8 testClass = StudentServiceImplTest, locations = '{}', classes = '{class net.javaguides.sms.service.impl.StudentServiceImpl}', contextInitializerClasses = '[]', activeProfiles = '{}', propertySourceLocations = '{}', propertySourceProperties = '{}', contextCustomizers = set[org.springframework.boot.test.autoconfigure.actuate.metrics.MetricsExportContextCustomizerFactory$DisableMetricExportContextCustomizer@3b79fd76, org.springframework.boot.test.autoconfigure.properties.PropertyMappingContextCustomizer@0, org.springframework.boot.test.autoconfigure.web.servlet.WebDriverContextCustomizerFactory$Customizer@14008db3, org.springframework.boot.test.context.filter.ExcludeFilterContextCustomizer@45ac5f9b, org.springframework.boot.test.json.DuplicateJsonObjectContextCustomizerFactory$DuplicateJsonObjectContextCustomizer@68034211, org.springframework.boot.test.mock.mockito.MockitoContextCustomizer@42cb8a60], contextLoader = 'org.springframework.test.context.support.DelegatingSmartContextLoader', parent = [null]]]
15:19:38.799 [Test worker] DEBUG org.springframework.test.context.cache - Spring test ApplicationContext cache statistics: [DefaultContextCache@5e5073ab size = 2, maxSize = 32, parentContextCount = 0, hitCount = 352, missCount = 2]
15:19:38.799 [Test worker] DEBUG org.springframework.test.context.support.AbstractDirtiesContextTestExecutionListener - After test class: context [DefaultTestContext@32f5ecc4 testClass = StudentServiceImplTest, testInstance = [null], testMethod = [null], testException = [null], mergedContextConfiguration = [MergedContextConfiguration@19bedeb8 testClass = StudentServiceImplTest, locations = '{}', classes = '{class net.javaguides.sms.service.impl.StudentServiceImpl}', contextInitializerClasses = '[]', activeProfiles = '{}', propertySourceLocations = '{}', propertySourceProperties = '{}', contextCustomizers = set[org.springframework.boot.test.autoconfigure.actuate.metrics.MetricsExportContextCustomizerFactory$DisableMetricExportContextCustomizer@3b79fd76, org.springframework.boot.test.autoconfigure.properties.PropertyMappingContextCustomizer@0, org.springframework.boot.test.autoconfigure.web.servlet.WebDriverContextCustomizerFactory$Customizer@14008db3, org.springframework.boot.test.context.filter.ExcludeFilterContextCustomizer@45ac5f9b, org.springframework.boot.test.json.DuplicateJsonObjectContextCustomizerFactory$DuplicateJsonObjectContextCustomizer@68034211, org.springframework.boot.test.mock.mockito.MockitoContextCustomizer@42cb8a60], contextLoader = 'org.springframework.test.context.support.DelegatingSmartContextLoader', parent = [null]], attributes = map['org.springframework.test.context.event.ApplicationEventsTestExecutionListener.recordApplicationEvents' -> false]], class annotated with @DirtiesContext [false] with mode [null].
]]></system-out>
  <system-err><![CDATA[]]></system-err>
</testsuite>
